[0.029s] Invoking command in '/home/ken/tello_ros_ws/build/tello_msg': CMAKE_PREFIX_PATH=/opt/ros/humble /usr/bin/cmake --build /home/ken/tello_ros_ws/build/tello_msg -- -j4 -l4
[0.121s] [  2%] Built target tello_msg__cpp
[0.127s] [ 12%] Built target tello_msg__rosidl_generator_c
[0.155s] [ 12%] Built target ament_cmake_python_symlink_tello_msg
[0.194s] [ 23%] Built target tello_msg__rosidl_typesupport_fastrtps_cpp
[0.195s] [ 34%] Built target tello_msg__rosidl_typesupport_introspection_cpp
[0.196s] [ 44%] Built target tello_msg__rosidl_typesupport_cpp
[0.233s] [ 55%] Built target tello_msg__rosidl_typesupport_fastrtps_c
[0.243s] [ 65%] Built target tello_msg__rosidl_typesupport_c
[0.248s] [ 76%] Built target tello_msg__rosidl_typesupport_introspection_c
[0.280s] [ 76%] Built target tello_msg
[0.307s] [ 78%] Built target tello_msg__py
[0.338s] [ 87%] Built target tello_msg__rosidl_generator_py
[0.397s] [ 91%] Built target tello_msg__rosidl_typesupport_introspection_c__pyext
[0.402s] [ 95%] Built target tello_msg__rosidl_typesupport_fastrtps_c__pyext
[0.405s] [100%] Built target tello_msg__rosidl_typesupport_c__pyext
[0.696s] running egg_info
[0.696s] writing tello_msg.egg-info/PKG-INFO
[0.696s] writing dependency_links to tello_msg.egg-info/dependency_links.txt
[0.697s] writing top-level names to tello_msg.egg-info/top_level.txt
[0.700s] reading manifest file 'tello_msg.egg-info/SOURCES.txt'
[0.701s] writing manifest file 'tello_msg.egg-info/SOURCES.txt'
[0.757s] [100%] Built target ament_cmake_python_build_tello_msg_egg
[0.780s] Invoked command in '/home/ken/tello_ros_ws/build/tello_msg' returned '0': CMAKE_PREFIX_PATH=/opt/ros/humble /usr/bin/cmake --build /home/ken/tello_ros_ws/build/tello_msg -- -j4 -l4
[0.918s] Invoking command in '/home/ken/tello_ros_ws/build/tello_msg': CMAKE_PREFIX_PATH=/opt/ros/humble /usr/bin/cmake --install /home/ken/tello_ros_ws/build/tello_msg
[0.929s] -- Install configuration: ""
[0.930s] -- Execute custom install script
[0.930s] -- Up-to-date symlink: /home/ken/tello_ros_ws/install/tello_msg/share/ament_index/resource_index/rosidl_interfaces/tello_msg
[0.931s] -- Up-to-date symlink: /home/ken/tello_ros_ws/install/tello_msg/include/tello_msg/tello_msg/msg/detail/tello_id__functions.h
[0.931s] -- Up-to-date symlink: /home/ken/tello_ros_ws/install/tello_msg/include/tello_msg/tello_msg/msg/detail/tello_id__struct.h
[0.931s] -- Up-to-date symlink: /home/ken/tello_ros_ws/install/tello_msg/include/tello_msg/tello_msg/msg/detail/tello_id__type_support.h
[0.931s] -- Up-to-date symlink: /home/ken/tello_ros_ws/install/tello_msg/include/tello_msg/tello_msg/msg/detail/tello_status__functions.h
[0.932s] -- Up-to-date symlink: /home/ken/tello_ros_ws/install/tello_msg/include/tello_msg/tello_msg/msg/detail/tello_status__struct.h
[0.932s] -- Up-to-date symlink: /home/ken/tello_ros_ws/install/tello_msg/include/tello_msg/tello_msg/msg/detail/tello_status__type_support.h
[0.932s] -- Up-to-date symlink: /home/ken/tello_ros_ws/install/tello_msg/include/tello_msg/tello_msg/msg/detail/tello_wifi_config__functions.h
[0.932s] -- Up-to-date symlink: /home/ken/tello_ros_ws/install/tello_msg/include/tello_msg/tello_msg/msg/detail/tello_wifi_config__struct.h
[0.932s] -- Up-to-date symlink: /home/ken/tello_ros_ws/install/tello_msg/include/tello_msg/tello_msg/msg/detail/tello_wifi_config__type_support.h
[0.933s] -- Up-to-date symlink: /home/ken/tello_ros_ws/install/tello_msg/include/tello_msg/tello_msg/msg/rosidl_generator_c__visibility_control.h
[0.933s] -- Up-to-date symlink: /home/ken/tello_ros_ws/install/tello_msg/include/tello_msg/tello_msg/msg/tello_id.h
[0.933s] -- Up-to-date symlink: /home/ken/tello_ros_ws/install/tello_msg/include/tello_msg/tello_msg/msg/tello_status.h
[0.933s] -- Up-to-date symlink: /home/ken/tello_ros_ws/install/tello_msg/include/tello_msg/tello_msg/msg/tello_wifi_config.h
[0.934s] -- Up-to-date symlink: /home/ken/tello_ros_ws/install/tello_msg/share/tello_msg/environment/library_path.sh
[0.934s] -- Up-to-date symlink: /home/ken/tello_ros_ws/install/tello_msg/share/tello_msg/environment/library_path.dsv
[0.935s] -- Up-to-date symlink: /home/ken/tello_ros_ws/install/tello_msg/include/tello_msg/tello_msg/msg/detail/tello_id__rosidl_typesupport_fastrtps_c.h
[0.935s] -- Up-to-date symlink: /home/ken/tello_ros_ws/install/tello_msg/include/tello_msg/tello_msg/msg/detail/tello_status__rosidl_typesupport_fastrtps_c.h
[0.935s] -- Up-to-date symlink: /home/ken/tello_ros_ws/install/tello_msg/include/tello_msg/tello_msg/msg/detail/tello_wifi_config__rosidl_typesupport_fastrtps_c.h
[0.936s] -- Up-to-date symlink: /home/ken/tello_ros_ws/install/tello_msg/include/tello_msg/tello_msg/msg/rosidl_typesupport_fastrtps_c__visibility_control.h
[0.937s] -- Up-to-date symlink: /home/ken/tello_ros_ws/install/tello_msg/include/tello_msg/tello_msg/msg/detail/tello_id__rosidl_typesupport_introspection_c.h
[0.937s] -- Up-to-date symlink: /home/ken/tello_ros_ws/install/tello_msg/include/tello_msg/tello_msg/msg/detail/tello_status__rosidl_typesupport_introspection_c.h
[0.937s] -- Up-to-date symlink: /home/ken/tello_ros_ws/install/tello_msg/include/tello_msg/tello_msg/msg/detail/tello_wifi_config__rosidl_typesupport_introspection_c.h
[0.938s] -- Up-to-date symlink: /home/ken/tello_ros_ws/install/tello_msg/include/tello_msg/tello_msg/msg/rosidl_typesupport_introspection_c__visibility_control.h
[0.938s] -- Up-to-date symlink: /home/ken/tello_ros_ws/install/tello_msg/include/tello_msg/tello_msg/msg/detail/tello_id__builder.hpp
[0.938s] -- Up-to-date symlink: /home/ken/tello_ros_ws/install/tello_msg/include/tello_msg/tello_msg/msg/detail/tello_id__struct.hpp
[0.939s] -- Up-to-date symlink: /home/ken/tello_ros_ws/install/tello_msg/include/tello_msg/tello_msg/msg/detail/tello_id__traits.hpp
[0.939s] -- Up-to-date symlink: /home/ken/tello_ros_ws/install/tello_msg/include/tello_msg/tello_msg/msg/detail/tello_status__builder.hpp
[0.939s] -- Up-to-date symlink: /home/ken/tello_ros_ws/install/tello_msg/include/tello_msg/tello_msg/msg/detail/tello_status__struct.hpp
[0.939s] -- Up-to-date symlink: /home/ken/tello_ros_ws/install/tello_msg/include/tello_msg/tello_msg/msg/detail/tello_status__traits.hpp
[0.940s] -- Up-to-date symlink: /home/ken/tello_ros_ws/install/tello_msg/include/tello_msg/tello_msg/msg/detail/tello_wifi_config__builder.hpp
[0.940s] -- Up-to-date symlink: /home/ken/tello_ros_ws/install/tello_msg/include/tello_msg/tello_msg/msg/detail/tello_wifi_config__struct.hpp
[0.941s] -- Up-to-date symlink: /home/ken/tello_ros_ws/install/tello_msg/include/tello_msg/tello_msg/msg/detail/tello_wifi_config__traits.hpp
[0.941s] -- Up-to-date symlink: /home/ken/tello_ros_ws/install/tello_msg/include/tello_msg/tello_msg/msg/tello_id.hpp
[0.941s] -- Up-to-date symlink: /home/ken/tello_ros_ws/install/tello_msg/include/tello_msg/tello_msg/msg/tello_status.hpp
[0.941s] -- Up-to-date symlink: /home/ken/tello_ros_ws/install/tello_msg/include/tello_msg/tello_msg/msg/tello_wifi_config.hpp
[0.942s] -- Up-to-date symlink: /home/ken/tello_ros_ws/install/tello_msg/include/tello_msg/tello_msg/msg/detail/tello_id__rosidl_typesupport_fastrtps_cpp.hpp
[0.942s] -- Up-to-date symlink: /home/ken/tello_ros_ws/install/tello_msg/include/tello_msg/tello_msg/msg/detail/tello_status__rosidl_typesupport_fastrtps_cpp.hpp
[0.942s] -- Up-to-date symlink: /home/ken/tello_ros_ws/install/tello_msg/include/tello_msg/tello_msg/msg/detail/tello_wifi_config__rosidl_typesupport_fastrtps_cpp.hpp
[0.943s] -- Up-to-date symlink: /home/ken/tello_ros_ws/install/tello_msg/include/tello_msg/tello_msg/msg/rosidl_typesupport_fastrtps_cpp__visibility_control.h
[0.943s] -- Up-to-date symlink: /home/ken/tello_ros_ws/install/tello_msg/include/tello_msg/tello_msg/msg/detail/tello_id__rosidl_typesupport_introspection_cpp.hpp
[0.944s] -- Up-to-date symlink: /home/ken/tello_ros_ws/install/tello_msg/include/tello_msg/tello_msg/msg/detail/tello_status__rosidl_typesupport_introspection_cpp.hpp
[0.944s] -- Up-to-date symlink: /home/ken/tello_ros_ws/install/tello_msg/include/tello_msg/tello_msg/msg/detail/tello_wifi_config__rosidl_typesupport_introspection_cpp.hpp
[0.945s] -- Up-to-date symlink: /home/ken/tello_ros_ws/install/tello_msg/share/tello_msg/environment/pythonpath.sh
[0.946s] -- Up-to-date symlink: /home/ken/tello_ros_ws/install/tello_msg/share/tello_msg/environment/pythonpath.dsv
[0.946s] -- Up-to-date symlink: /home/ken/tello_ros_ws/install/tello_msg/local/lib/python3.10/dist-packages/tello_msg-0.0.1-py3.10.egg-info/PKG-INFO
[0.946s] -- Up-to-date symlink: /home/ken/tello_ros_ws/install/tello_msg/local/lib/python3.10/dist-packages/tello_msg-0.0.1-py3.10.egg-info/SOURCES.txt
[0.946s] -- Up-to-date symlink: /home/ken/tello_ros_ws/install/tello_msg/local/lib/python3.10/dist-packages/tello_msg-0.0.1-py3.10.egg-info/dependency_links.txt
[0.946s] -- Up-to-date symlink: /home/ken/tello_ros_ws/install/tello_msg/local/lib/python3.10/dist-packages/tello_msg-0.0.1-py3.10.egg-info/top_level.txt
[0.948s] -- Up-to-date symlink: /home/ken/tello_ros_ws/install/tello_msg/local/lib/python3.10/dist-packages/tello_msg/__init__.py
[0.948s] -- Up-to-date symlink: /home/ken/tello_ros_ws/install/tello_msg/local/lib/python3.10/dist-packages/tello_msg/_tello_msg_s.ep.rosidl_typesupport_c.c
[0.949s] -- Up-to-date symlink: /home/ken/tello_ros_ws/install/tello_msg/local/lib/python3.10/dist-packages/tello_msg/_tello_msg_s.ep.rosidl_typesupport_fastrtps_c.c
[0.949s] -- Up-to-date symlink: /home/ken/tello_ros_ws/install/tello_msg/local/lib/python3.10/dist-packages/tello_msg/_tello_msg_s.ep.rosidl_typesupport_introspection_c.c
[0.949s] -- Up-to-date symlink: /home/ken/tello_ros_ws/install/tello_msg/local/lib/python3.10/dist-packages/tello_msg/libtello_msg__rosidl_generator_py.so
[0.950s] -- Up-to-date symlink: /home/ken/tello_ros_ws/install/tello_msg/local/lib/python3.10/dist-packages/tello_msg/msg/__init__.py
[0.950s] -- Up-to-date symlink: /home/ken/tello_ros_ws/install/tello_msg/local/lib/python3.10/dist-packages/tello_msg/msg/_tello_id.py
[0.950s] -- Up-to-date symlink: /home/ken/tello_ros_ws/install/tello_msg/local/lib/python3.10/dist-packages/tello_msg/msg/_tello_id_s.c
[0.950s] -- Up-to-date symlink: /home/ken/tello_ros_ws/install/tello_msg/local/lib/python3.10/dist-packages/tello_msg/msg/_tello_status.py
[0.950s] -- Up-to-date symlink: /home/ken/tello_ros_ws/install/tello_msg/local/lib/python3.10/dist-packages/tello_msg/msg/_tello_status_s.c
[0.950s] -- Up-to-date symlink: /home/ken/tello_ros_ws/install/tello_msg/local/lib/python3.10/dist-packages/tello_msg/msg/_tello_wifi_config.py
[0.951s] -- Up-to-date symlink: /home/ken/tello_ros_ws/install/tello_msg/local/lib/python3.10/dist-packages/tello_msg/msg/_tello_wifi_config_s.c
[0.951s] -- Up-to-date symlink: /home/ken/tello_ros_ws/install/tello_msg/local/lib/python3.10/dist-packages/tello_msg/tello_msg_s__rosidl_typesupport_c.cpython-310-x86_64-linux-gnu.so
[0.951s] -- Up-to-date symlink: /home/ken/tello_ros_ws/install/tello_msg/local/lib/python3.10/dist-packages/tello_msg/tello_msg_s__rosidl_typesupport_fastrtps_c.cpython-310-x86_64-linux-gnu.so
[0.951s] -- Up-to-date symlink: /home/ken/tello_ros_ws/install/tello_msg/local/lib/python3.10/dist-packages/tello_msg/tello_msg_s__rosidl_typesupport_introspection_c.cpython-310-x86_64-linux-gnu.so
[0.952s] -- Up-to-date symlink: /home/ken/tello_ros_ws/install/tello_msg/local/lib/python3.10/dist-packages/tello_msg/tello_msg_s__rosidl_typesupport_fastrtps_c.cpython-310-x86_64-linux-gnu.so
[0.952s] -- Up-to-date symlink: /home/ken/tello_ros_ws/install/tello_msg/local/lib/python3.10/dist-packages/tello_msg/tello_msg_s__rosidl_typesupport_introspection_c.cpython-310-x86_64-linux-gnu.so
[0.952s] -- Up-to-date symlink: /home/ken/tello_ros_ws/install/tello_msg/local/lib/python3.10/dist-packages/tello_msg/tello_msg_s__rosidl_typesupport_c.cpython-310-x86_64-linux-gnu.so
[0.953s] -- Up-to-date symlink: /home/ken/tello_ros_ws/install/tello_msg/share/tello_msg/msg/TelloStatus.idl
[0.953s] -- Up-to-date symlink: /home/ken/tello_ros_ws/install/tello_msg/share/tello_msg/msg/TelloID.idl
[0.954s] -- Up-to-date symlink: /home/ken/tello_ros_ws/install/tello_msg/share/tello_msg/msg/TelloWifiConfig.idl
[0.954s] -- Up-to-date symlink: /home/ken/tello_ros_ws/install/tello_msg/share/tello_msg/msg/TelloStatus.msg
[0.954s] -- Up-to-date symlink: /home/ken/tello_ros_ws/install/tello_msg/share/tello_msg/msg/TelloID.msg
[0.954s] -- Up-to-date symlink: /home/ken/tello_ros_ws/install/tello_msg/share/tello_msg/msg/TelloWifiConfig.msg
[0.955s] -- Up-to-date symlink: /home/ken/tello_ros_ws/install/tello_msg/share/ament_index/resource_index/package_run_dependencies/tello_msg
[0.955s] -- Up-to-date symlink: /home/ken/tello_ros_ws/install/tello_msg/share/ament_index/resource_index/parent_prefix_path/tello_msg
[0.955s] -- Up-to-date symlink: /home/ken/tello_ros_ws/install/tello_msg/share/tello_msg/environment/ament_prefix_path.sh
[0.956s] -- Up-to-date symlink: /home/ken/tello_ros_ws/install/tello_msg/share/tello_msg/environment/ament_prefix_path.dsv
[0.956s] -- Up-to-date symlink: /home/ken/tello_ros_ws/install/tello_msg/share/tello_msg/environment/path.sh
[0.956s] -- Up-to-date symlink: /home/ken/tello_ros_ws/install/tello_msg/share/tello_msg/environment/path.dsv
[0.957s] -- Up-to-date symlink: /home/ken/tello_ros_ws/install/tello_msg/share/tello_msg/local_setup.bash
[0.957s] -- Up-to-date symlink: /home/ken/tello_ros_ws/install/tello_msg/share/tello_msg/local_setup.sh
[0.957s] -- Up-to-date symlink: /home/ken/tello_ros_ws/install/tello_msg/share/tello_msg/local_setup.zsh
[0.958s] -- Up-to-date symlink: /home/ken/tello_ros_ws/install/tello_msg/share/tello_msg/local_setup.dsv
[0.958s] -- Symlinking: /home/ken/tello_ros_ws/install/tello_msg/share/tello_msg/package.dsv
[0.969s] -- Up-to-date symlink: /home/ken/tello_ros_ws/install/tello_msg/share/ament_index/resource_index/packages/tello_msg
[0.970s] -- Up-to-date symlink: /home/ken/tello_ros_ws/install/tello_msg/share/tello_msg/cmake/rosidl_cmake-extras.cmake
[0.970s] -- Up-to-date symlink: /home/ken/tello_ros_ws/install/tello_msg/share/tello_msg/cmake/ament_cmake_export_dependencies-extras.cmake
[0.970s] -- Up-to-date symlink: /home/ken/tello_ros_ws/install/tello_msg/share/tello_msg/cmake/ament_cmake_export_include_directories-extras.cmake
[0.971s] -- Up-to-date symlink: /home/ken/tello_ros_ws/install/tello_msg/share/tello_msg/cmake/ament_cmake_export_libraries-extras.cmake
[0.972s] -- Up-to-date symlink: /home/ken/tello_ros_ws/install/tello_msg/share/tello_msg/cmake/ament_cmake_export_targets-extras.cmake
[0.972s] -- Up-to-date symlink: /home/ken/tello_ros_ws/install/tello_msg/share/tello_msg/cmake/rosidl_cmake_export_typesupport_targets-extras.cmake
[0.972s] -- Up-to-date symlink: /home/ken/tello_ros_ws/install/tello_msg/share/tello_msg/cmake/rosidl_cmake_export_typesupport_libraries-extras.cmake
[0.972s] -- Up-to-date symlink: /home/ken/tello_ros_ws/install/tello_msg/share/tello_msg/cmake/tello_msgConfig.cmake
[0.972s] -- Up-to-date symlink: /home/ken/tello_ros_ws/install/tello_msg/share/tello_msg/cmake/tello_msgConfig-version.cmake
[0.973s] -- Up-to-date symlink: /home/ken/tello_ros_ws/install/tello_msg/share/tello_msg/package.xml
[0.973s] -- Up-to-date: /home/ken/tello_ros_ws/install/tello_msg/lib/libtello_msg__rosidl_generator_c.so
[0.974s] -- Up-to-date: /home/ken/tello_ros_ws/install/tello_msg/lib/libtello_msg__rosidl_typesupport_fastrtps_c.so
[0.975s] -- Up-to-date: /home/ken/tello_ros_ws/install/tello_msg/lib/libtello_msg__rosidl_typesupport_introspection_c.so
[0.975s] -- Up-to-date: /home/ken/tello_ros_ws/install/tello_msg/lib/libtello_msg__rosidl_typesupport_c.so
[0.976s] -- Up-to-date: /home/ken/tello_ros_ws/install/tello_msg/lib/libtello_msg__rosidl_typesupport_fastrtps_cpp.so
[0.977s] -- Up-to-date: /home/ken/tello_ros_ws/install/tello_msg/lib/libtello_msg__rosidl_typesupport_introspection_cpp.so
[0.977s] -- Up-to-date: /home/ken/tello_ros_ws/install/tello_msg/lib/libtello_msg__rosidl_typesupport_cpp.so
[1.017s] Listing '/home/ken/tello_ros_ws/install/tello_msg/local/lib/python3.10/dist-packages/tello_msg'...
[1.017s] Listing '/home/ken/tello_ros_ws/install/tello_msg/local/lib/python3.10/dist-packages/tello_msg/msg'...
[1.023s] -- Up-to-date: /home/ken/tello_ros_ws/install/tello_msg/lib/libtello_msg__rosidl_generator_py.so
[1.024s] -- Up-to-date: /home/ken/tello_ros_ws/install/tello_msg/share/tello_msg/cmake/export_tello_msg__rosidl_generator_cExport.cmake
[1.024s] -- Up-to-date: /home/ken/tello_ros_ws/install/tello_msg/share/tello_msg/cmake/export_tello_msg__rosidl_generator_cExport-noconfig.cmake
[1.024s] -- Up-to-date: /home/ken/tello_ros_ws/install/tello_msg/share/tello_msg/cmake/export_tello_msg__rosidl_typesupport_fastrtps_cExport.cmake
[1.024s] -- Up-to-date: /home/ken/tello_ros_ws/install/tello_msg/share/tello_msg/cmake/export_tello_msg__rosidl_typesupport_fastrtps_cExport-noconfig.cmake
[1.024s] -- Up-to-date: /home/ken/tello_ros_ws/install/tello_msg/share/tello_msg/cmake/tello_msg__rosidl_typesupport_introspection_cExport.cmake
[1.025s] -- Up-to-date: /home/ken/tello_ros_ws/install/tello_msg/share/tello_msg/cmake/tello_msg__rosidl_typesupport_introspection_cExport-noconfig.cmake
[1.025s] -- Up-to-date: /home/ken/tello_ros_ws/install/tello_msg/share/tello_msg/cmake/tello_msg__rosidl_typesupport_cExport.cmake
[1.025s] -- Up-to-date: /home/ken/tello_ros_ws/install/tello_msg/share/tello_msg/cmake/tello_msg__rosidl_typesupport_cExport-noconfig.cmake
[1.025s] -- Up-to-date: /home/ken/tello_ros_ws/install/tello_msg/share/tello_msg/cmake/export_tello_msg__rosidl_generator_cppExport.cmake
[1.025s] -- Up-to-date: /home/ken/tello_ros_ws/install/tello_msg/share/tello_msg/cmake/export_tello_msg__rosidl_typesupport_fastrtps_cppExport.cmake
[1.025s] -- Up-to-date: /home/ken/tello_ros_ws/install/tello_msg/share/tello_msg/cmake/export_tello_msg__rosidl_typesupport_fastrtps_cppExport-noconfig.cmake
[1.025s] -- Up-to-date: /home/ken/tello_ros_ws/install/tello_msg/share/tello_msg/cmake/tello_msg__rosidl_typesupport_introspection_cppExport.cmake
[1.026s] -- Up-to-date: /home/ken/tello_ros_ws/install/tello_msg/share/tello_msg/cmake/tello_msg__rosidl_typesupport_introspection_cppExport-noconfig.cmake
[1.027s] -- Up-to-date: /home/ken/tello_ros_ws/install/tello_msg/share/tello_msg/cmake/tello_msg__rosidl_typesupport_cppExport.cmake
[1.027s] -- Up-to-date: /home/ken/tello_ros_ws/install/tello_msg/share/tello_msg/cmake/tello_msg__rosidl_typesupport_cppExport-noconfig.cmake
[1.027s] -- Up-to-date: /home/ken/tello_ros_ws/install/tello_msg/share/tello_msg/cmake/export_tello_msg__rosidl_generator_pyExport.cmake
[1.028s] -- Up-to-date: /home/ken/tello_ros_ws/install/tello_msg/share/tello_msg/cmake/export_tello_msg__rosidl_generator_pyExport-noconfig.cmake
[1.030s] Invoked command in '/home/ken/tello_ros_ws/build/tello_msg' returned '0': CMAKE_PREFIX_PATH=/opt/ros/humble /usr/bin/cmake --install /home/ken/tello_ros_ws/build/tello_msg
