[0.030s] Invoking command in '/home/ken/tello_ros_ws/build/tello_msg': CMAKE_PREFIX_PATH=/opt/ros/humble /usr/bin/cmake --build /home/ken/tello_ros_ws/build/tello_msg -- -j4 -l4
[0.131s] [  2%] Built target tello_msg__cpp
[0.150s] [ 12%] Built target tello_msg__rosidl_generator_c
[0.156s] [ 12%] Built target ament_cmake_python_symlink_tello_msg
[0.197s] [ 23%] Built target tello_msg__rosidl_typesupport_cpp
[0.204s] [ 34%] Built target tello_msg__rosidl_typesupport_fastrtps_cpp
[0.208s] [ 44%] Built target tello_msg__rosidl_typesupport_introspection_cpp
[0.223s] [ 55%] Built target tello_msg__rosidl_typesupport_fastrtps_c
[0.244s] [ 65%] Built target tello_msg__rosidl_typesupport_introspection_c
[0.249s] [ 76%] Built target tello_msg__rosidl_typesupport_c
[0.285s] [ 76%] Built target tello_msg
[0.323s] [ 78%] Built target tello_msg__py
[0.365s] [ 87%] Built target tello_msg__rosidl_generator_py
[0.418s] [ 91%] Built target tello_msg__rosidl_typesupport_fastrtps_c__pyext
[0.421s] [ 95%] Built target tello_msg__rosidl_typesupport_introspection_c__pyext
[0.431s] [100%] Built target tello_msg__rosidl_typesupport_c__pyext
[0.684s] running egg_info
[0.684s] writing tello_msg.egg-info/PKG-INFO
[0.684s] writing dependency_links to tello_msg.egg-info/dependency_links.txt
[0.690s] writing top-level names to tello_msg.egg-info/top_level.txt
[0.714s] reading manifest file 'tello_msg.egg-info/SOURCES.txt'
[0.714s] writing manifest file 'tello_msg.egg-info/SOURCES.txt'
[0.763s] [100%] Built target ament_cmake_python_build_tello_msg_egg
[0.798s] Invoked command in '/home/ken/tello_ros_ws/build/tello_msg' returned '0': CMAKE_PREFIX_PATH=/opt/ros/humble /usr/bin/cmake --build /home/ken/tello_ros_ws/build/tello_msg -- -j4 -l4
[0.981s] Invoking command in '/home/ken/tello_ros_ws/build/tello_msg': CMAKE_PREFIX_PATH=/opt/ros/humble /usr/bin/cmake --install /home/ken/tello_ros_ws/build/tello_msg
[0.991s] -- Install configuration: ""
[0.991s] -- Execute custom install script
[0.992s] -- Up-to-date symlink: /home/ken/tello_ros_ws/install/tello_msg/share/ament_index/resource_index/rosidl_interfaces/tello_msg
[0.993s] -- Up-to-date symlink: /home/ken/tello_ros_ws/install/tello_msg/include/tello_msg/tello_msg/msg/detail/tello_id__functions.h
[0.993s] -- Up-to-date symlink: /home/ken/tello_ros_ws/install/tello_msg/include/tello_msg/tello_msg/msg/detail/tello_id__struct.h
[0.993s] -- Up-to-date symlink: /home/ken/tello_ros_ws/install/tello_msg/include/tello_msg/tello_msg/msg/detail/tello_id__type_support.h
[0.993s] -- Up-to-date symlink: /home/ken/tello_ros_ws/install/tello_msg/include/tello_msg/tello_msg/msg/detail/tello_status__functions.h
[0.993s] -- Up-to-date symlink: /home/ken/tello_ros_ws/install/tello_msg/include/tello_msg/tello_msg/msg/detail/tello_status__struct.h
[0.994s] -- Up-to-date symlink: /home/ken/tello_ros_ws/install/tello_msg/include/tello_msg/tello_msg/msg/detail/tello_status__type_support.h
[0.994s] -- Up-to-date symlink: /home/ken/tello_ros_ws/install/tello_msg/include/tello_msg/tello_msg/msg/detail/tello_wifi_config__functions.h
[0.994s] -- Up-to-date symlink: /home/ken/tello_ros_ws/install/tello_msg/include/tello_msg/tello_msg/msg/detail/tello_wifi_config__struct.h
[0.994s] -- Up-to-date symlink: /home/ken/tello_ros_ws/install/tello_msg/include/tello_msg/tello_msg/msg/detail/tello_wifi_config__type_support.h
[0.995s] -- Up-to-date symlink: /home/ken/tello_ros_ws/install/tello_msg/include/tello_msg/tello_msg/msg/rosidl_generator_c__visibility_control.h
[0.995s] -- Up-to-date symlink: /home/ken/tello_ros_ws/install/tello_msg/include/tello_msg/tello_msg/msg/tello_id.h
[0.995s] -- Up-to-date symlink: /home/ken/tello_ros_ws/install/tello_msg/include/tello_msg/tello_msg/msg/tello_status.h
[0.995s] -- Up-to-date symlink: /home/ken/tello_ros_ws/install/tello_msg/include/tello_msg/tello_msg/msg/tello_wifi_config.h
[0.996s] -- Up-to-date symlink: /home/ken/tello_ros_ws/install/tello_msg/share/tello_msg/environment/library_path.sh
[0.996s] -- Up-to-date symlink: /home/ken/tello_ros_ws/install/tello_msg/share/tello_msg/environment/library_path.dsv
[0.997s] -- Up-to-date symlink: /home/ken/tello_ros_ws/install/tello_msg/include/tello_msg/tello_msg/msg/detail/tello_id__rosidl_typesupport_fastrtps_c.h
[0.997s] -- Up-to-date symlink: /home/ken/tello_ros_ws/install/tello_msg/include/tello_msg/tello_msg/msg/detail/tello_status__rosidl_typesupport_fastrtps_c.h
[0.998s] -- Up-to-date symlink: /home/ken/tello_ros_ws/install/tello_msg/include/tello_msg/tello_msg/msg/detail/tello_wifi_config__rosidl_typesupport_fastrtps_c.h
[0.998s] -- Up-to-date symlink: /home/ken/tello_ros_ws/install/tello_msg/include/tello_msg/tello_msg/msg/rosidl_typesupport_fastrtps_c__visibility_control.h
[0.998s] -- Up-to-date symlink: /home/ken/tello_ros_ws/install/tello_msg/include/tello_msg/tello_msg/msg/detail/tello_id__rosidl_typesupport_introspection_c.h
[0.999s] -- Up-to-date symlink: /home/ken/tello_ros_ws/install/tello_msg/include/tello_msg/tello_msg/msg/detail/tello_status__rosidl_typesupport_introspection_c.h
[0.999s] -- Up-to-date symlink: /home/ken/tello_ros_ws/install/tello_msg/include/tello_msg/tello_msg/msg/detail/tello_wifi_config__rosidl_typesupport_introspection_c.h
[0.999s] -- Up-to-date symlink: /home/ken/tello_ros_ws/install/tello_msg/include/tello_msg/tello_msg/msg/rosidl_typesupport_introspection_c__visibility_control.h
[1.000s] -- Up-to-date symlink: /home/ken/tello_ros_ws/install/tello_msg/include/tello_msg/tello_msg/msg/detail/tello_id__builder.hpp
[1.000s] -- Up-to-date symlink: /home/ken/tello_ros_ws/install/tello_msg/include/tello_msg/tello_msg/msg/detail/tello_id__struct.hpp
[1.000s] -- Up-to-date symlink: /home/ken/tello_ros_ws/install/tello_msg/include/tello_msg/tello_msg/msg/detail/tello_id__traits.hpp
[1.001s] -- Up-to-date symlink: /home/ken/tello_ros_ws/install/tello_msg/include/tello_msg/tello_msg/msg/detail/tello_status__builder.hpp
[1.001s] -- Up-to-date symlink: /home/ken/tello_ros_ws/install/tello_msg/include/tello_msg/tello_msg/msg/detail/tello_status__struct.hpp
[1.001s] -- Up-to-date symlink: /home/ken/tello_ros_ws/install/tello_msg/include/tello_msg/tello_msg/msg/detail/tello_status__traits.hpp
[1.001s] -- Up-to-date symlink: /home/ken/tello_ros_ws/install/tello_msg/include/tello_msg/tello_msg/msg/detail/tello_wifi_config__builder.hpp
[1.002s] -- Up-to-date symlink: /home/ken/tello_ros_ws/install/tello_msg/include/tello_msg/tello_msg/msg/detail/tello_wifi_config__struct.hpp
[1.002s] -- Up-to-date symlink: /home/ken/tello_ros_ws/install/tello_msg/include/tello_msg/tello_msg/msg/detail/tello_wifi_config__traits.hpp
[1.002s] -- Up-to-date symlink: /home/ken/tello_ros_ws/install/tello_msg/include/tello_msg/tello_msg/msg/tello_id.hpp
[1.002s] -- Up-to-date symlink: /home/ken/tello_ros_ws/install/tello_msg/include/tello_msg/tello_msg/msg/tello_status.hpp
[1.003s] -- Up-to-date symlink: /home/ken/tello_ros_ws/install/tello_msg/include/tello_msg/tello_msg/msg/tello_wifi_config.hpp
[1.004s] -- Up-to-date symlink: /home/ken/tello_ros_ws/install/tello_msg/include/tello_msg/tello_msg/msg/detail/tello_id__rosidl_typesupport_fastrtps_cpp.hpp
[1.004s] -- Up-to-date symlink: /home/ken/tello_ros_ws/install/tello_msg/include/tello_msg/tello_msg/msg/detail/tello_status__rosidl_typesupport_fastrtps_cpp.hpp
[1.004s] -- Up-to-date symlink: /home/ken/tello_ros_ws/install/tello_msg/include/tello_msg/tello_msg/msg/detail/tello_wifi_config__rosidl_typesupport_fastrtps_cpp.hpp
[1.004s] -- Up-to-date symlink: /home/ken/tello_ros_ws/install/tello_msg/include/tello_msg/tello_msg/msg/rosidl_typesupport_fastrtps_cpp__visibility_control.h
[1.005s] -- Up-to-date symlink: /home/ken/tello_ros_ws/install/tello_msg/include/tello_msg/tello_msg/msg/detail/tello_id__rosidl_typesupport_introspection_cpp.hpp
[1.005s] -- Up-to-date symlink: /home/ken/tello_ros_ws/install/tello_msg/include/tello_msg/tello_msg/msg/detail/tello_status__rosidl_typesupport_introspection_cpp.hpp
[1.006s] -- Up-to-date symlink: /home/ken/tello_ros_ws/install/tello_msg/include/tello_msg/tello_msg/msg/detail/tello_wifi_config__rosidl_typesupport_introspection_cpp.hpp
[1.006s] -- Up-to-date symlink: /home/ken/tello_ros_ws/install/tello_msg/share/tello_msg/environment/pythonpath.sh
[1.006s] -- Up-to-date symlink: /home/ken/tello_ros_ws/install/tello_msg/share/tello_msg/environment/pythonpath.dsv
[1.007s] -- Up-to-date symlink: /home/ken/tello_ros_ws/install/tello_msg/local/lib/python3.10/dist-packages/tello_msg-0.0.1-py3.10.egg-info/PKG-INFO
[1.007s] -- Up-to-date symlink: /home/ken/tello_ros_ws/install/tello_msg/local/lib/python3.10/dist-packages/tello_msg-0.0.1-py3.10.egg-info/SOURCES.txt
[1.007s] -- Up-to-date symlink: /home/ken/tello_ros_ws/install/tello_msg/local/lib/python3.10/dist-packages/tello_msg-0.0.1-py3.10.egg-info/dependency_links.txt
[1.008s] -- Up-to-date symlink: /home/ken/tello_ros_ws/install/tello_msg/local/lib/python3.10/dist-packages/tello_msg-0.0.1-py3.10.egg-info/top_level.txt
[1.009s] -- Up-to-date symlink: /home/ken/tello_ros_ws/install/tello_msg/local/lib/python3.10/dist-packages/tello_msg/__init__.py
[1.009s] -- Up-to-date symlink: /home/ken/tello_ros_ws/install/tello_msg/local/lib/python3.10/dist-packages/tello_msg/_tello_msg_s.ep.rosidl_typesupport_c.c
[1.009s] -- Up-to-date symlink: /home/ken/tello_ros_ws/install/tello_msg/local/lib/python3.10/dist-packages/tello_msg/_tello_msg_s.ep.rosidl_typesupport_fastrtps_c.c
[1.010s] -- Up-to-date symlink: /home/ken/tello_ros_ws/install/tello_msg/local/lib/python3.10/dist-packages/tello_msg/_tello_msg_s.ep.rosidl_typesupport_introspection_c.c
[1.010s] -- Up-to-date symlink: /home/ken/tello_ros_ws/install/tello_msg/local/lib/python3.10/dist-packages/tello_msg/libtello_msg__rosidl_generator_py.so
[1.010s] -- Up-to-date symlink: /home/ken/tello_ros_ws/install/tello_msg/local/lib/python3.10/dist-packages/tello_msg/msg/__init__.py
[1.010s] -- Up-to-date symlink: /home/ken/tello_ros_ws/install/tello_msg/local/lib/python3.10/dist-packages/tello_msg/msg/_tello_id.py
[1.011s] -- Up-to-date symlink: /home/ken/tello_ros_ws/install/tello_msg/local/lib/python3.10/dist-packages/tello_msg/msg/_tello_id_s.c
[1.011s] -- Up-to-date symlink: /home/ken/tello_ros_ws/install/tello_msg/local/lib/python3.10/dist-packages/tello_msg/msg/_tello_status.py
[1.011s] -- Up-to-date symlink: /home/ken/tello_ros_ws/install/tello_msg/local/lib/python3.10/dist-packages/tello_msg/msg/_tello_status_s.c
[1.011s] -- Up-to-date symlink: /home/ken/tello_ros_ws/install/tello_msg/local/lib/python3.10/dist-packages/tello_msg/msg/_tello_wifi_config.py
[1.012s] -- Up-to-date symlink: /home/ken/tello_ros_ws/install/tello_msg/local/lib/python3.10/dist-packages/tello_msg/msg/_tello_wifi_config_s.c
[1.012s] -- Up-to-date symlink: /home/ken/tello_ros_ws/install/tello_msg/local/lib/python3.10/dist-packages/tello_msg/tello_msg_s__rosidl_typesupport_c.cpython-310-x86_64-linux-gnu.so
[1.012s] -- Up-to-date symlink: /home/ken/tello_ros_ws/install/tello_msg/local/lib/python3.10/dist-packages/tello_msg/tello_msg_s__rosidl_typesupport_fastrtps_c.cpython-310-x86_64-linux-gnu.so
[1.012s] -- Up-to-date symlink: /home/ken/tello_ros_ws/install/tello_msg/local/lib/python3.10/dist-packages/tello_msg/tello_msg_s__rosidl_typesupport_introspection_c.cpython-310-x86_64-linux-gnu.so
[1.013s] -- Up-to-date symlink: /home/ken/tello_ros_ws/install/tello_msg/local/lib/python3.10/dist-packages/tello_msg/tello_msg_s__rosidl_typesupport_fastrtps_c.cpython-310-x86_64-linux-gnu.so
[1.013s] -- Up-to-date symlink: /home/ken/tello_ros_ws/install/tello_msg/local/lib/python3.10/dist-packages/tello_msg/tello_msg_s__rosidl_typesupport_introspection_c.cpython-310-x86_64-linux-gnu.so
[1.014s] -- Up-to-date symlink: /home/ken/tello_ros_ws/install/tello_msg/local/lib/python3.10/dist-packages/tello_msg/tello_msg_s__rosidl_typesupport_c.cpython-310-x86_64-linux-gnu.so
[1.014s] -- Up-to-date symlink: /home/ken/tello_ros_ws/install/tello_msg/share/tello_msg/msg/TelloStatus.idl
[1.015s] -- Up-to-date symlink: /home/ken/tello_ros_ws/install/tello_msg/share/tello_msg/msg/TelloID.idl
[1.015s] -- Up-to-date symlink: /home/ken/tello_ros_ws/install/tello_msg/share/tello_msg/msg/TelloWifiConfig.idl
[1.015s] -- Up-to-date symlink: /home/ken/tello_ros_ws/install/tello_msg/share/tello_msg/msg/TelloStatus.msg
[1.016s] -- Up-to-date symlink: /home/ken/tello_ros_ws/install/tello_msg/share/tello_msg/msg/TelloID.msg
[1.016s] -- Up-to-date symlink: /home/ken/tello_ros_ws/install/tello_msg/share/tello_msg/msg/TelloWifiConfig.msg
[1.016s] -- Up-to-date symlink: /home/ken/tello_ros_ws/install/tello_msg/share/ament_index/resource_index/package_run_dependencies/tello_msg
[1.017s] -- Up-to-date symlink: /home/ken/tello_ros_ws/install/tello_msg/share/ament_index/resource_index/parent_prefix_path/tello_msg
[1.017s] -- Up-to-date symlink: /home/ken/tello_ros_ws/install/tello_msg/share/tello_msg/environment/ament_prefix_path.sh
[1.017s] -- Up-to-date symlink: /home/ken/tello_ros_ws/install/tello_msg/share/tello_msg/environment/ament_prefix_path.dsv
[1.017s] -- Up-to-date symlink: /home/ken/tello_ros_ws/install/tello_msg/share/tello_msg/environment/path.sh
[1.018s] -- Up-to-date symlink: /home/ken/tello_ros_ws/install/tello_msg/share/tello_msg/environment/path.dsv
[1.018s] -- Up-to-date symlink: /home/ken/tello_ros_ws/install/tello_msg/share/tello_msg/local_setup.bash
[1.019s] -- Up-to-date symlink: /home/ken/tello_ros_ws/install/tello_msg/share/tello_msg/local_setup.sh
[1.019s] -- Up-to-date symlink: /home/ken/tello_ros_ws/install/tello_msg/share/tello_msg/local_setup.zsh
[1.019s] -- Up-to-date symlink: /home/ken/tello_ros_ws/install/tello_msg/share/tello_msg/local_setup.dsv
[1.019s] -- Symlinking: /home/ken/tello_ros_ws/install/tello_msg/share/tello_msg/package.dsv
[1.031s] -- Up-to-date symlink: /home/ken/tello_ros_ws/install/tello_msg/share/ament_index/resource_index/packages/tello_msg
[1.031s] -- Up-to-date symlink: /home/ken/tello_ros_ws/install/tello_msg/share/tello_msg/cmake/rosidl_cmake-extras.cmake
[1.032s] -- Up-to-date symlink: /home/ken/tello_ros_ws/install/tello_msg/share/tello_msg/cmake/ament_cmake_export_dependencies-extras.cmake
[1.032s] -- Up-to-date symlink: /home/ken/tello_ros_ws/install/tello_msg/share/tello_msg/cmake/ament_cmake_export_include_directories-extras.cmake
[1.032s] -- Up-to-date symlink: /home/ken/tello_ros_ws/install/tello_msg/share/tello_msg/cmake/ament_cmake_export_libraries-extras.cmake
[1.033s] -- Up-to-date symlink: /home/ken/tello_ros_ws/install/tello_msg/share/tello_msg/cmake/ament_cmake_export_targets-extras.cmake
[1.033s] -- Up-to-date symlink: /home/ken/tello_ros_ws/install/tello_msg/share/tello_msg/cmake/rosidl_cmake_export_typesupport_targets-extras.cmake
[1.033s] -- Up-to-date symlink: /home/ken/tello_ros_ws/install/tello_msg/share/tello_msg/cmake/rosidl_cmake_export_typesupport_libraries-extras.cmake
[1.034s] -- Up-to-date symlink: /home/ken/tello_ros_ws/install/tello_msg/share/tello_msg/cmake/tello_msgConfig.cmake
[1.034s] -- Up-to-date symlink: /home/ken/tello_ros_ws/install/tello_msg/share/tello_msg/cmake/tello_msgConfig-version.cmake
[1.034s] -- Up-to-date symlink: /home/ken/tello_ros_ws/install/tello_msg/share/tello_msg/package.xml
[1.035s] -- Up-to-date: /home/ken/tello_ros_ws/install/tello_msg/lib/libtello_msg__rosidl_generator_c.so
[1.036s] -- Up-to-date: /home/ken/tello_ros_ws/install/tello_msg/lib/libtello_msg__rosidl_typesupport_fastrtps_c.so
[1.037s] -- Up-to-date: /home/ken/tello_ros_ws/install/tello_msg/lib/libtello_msg__rosidl_typesupport_introspection_c.so
[1.037s] -- Up-to-date: /home/ken/tello_ros_ws/install/tello_msg/lib/libtello_msg__rosidl_typesupport_c.so
[1.038s] -- Up-to-date: /home/ken/tello_ros_ws/install/tello_msg/lib/libtello_msg__rosidl_typesupport_fastrtps_cpp.so
[1.039s] -- Up-to-date: /home/ken/tello_ros_ws/install/tello_msg/lib/libtello_msg__rosidl_typesupport_introspection_cpp.so
[1.040s] -- Up-to-date: /home/ken/tello_ros_ws/install/tello_msg/lib/libtello_msg__rosidl_typesupport_cpp.so
[1.088s] Listing '/home/ken/tello_ros_ws/install/tello_msg/local/lib/python3.10/dist-packages/tello_msg'...
[1.088s] Listing '/home/ken/tello_ros_ws/install/tello_msg/local/lib/python3.10/dist-packages/tello_msg/msg'...
[1.093s] -- Up-to-date: /home/ken/tello_ros_ws/install/tello_msg/lib/libtello_msg__rosidl_generator_py.so
[1.094s] -- Up-to-date: /home/ken/tello_ros_ws/install/tello_msg/share/tello_msg/cmake/export_tello_msg__rosidl_generator_cExport.cmake
[1.094s] -- Up-to-date: /home/ken/tello_ros_ws/install/tello_msg/share/tello_msg/cmake/export_tello_msg__rosidl_generator_cExport-noconfig.cmake
[1.094s] -- Up-to-date: /home/ken/tello_ros_ws/install/tello_msg/share/tello_msg/cmake/export_tello_msg__rosidl_typesupport_fastrtps_cExport.cmake
[1.094s] -- Up-to-date: /home/ken/tello_ros_ws/install/tello_msg/share/tello_msg/cmake/export_tello_msg__rosidl_typesupport_fastrtps_cExport-noconfig.cmake
[1.094s] -- Up-to-date: /home/ken/tello_ros_ws/install/tello_msg/share/tello_msg/cmake/tello_msg__rosidl_typesupport_introspection_cExport.cmake
[1.095s] -- Up-to-date: /home/ken/tello_ros_ws/install/tello_msg/share/tello_msg/cmake/tello_msg__rosidl_typesupport_introspection_cExport-noconfig.cmake
[1.096s] -- Up-to-date: /home/ken/tello_ros_ws/install/tello_msg/share/tello_msg/cmake/tello_msg__rosidl_typesupport_cExport.cmake
[1.096s] -- Up-to-date: /home/ken/tello_ros_ws/install/tello_msg/share/tello_msg/cmake/tello_msg__rosidl_typesupport_cExport-noconfig.cmake
[1.096s] -- Up-to-date: /home/ken/tello_ros_ws/install/tello_msg/share/tello_msg/cmake/export_tello_msg__rosidl_generator_cppExport.cmake
[1.096s] -- Up-to-date: /home/ken/tello_ros_ws/install/tello_msg/share/tello_msg/cmake/export_tello_msg__rosidl_typesupport_fastrtps_cppExport.cmake
[1.097s] -- Up-to-date: /home/ken/tello_ros_ws/install/tello_msg/share/tello_msg/cmake/export_tello_msg__rosidl_typesupport_fastrtps_cppExport-noconfig.cmake
[1.097s] -- Up-to-date: /home/ken/tello_ros_ws/install/tello_msg/share/tello_msg/cmake/tello_msg__rosidl_typesupport_introspection_cppExport.cmake
[1.097s] -- Up-to-date: /home/ken/tello_ros_ws/install/tello_msg/share/tello_msg/cmake/tello_msg__rosidl_typesupport_introspection_cppExport-noconfig.cmake
[1.097s] -- Up-to-date: /home/ken/tello_ros_ws/install/tello_msg/share/tello_msg/cmake/tello_msg__rosidl_typesupport_cppExport.cmake
[1.099s] -- Up-to-date: /home/ken/tello_ros_ws/install/tello_msg/share/tello_msg/cmake/tello_msg__rosidl_typesupport_cppExport-noconfig.cmake
[1.099s] -- Up-to-date: /home/ken/tello_ros_ws/install/tello_msg/share/tello_msg/cmake/export_tello_msg__rosidl_generator_pyExport.cmake
[1.099s] -- Up-to-date: /home/ken/tello_ros_ws/install/tello_msg/share/tello_msg/cmake/export_tello_msg__rosidl_generator_pyExport-noconfig.cmake
[1.102s] Invoked command in '/home/ken/tello_ros_ws/build/tello_msg' returned '0': CMAKE_PREFIX_PATH=/opt/ros/humble /usr/bin/cmake --install /home/ken/tello_ros_ws/build/tello_msg
