[0.040s] Invoking command in '/home/ken/tello_ros_ws/build/ros2_orb_slam3': CMAKE_PREFIX_PATH=${CMAKE_PREFIX_PATH}:/home/ken/tello_ros_ws/install/tello:/home/ken/tello_ros_ws/install/tello_control_gamepad:/opt/ros/humble /usr/bin/cmake --build /home/ken/tello_ros_ws/build/ros2_orb_slam3 -- -j4 -l4
[0.106s] -- Using flag -std=c++17.
[0.106s] -- Found ament_cmake: 1.3.8 (/opt/ros/humble/share/ament_cmake/cmake)
[0.449s] -- Found rclcpp: 16.0.8 (/opt/ros/humble/share/rclcpp/cmake)
[0.545s] -- Found rosidl_generator_c: 3.1.5 (/opt/ros/humble/share/rosidl_generator_c/cmake)
[0.552s] -- Found rosidl_adapter: 3.1.5 (/opt/ros/humble/share/rosidl_adapter/cmake)
[0.570s] -- Found rosidl_generator_cpp: 3.1.5 (/opt/ros/humble/share/rosidl_generator_cpp/cmake)
[0.589s] -- Using all available rosidl_typesupport_c: rosidl_typesupport_fastrtps_c;rosidl_typesupport_introspection_c
[0.615s] -- Using all available rosidl_typesupport_cpp: rosidl_typesupport_fastrtps_cpp;rosidl_typesupport_introspection_cpp
[0.710s] -- Found rmw_implementation_cmake: 6.1.1 (/opt/ros/humble/share/rmw_implementation_cmake/cmake)
[0.713s] -- Found rmw_fastrtps_cpp: 6.2.6 (/opt/ros/humble/share/rmw_fastrtps_cpp/cmake)
[0.981s] -- Using RMW implementation 'rmw_fastrtps_cpp' as default
[1.379s] -- Found rclpy: 3.3.12 (/opt/ros/humble/share/rclpy/cmake)
[1.379s] -- Found sensor_msgs: 4.2.3 (/opt/ros/humble/share/sensor_msgs/cmake)
[1.692s] -- Found cv_bridge: 3.2.1 (/opt/ros/humble/share/cv_bridge/cmake)
[1.723s] -- Found image_transport: 3.1.8 (/opt/ros/humble/share/image_transport/cmake)
[2.051s] -- Configuring done
[2.094s] -- Generating done
[2.098s] -- Build files have been written to: /home/ken/tello_ros_ws/build/ros2_orb_slam3
[2.163s] [  0%] Built target ament_cmake_python_copy_ros2_orb_slam3
[2.193s] [35m[1mConsolidate compiler generated dependencies of target orb_slam3_lib[0m
[2.403s] [ 90%] Built target orb_slam3_lib
[2.431s] [35m[1mConsolidate compiler generated dependencies of target mono_node_cpp[0m
[2.496s] [100%] Built target mono_node_cpp
[2.511s] running egg_info
[2.512s] writing ros2_orb_slam3.egg-info/PKG-INFO
[2.513s] writing dependency_links to ros2_orb_slam3.egg-info/dependency_links.txt
[2.513s] writing top-level names to ros2_orb_slam3.egg-info/top_level.txt
[2.516s] reading manifest file 'ros2_orb_slam3.egg-info/SOURCES.txt'
[2.516s] writing manifest file 'ros2_orb_slam3.egg-info/SOURCES.txt'
[2.557s] [100%] Built target ament_cmake_python_build_ros2_orb_slam3_egg
[2.573s] Invoked command in '/home/ken/tello_ros_ws/build/ros2_orb_slam3' returned '0': CMAKE_PREFIX_PATH=${CMAKE_PREFIX_PATH}:/home/ken/tello_ros_ws/install/tello:/home/ken/tello_ros_ws/install/tello_control_gamepad:/opt/ros/humble /usr/bin/cmake --build /home/ken/tello_ros_ws/build/ros2_orb_slam3 -- -j4 -l4
[2.723s] Invoking command in '/home/ken/tello_ros_ws/build/ros2_orb_slam3': CMAKE_PREFIX_PATH=${CMAKE_PREFIX_PATH}:/home/ken/tello_ros_ws/install/tello:/home/ken/tello_ros_ws/install/tello_control_gamepad:/opt/ros/humble /usr/bin/cmake --install /home/ken/tello_ros_ws/build/ros2_orb_slam3
[2.734s] -- Install configuration: ""
[2.734s] -- Up-to-date: /home/ken/tello_ros_ws/install/ros2_orb_slam3/lib/libDBoW2.so
[2.734s] -- Up-to-date: /home/ken/tello_ros_ws/install/ros2_orb_slam3/lib/libg2o.so
[2.734s] -- Up-to-date: /home/ken/tello_ros_ws/install/ros2_orb_slam3/include
[2.735s] -- Up-to-date: /home/ken/tello_ros_ws/install/ros2_orb_slam3/include/ros2_orb_slam3
[2.735s] -- Up-to-date: /home/ken/tello_ros_ws/install/ros2_orb_slam3/include/ros2_orb_slam3/common.hpp
[2.735s] -- Up-to-date: /home/ken/tello_ros_ws/install/ros2_orb_slam3/lib/ros2_orb_slam3/mono_node_cpp
[2.735s] -- Up-to-date: /home/ken/tello_ros_ws/install/ros2_orb_slam3/lib/liborb_slam3_lib.so.
[2.736s] -- Up-to-date: /home/ken/tello_ros_ws/install/ros2_orb_slam3/lib/liborb_slam3_lib.so
[2.736s] -- Up-to-date: /home/ken/tello_ros_ws/install/ros2_orb_slam3/share/ros2_orb_slam3/environment/pythonpath.sh
[2.736s] -- Installing: /home/ken/tello_ros_ws/install/ros2_orb_slam3/share/ros2_orb_slam3/environment/pythonpath.dsv
[2.736s] -- Up-to-date: /home/ken/tello_ros_ws/install/ros2_orb_slam3/local/lib/python3.10/dist-packages/ros2_orb_slam3-1.0.0-py3.10.egg-info
[2.736s] -- Installing: /home/ken/tello_ros_ws/install/ros2_orb_slam3/local/lib/python3.10/dist-packages/ros2_orb_slam3-1.0.0-py3.10.egg-info/PKG-INFO
[2.737s] -- Installing: /home/ken/tello_ros_ws/install/ros2_orb_slam3/local/lib/python3.10/dist-packages/ros2_orb_slam3-1.0.0-py3.10.egg-info/SOURCES.txt
[2.737s] -- Installing: /home/ken/tello_ros_ws/install/ros2_orb_slam3/local/lib/python3.10/dist-packages/ros2_orb_slam3-1.0.0-py3.10.egg-info/dependency_links.txt
[2.737s] -- Installing: /home/ken/tello_ros_ws/install/ros2_orb_slam3/local/lib/python3.10/dist-packages/ros2_orb_slam3-1.0.0-py3.10.egg-info/top_level.txt
[2.737s] -- Up-to-date: /home/ken/tello_ros_ws/install/ros2_orb_slam3/local/lib/python3.10/dist-packages/ros2_orb_slam3
[2.738s] -- Up-to-date: /home/ken/tello_ros_ws/install/ros2_orb_slam3/local/lib/python3.10/dist-packages/ros2_orb_slam3/__init__.py
[2.780s] Listing '/home/ken/tello_ros_ws/install/ros2_orb_slam3/local/lib/python3.10/dist-packages/ros2_orb_slam3'...
[2.786s] -- Installing: /home/ken/tello_ros_ws/install/ros2_orb_slam3/lib/ros2_orb_slam3/mono_tello_driver_node.py
[2.786s] -- Up-to-date: /home/ken/tello_ros_ws/install/ros2_orb_slam3/share/ament_index/resource_index/package_run_dependencies/ros2_orb_slam3
[2.786s] -- Installing: /home/ken/tello_ros_ws/install/ros2_orb_slam3/share/ament_index/resource_index/parent_prefix_path/ros2_orb_slam3
[2.786s] -- Up-to-date: /home/ken/tello_ros_ws/install/ros2_orb_slam3/share/ros2_orb_slam3/environment/ament_prefix_path.sh
[2.787s] -- Installing: /home/ken/tello_ros_ws/install/ros2_orb_slam3/share/ros2_orb_slam3/environment/ament_prefix_path.dsv
[2.787s] -- Up-to-date: /home/ken/tello_ros_ws/install/ros2_orb_slam3/share/ros2_orb_slam3/environment/path.sh
[2.787s] -- Installing: /home/ken/tello_ros_ws/install/ros2_orb_slam3/share/ros2_orb_slam3/environment/path.dsv
[2.787s] -- Up-to-date: /home/ken/tello_ros_ws/install/ros2_orb_slam3/share/ros2_orb_slam3/local_setup.bash
[2.788s] -- Up-to-date: /home/ken/tello_ros_ws/install/ros2_orb_slam3/share/ros2_orb_slam3/local_setup.sh
[2.788s] -- Up-to-date: /home/ken/tello_ros_ws/install/ros2_orb_slam3/share/ros2_orb_slam3/local_setup.zsh
[2.788s] -- Installing: /home/ken/tello_ros_ws/install/ros2_orb_slam3/share/ros2_orb_slam3/local_setup.dsv
[2.788s] -- Installing: /home/ken/tello_ros_ws/install/ros2_orb_slam3/share/ros2_orb_slam3/package.dsv
[2.788s] -- Up-to-date: /home/ken/tello_ros_ws/install/ros2_orb_slam3/share/ament_index/resource_index/packages/ros2_orb_slam3
[2.788s] -- Up-to-date: /home/ken/tello_ros_ws/install/ros2_orb_slam3/share/ros2_orb_slam3/cmake/ament_cmake_export_include_directories-extras.cmake
[2.789s] -- Up-to-date: /home/ken/tello_ros_ws/install/ros2_orb_slam3/share/ros2_orb_slam3/cmake/ament_cmake_export_dependencies-extras.cmake
[2.789s] -- Up-to-date: /home/ken/tello_ros_ws/install/ros2_orb_slam3/share/ros2_orb_slam3/cmake/ros2_orb_slam3Config.cmake
[2.789s] -- Up-to-date: /home/ken/tello_ros_ws/install/ros2_orb_slam3/share/ros2_orb_slam3/cmake/ros2_orb_slam3Config-version.cmake
[2.789s] -- Up-to-date: /home/ken/tello_ros_ws/install/ros2_orb_slam3/share/ros2_orb_slam3/package.xml
[2.792s] Invoked command in '/home/ken/tello_ros_ws/build/ros2_orb_slam3' returned '0': CMAKE_PREFIX_PATH=${CMAKE_PREFIX_PATH}:/home/ken/tello_ros_ws/install/tello:/home/ken/tello_ros_ws/install/tello_control_gamepad:/opt/ros/humble /usr/bin/cmake --install /home/ken/tello_ros_ws/build/ros2_orb_slam3
