[0.859s] Invoking command in '/home/ken/tello_ros_ws/build/tello': AMENT_PREFIX_PATH=/home/ken/tello_ros_ws/install/tello_msg:${AMENT_PREFIX_PATH} CMAKE_PREFIX_PATH=/home/ken/tello_ros_ws/install/tello_msg LD_LIBRARY_PATH=/home/ken/tello_ros_ws/install/tello_msg/lib:${LD_LIBRARY_PATH} PYTHONPATH=/home/ken/tello_ros_ws/build/tello/prefix_override:/home/ken/tello_ros_ws/install/tello/lib/python3.10/site-packages:/home/ken/tello_ros_ws/install/tello_msg/local/lib/python3.10/dist-packages:${PYTHONPATH} /usr/bin/python3 -W ignore:setup.py install is deprecated setup.py develop --uninstall --editable --build-directory /home/ken/tello_ros_ws/build/tello/build
[1.179s] /usr/lib/python3/dist-packages/setuptools/dist.py:723: UserWarning: Usage of dash-separated 'script-dir' will not be supported in future versions. Please use the underscore name 'script_dir' instead
[1.179s]   warnings.warn(
[1.220s] running develop
[1.221s] /usr/lib/python3/dist-packages/setuptools/command/easy_install.py:158: EasyInstallDeprecationWarning: easy_install command is deprecated. Use build and pip and other standards-based tools.
[1.221s]   warnings.warn(
[1.456s] Removing /home/ken/tello_ros_ws/install/tello/lib/python3.10/site-packages/tello.egg-link (link to .)
[1.501s] Invoked command in '/home/ken/tello_ros_ws/build/tello' returned '0': AMENT_PREFIX_PATH=/home/ken/tello_ros_ws/install/tello_msg:${AMENT_PREFIX_PATH} CMAKE_PREFIX_PATH=/home/ken/tello_ros_ws/install/tello_msg LD_LIBRARY_PATH=/home/ken/tello_ros_ws/install/tello_msg/lib:${LD_LIBRARY_PATH} PYTHONPATH=/home/ken/tello_ros_ws/build/tello/prefix_override:/home/ken/tello_ros_ws/install/tello/lib/python3.10/site-packages:/home/ken/tello_ros_ws/install/tello_msg/local/lib/python3.10/dist-packages:${PYTHONPATH} /usr/bin/python3 -W ignore:setup.py install is deprecated setup.py develop --uninstall --editable --build-directory /home/ken/tello_ros_ws/build/tello/build
[1.504s] Invoking command in '/home/ken/tello_ros_ws/src/tello': AMENT_PREFIX_PATH=/home/ken/tello_ros_ws/install/tello_msg:${AMENT_PREFIX_PATH} CMAKE_PREFIX_PATH=/home/ken/tello_ros_ws/install/tello_msg LD_LIBRARY_PATH=/home/ken/tello_ros_ws/install/tello_msg/lib:${LD_LIBRARY_PATH} PYTHONPATH=/home/ken/tello_ros_ws/build/tello/prefix_override:/home/ken/tello_ros_ws/install/tello/lib/python3.10/site-packages:/home/ken/tello_ros_ws/install/tello_msg/local/lib/python3.10/dist-packages:${PYTHONPATH} /usr/bin/python3 -W ignore:setup.py install is deprecated setup.py egg_info --egg-base ../../build/tello build --build-base /home/ken/tello_ros_ws/build/tello/build install --record /home/ken/tello_ros_ws/build/tello/install.log --install-scripts $base/lib/tello --single-version-externally-managed install_data --force
[1.891s] /usr/lib/python3/dist-packages/setuptools/dist.py:723: UserWarning: Usage of dash-separated 'script-dir' will not be supported in future versions. Please use the underscore name 'script_dir' instead
[1.891s]   warnings.warn(
[1.903s] running egg_info
[1.904s] writing ../../build/tello/tello.egg-info/PKG-INFO
[1.904s] writing dependency_links to ../../build/tello/tello.egg-info/dependency_links.txt
[1.905s] writing entry points to ../../build/tello/tello.egg-info/entry_points.txt
[1.905s] writing requirements to ../../build/tello/tello.egg-info/requires.txt
[1.906s] writing top-level names to ../../build/tello/tello.egg-info/top_level.txt
[1.908s] reading manifest file '../../build/tello/tello.egg-info/SOURCES.txt'
[1.908s] adding license file 'LICENSE.txt'
[1.909s] writing manifest file '../../build/tello/tello.egg-info/SOURCES.txt'
[1.909s] running build
[1.909s] running build_py
[1.909s] creating /home/ken/tello_ros_ws/build/tello/build
[1.910s] creating /home/ken/tello_ros_ws/build/tello/build/lib
[1.910s] creating /home/ken/tello_ros_ws/build/tello/build/lib/tello
[1.910s] copying tello/__init__.py -> /home/ken/tello_ros_ws/build/tello/build/lib/tello
[1.910s] copying tello/node.py -> /home/ken/tello_ros_ws/build/tello/build/lib/tello
[1.910s] running install
[1.911s] running install_lib
[1.913s] running install_data
[1.914s] copying resource/tello -> /home/ken/tello_ros_ws/install/tello/share/ament_index/resource_index/packages
[1.914s] copying package.xml -> /home/ken/tello_ros_ws/install/tello/share/tello
[1.914s] copying resource/ost.txt -> /home/ken/tello_ros_ws/install/tello/share/tello
[1.915s] copying resource/ost.yaml -> /home/ken/tello_ros_ws/install/tello/share/tello
[1.915s] running install_egg_info
[1.918s] removing '/home/ken/tello_ros_ws/install/tello/lib/python3.10/site-packages/tello-0.1.0-py3.10.egg-info' (and everything under it)
[1.918s] Copying ../../build/tello/tello.egg-info to /home/ken/tello_ros_ws/install/tello/lib/python3.10/site-packages/tello-0.1.0-py3.10.egg-info
[1.920s] running install_scripts
[1.947s] Installing tello script to /home/ken/tello_ros_ws/install/tello/lib/tello
[1.948s] writing list of installed files to '/home/ken/tello_ros_ws/build/tello/install.log'
[1.983s] Invoked command in '/home/ken/tello_ros_ws/src/tello' returned '0': AMENT_PREFIX_PATH=/home/ken/tello_ros_ws/install/tello_msg:${AMENT_PREFIX_PATH} CMAKE_PREFIX_PATH=/home/ken/tello_ros_ws/install/tello_msg LD_LIBRARY_PATH=/home/ken/tello_ros_ws/install/tello_msg/lib:${LD_LIBRARY_PATH} PYTHONPATH=/home/ken/tello_ros_ws/build/tello/prefix_override:/home/ken/tello_ros_ws/install/tello/lib/python3.10/site-packages:/home/ken/tello_ros_ws/install/tello_msg/local/lib/python3.10/dist-packages:${PYTHONPATH} /usr/bin/python3 -W ignore:setup.py install is deprecated setup.py egg_info --egg-base ../../build/tello build --build-base /home/ken/tello_ros_ws/build/tello/build install --record /home/ken/tello_ros_ws/build/tello/install.log --install-scripts $base/lib/tello --single-version-externally-managed install_data --force
