running egg_info
creating ../../build/tello/tello.egg-info
writing ../../build/tello/tello.egg-info/PKG-INFO
writing dependency_links to ../../build/tello/tello.egg-info/dependency_links.txt
writing entry points to ../../build/tello/tello.egg-info/entry_points.txt
writing requirements to ../../build/tello/tello.egg-info/requires.txt
writing top-level names to ../../build/tello/tello.egg-info/top_level.txt
writing manifest file '../../build/tello/tello.egg-info/SOURCES.txt'
reading manifest file '../../build/tello/tello.egg-info/SOURCES.txt'
adding license file 'LICENSE.txt'
writing manifest file '../../build/tello/tello.egg-info/SOURCES.txt'
running build
running build_py
creating /home/ken/tello_ros_ws/build/tello/build
creating /home/ken/tello_ros_ws/build/tello/build/lib
creating /home/ken/tello_ros_ws/build/tello/build/lib/tello
copying tello/__init__.py -> /home/ken/tello_ros_ws/build/tello/build/lib/tello
copying tello/node.py -> /home/ken/tello_ros_ws/build/tello/build/lib/tello
running install
running install_lib
creating /home/ken/tello_ros_ws/install/tello/lib/python3.10/site-packages/tello
copying /home/ken/tello_ros_ws/build/tello/build/lib/tello/__init__.py -> /home/ken/tello_ros_ws/install/tello/lib/python3.10/site-packages/tello
copying /home/ken/tello_ros_ws/build/tello/build/lib/tello/node.py -> /home/ken/tello_ros_ws/install/tello/lib/python3.10/site-packages/tello
byte-compiling /home/ken/tello_ros_ws/install/tello/lib/python3.10/site-packages/tello/__init__.py to __init__.cpython-310.pyc
byte-compiling /home/ken/tello_ros_ws/install/tello/lib/python3.10/site-packages/tello/node.py to node.cpython-310.pyc
running install_data
creating /home/ken/tello_ros_ws/install/tello/share/ament_index
creating /home/ken/tello_ros_ws/install/tello/share/ament_index/resource_index
creating /home/ken/tello_ros_ws/install/tello/share/ament_index/resource_index/packages
copying resource/tello -> /home/ken/tello_ros_ws/install/tello/share/ament_index/resource_index/packages
copying package.xml -> /home/ken/tello_ros_ws/install/tello/share/tello
copying resource/ost.txt -> /home/ken/tello_ros_ws/install/tello/share/tello
copying resource/ost.yaml -> /home/ken/tello_ros_ws/install/tello/share/tello
running install_egg_info
Copying ../../build/tello/tello.egg-info to /home/ken/tello_ros_ws/install/tello/lib/python3.10/site-packages/tello-0.1.0-py3.10.egg-info
running install_scripts
Installing tello script to /home/ken/tello_ros_ws/install/tello/lib/tello
writing list of installed files to '/home/ken/tello_ros_ws/build/tello/install.log'
