[1.123s] Invoking command in '/home/ken/tello_ros_ws/src/tello_control_gamepad': PYTHONPATH=/home/ken/tello_ros_ws/build/tello_control_gamepad/prefix_override:/home/ken/tello_ros_ws/install/tello_control_gamepad/lib/python3.10/site-packages:${PYTHONPATH} /usr/bin/python3 -W ignore:setup.py install is deprecated setup.py egg_info --egg-base ../../build/tello_control_gamepad build --build-base /home/ken/tello_ros_ws/build/tello_control_gamepad/build install --record /home/ken/tello_ros_ws/build/tello_control_gamepad/install.log --single-version-externally-managed install_data
[1.593s] running egg_info
[1.594s] writing ../../build/tello_control_gamepad/tello_control_gamepad.egg-info/PKG-INFO
[1.594s] writing dependency_links to ../../build/tello_control_gamepad/tello_control_gamepad.egg-info/dependency_links.txt
[1.594s] writing entry points to ../../build/tello_control_gamepad/tello_control_gamepad.egg-info/entry_points.txt
[1.594s] writing requirements to ../../build/tello_control_gamepad/tello_control_gamepad.egg-info/requires.txt
[1.595s] writing top-level names to ../../build/tello_control_gamepad/tello_control_gamepad.egg-info/top_level.txt
[1.598s] reading manifest file '../../build/tello_control_gamepad/tello_control_gamepad.egg-info/SOURCES.txt'
[1.599s] adding license file 'LICENSE'
[1.600s] writing manifest file '../../build/tello_control_gamepad/tello_control_gamepad.egg-info/SOURCES.txt'
[1.600s] running build
[1.600s] running build_py
[1.601s] copying tello_control_gamepad/node.py -> /home/ken/tello_ros_ws/build/tello_control_gamepad/build/lib/tello_control_gamepad
[1.601s] running install
[1.601s] running install_lib
[1.603s] copying /home/ken/tello_ros_ws/build/tello_control_gamepad/build/lib/tello_control_gamepad/node.py -> /home/ken/tello_ros_ws/install/tello_control_gamepad/lib/python3.10/site-packages/tello_control_gamepad
[1.603s] byte-compiling /home/ken/tello_ros_ws/install/tello_control_gamepad/lib/python3.10/site-packages/tello_control_gamepad/node.py to node.cpython-310.pyc
[1.605s] running install_data
[1.605s] running install_egg_info
[1.607s] removing '/home/ken/tello_ros_ws/install/tello_control_gamepad/lib/python3.10/site-packages/tello_control_gamepad-0.0.0-py3.10.egg-info' (and everything under it)
[1.608s] Copying ../../build/tello_control_gamepad/tello_control_gamepad.egg-info to /home/ken/tello_ros_ws/install/tello_control_gamepad/lib/python3.10/site-packages/tello_control_gamepad-0.0.0-py3.10.egg-info
[1.609s] running install_scripts
[1.638s] Installing tello_control_gamepad script to /home/ken/tello_ros_ws/install/tello_control_gamepad/lib/tello_control_gamepad
[1.639s] writing list of installed files to '/home/ken/tello_ros_ws/build/tello_control_gamepad/install.log'
[1.677s] Invoked command in '/home/ken/tello_ros_ws/src/tello_control_gamepad' returned '0': PYTHONPATH=/home/ken/tello_ros_ws/build/tello_control_gamepad/prefix_override:/home/ken/tello_ros_ws/install/tello_control_gamepad/lib/python3.10/site-packages:${PYTHONPATH} /usr/bin/python3 -W ignore:setup.py install is deprecated setup.py egg_info --egg-base ../../build/tello_control_gamepad build --build-base /home/ken/tello_ros_ws/build/tello_control_gamepad/build install --record /home/ken/tello_ros_ws/build/tello_control_gamepad/install.log --single-version-externally-managed install_data
