[0.019s] Invoking command in '/home/ken/tello_ros_ws/build/tello_control': CMAKE_PREFIX_PATH=/opt/ros/humble /usr/bin/cmake --build /home/ken/tello_ros_ws/build/tello_control -- -j4 -l4
[0.081s] [35m[1mConsolidate compiler generated dependencies of target tello_control[0m
[0.125s] [100%] Built target tello_control
[0.147s] Invoked command in '/home/ken/tello_ros_ws/build/tello_control' returned '0': CMAKE_PREFIX_PATH=/opt/ros/humble /usr/bin/cmake --build /home/ken/tello_ros_ws/build/tello_control -- -j4 -l4
[0.224s] Invoking command in '/home/ken/tello_ros_ws/build/tello_control': CMAKE_PREFIX_PATH=/opt/ros/humble /usr/bin/cmake --install /home/ken/tello_ros_ws/build/tello_control
[0.236s] -- Install configuration: ""
[0.236s] -- Up-to-date: /home/ken/tello_ros_ws/install/tello_control/lib/tello_control/tello_control
[0.237s] -- Up-to-date: /home/ken/tello_ros_ws/install/tello_control/share/ament_index/resource_index/package_run_dependencies/tello_control
[0.237s] -- Up-to-date: /home/ken/tello_ros_ws/install/tello_control/share/ament_index/resource_index/parent_prefix_path/tello_control
[0.237s] -- Up-to-date: /home/ken/tello_ros_ws/install/tello_control/share/tello_control/environment/ament_prefix_path.sh
[0.238s] -- Up-to-date: /home/ken/tello_ros_ws/install/tello_control/share/tello_control/environment/ament_prefix_path.dsv
[0.238s] -- Up-to-date: /home/ken/tello_ros_ws/install/tello_control/share/tello_control/environment/path.sh
[0.238s] -- Up-to-date: /home/ken/tello_ros_ws/install/tello_control/share/tello_control/environment/path.dsv
[0.238s] -- Up-to-date: /home/ken/tello_ros_ws/install/tello_control/share/tello_control/local_setup.bash
[0.239s] -- Up-to-date: /home/ken/tello_ros_ws/install/tello_control/share/tello_control/local_setup.sh
[0.239s] -- Up-to-date: /home/ken/tello_ros_ws/install/tello_control/share/tello_control/local_setup.zsh
[0.239s] -- Up-to-date: /home/ken/tello_ros_ws/install/tello_control/share/tello_control/local_setup.dsv
[0.239s] -- Installing: /home/ken/tello_ros_ws/install/tello_control/share/tello_control/package.dsv
[0.239s] -- Up-to-date: /home/ken/tello_ros_ws/install/tello_control/share/ament_index/resource_index/packages/tello_control
[0.240s] -- Up-to-date: /home/ken/tello_ros_ws/install/tello_control/share/tello_control/cmake/tello_controlConfig.cmake
[0.240s] -- Up-to-date: /home/ken/tello_ros_ws/install/tello_control/share/tello_control/cmake/tello_controlConfig-version.cmake
[0.240s] -- Up-to-date: /home/ken/tello_ros_ws/install/tello_control/share/tello_control/package.xml
[0.243s] Invoked command in '/home/ken/tello_ros_ws/build/tello_control' returned '0': CMAKE_PREFIX_PATH=/opt/ros/humble /usr/bin/cmake --install /home/ken/tello_ros_ws/build/tello_control
