[0.837s] Invoking command in '/home/ken/tello_ros_ws/src/tello': PYTHONPATH=/home/ken/tello_ros_ws/build/tello/prefix_override:/home/ken/tello_ros_ws/install/tello/lib/python3.10/site-packages:${PYTHONPATH} /usr/bin/python3 -W ignore:setup.py install is deprecated setup.py egg_info --egg-base ../../build/tello build --build-base /home/ken/tello_ros_ws/build/tello/build install --record /home/ken/tello_ros_ws/build/tello/install.log --install-scripts $base/lib/tello --single-version-externally-managed install_data
[1.132s] /usr/lib/python3/dist-packages/setuptools/dist.py:723: UserWarning: Usage of dash-separated 'script-dir' will not be supported in future versions. Please use the underscore name 'script_dir' instead
[1.132s]   warnings.warn(
[1.142s] running egg_info
[1.143s] writing ../../build/tello/tello.egg-info/PKG-INFO
[1.144s] writing dependency_links to ../../build/tello/tello.egg-info/dependency_links.txt
[1.144s] writing entry points to ../../build/tello/tello.egg-info/entry_points.txt
[1.144s] writing requirements to ../../build/tello/tello.egg-info/requires.txt
[1.144s] writing top-level names to ../../build/tello/tello.egg-info/top_level.txt
[1.147s] reading manifest file '../../build/tello/tello.egg-info/SOURCES.txt'
[1.148s] adding license file 'LICENSE.txt'
[1.149s] writing manifest file '../../build/tello/tello.egg-info/SOURCES.txt'
[1.149s] running build
[1.149s] running build_py
[1.149s] running install
[1.150s] running install_lib
[1.152s] running install_data
[1.152s] running install_egg_info
[1.154s] removing '/home/ken/tello_ros_ws/install/tello/lib/python3.10/site-packages/tello-0.1.0-py3.10.egg-info' (and everything under it)
[1.155s] Copying ../../build/tello/tello.egg-info to /home/ken/tello_ros_ws/install/tello/lib/python3.10/site-packages/tello-0.1.0-py3.10.egg-info
[1.156s] running install_scripts
[1.184s] Installing tello script to /home/ken/tello_ros_ws/install/tello/lib/tello
[1.185s] writing list of installed files to '/home/ken/tello_ros_ws/build/tello/install.log'
[1.216s] Invoked command in '/home/ken/tello_ros_ws/src/tello' returned '0': PYTHONPATH=/home/ken/tello_ros_ws/build/tello/prefix_override:/home/ken/tello_ros_ws/install/tello/lib/python3.10/site-packages:${PYTHONPATH} /usr/bin/python3 -W ignore:setup.py install is deprecated setup.py egg_info --egg-base ../../build/tello build --build-base /home/ken/tello_ros_ws/build/tello/build install --record /home/ken/tello_ros_ws/build/tello/install.log --install-scripts $base/lib/tello --single-version-externally-managed install_data
