[0.037s] Invoking command in '/home/ken/tello_ros_ws/build/tello_control': CMAKE_PREFIX_PATH=${CMAKE_PREFIX_PATH}:/home/ken/tello_ros_ws/install/tello:/home/ken/tello_ros_ws/install/tello_control_gamepad:/opt/ros/humble /usr/bin/cmake --build /home/ken/tello_ros_ws/build/tello_control -- -j4 -l4
[0.227s] [100%] Built target tello_control
[0.756s] Invoked command in '/home/ken/tello_ros_ws/build/tello_control' returned '0': CMAKE_PREFIX_PATH=${CMAKE_PREFIX_PATH}:/home/ken/tello_ros_ws/install/tello:/home/ken/tello_ros_ws/install/tello_control_gamepad:/opt/ros/humble /usr/bin/cmake --build /home/ken/tello_ros_ws/build/tello_control -- -j4 -l4
[0.915s] Invoking command in '/home/ken/tello_ros_ws/build/tello_control': CMAKE_PREFIX_PATH=${CMAKE_PREFIX_PATH}:/home/ken/tello_ros_ws/install/tello:/home/ken/tello_ros_ws/install/tello_control_gamepad:/opt/ros/humble /usr/bin/cmake --install /home/ken/tello_ros_ws/build/tello_control
[0.943s] -- Install configuration: ""
[0.945s] -- Execute custom install script
[0.946s] -- Up-to-date symlink: /home/ken/tello_ros_ws/install/tello_control/lib/tello_control/tello_control
[0.951s] -- Up-to-date symlink: /home/ken/tello_ros_ws/install/tello_control/share/ament_index/resource_index/package_run_dependencies/tello_control
[0.951s] -- Up-to-date symlink: /home/ken/tello_ros_ws/install/tello_control/share/ament_index/resource_index/parent_prefix_path/tello_control
[0.951s] -- Up-to-date symlink: /home/ken/tello_ros_ws/install/tello_control/share/tello_control/environment/ament_prefix_path.sh
[0.951s] -- Up-to-date symlink: /home/ken/tello_ros_ws/install/tello_control/share/tello_control/environment/ament_prefix_path.dsv
[0.951s] -- Up-to-date symlink: /home/ken/tello_ros_ws/install/tello_control/share/tello_control/environment/path.sh
[0.951s] -- Up-to-date symlink: /home/ken/tello_ros_ws/install/tello_control/share/tello_control/environment/path.dsv
[0.955s] -- Up-to-date symlink: /home/ken/tello_ros_ws/install/tello_control/share/tello_control/local_setup.bash
[0.955s] -- Up-to-date symlink: /home/ken/tello_ros_ws/install/tello_control/share/tello_control/local_setup.sh
[0.956s] -- Up-to-date symlink: /home/ken/tello_ros_ws/install/tello_control/share/tello_control/local_setup.zsh
[0.956s] -- Up-to-date symlink: /home/ken/tello_ros_ws/install/tello_control/share/tello_control/local_setup.dsv
[0.956s] -- Symlinking: /home/ken/tello_ros_ws/install/tello_control/share/tello_control/package.dsv
[0.991s] -- Up-to-date symlink: /home/ken/tello_ros_ws/install/tello_control/share/ament_index/resource_index/packages/tello_control
[0.991s] -- Up-to-date symlink: /home/ken/tello_ros_ws/install/tello_control/share/tello_control/cmake/tello_controlConfig.cmake
[0.991s] -- Up-to-date symlink: /home/ken/tello_ros_ws/install/tello_control/share/tello_control/cmake/tello_controlConfig-version.cmake
[0.991s] -- Up-to-date symlink: /home/ken/tello_ros_ws/install/tello_control/share/tello_control/package.xml
[0.994s] Invoked command in '/home/ken/tello_ros_ws/build/tello_control' returned '0': CMAKE_PREFIX_PATH=${CMAKE_PREFIX_PATH}:/home/ken/tello_ros_ws/install/tello:/home/ken/tello_ros_ws/install/tello_control_gamepad:/opt/ros/humble /usr/bin/cmake --install /home/ken/tello_ros_ws/build/tello_control
