[1.496s] Invoking command in '/home/ken/tello_ros_ws/src/tello': AMENT_PREFIX_PATH=/home/ken/tello_ros_ws/install/tello_msg:${AMENT_PREFIX_PATH} CMAKE_PREFIX_PATH=/home/ken/tello_ros_ws/install/tello_msg LD_LIBRARY_PATH=/home/ken/tello_ros_ws/install/tello_msg/lib:${LD_LIBRARY_PATH} PYTHONPATH=/home/ken/tello_ros_ws/build/tello/prefix_override:/home/ken/tello_ros_ws/install/tello/lib/python3.10/site-packages:/home/ken/tello_ros_ws/install/tello_msg/local/lib/python3.10/dist-packages:${PYTHONPATH} /usr/bin/python3 -W ignore:setup.py install is deprecated setup.py egg_info --egg-base ../../build/tello build --build-base /home/ken/tello_ros_ws/build/tello/build install --record /home/ken/tello_ros_ws/build/tello/install.log --install-scripts $base/lib/tello --single-version-externally-managed install_data
[2.043s] /usr/lib/python3/dist-packages/setuptools/dist.py:723: UserWarning: Usage of dash-separated 'script-dir' will not be supported in future versions. Please use the underscore name 'script_dir' instead
[2.043s]   warnings.warn(
[2.064s] running egg_info
[2.065s] writing ../../build/tello/tello.egg-info/PKG-INFO
[2.067s] writing dependency_links to ../../build/tello/tello.egg-info/dependency_links.txt
[2.067s] writing entry points to ../../build/tello/tello.egg-info/entry_points.txt
[2.068s] writing requirements to ../../build/tello/tello.egg-info/requires.txt
[2.068s] writing top-level names to ../../build/tello/tello.egg-info/top_level.txt
[2.076s] reading manifest file '../../build/tello/tello.egg-info/SOURCES.txt'
[2.076s] adding license file 'LICENSE.txt'
[2.077s] writing manifest file '../../build/tello/tello.egg-info/SOURCES.txt'
[2.078s] running build
[2.078s] running build_py
[2.078s] running install
[2.079s] running install_lib
[2.082s] running install_data
[2.082s] running install_egg_info
[2.086s] removing '/home/ken/tello_ros_ws/install/tello/lib/python3.10/site-packages/tello-0.1.0-py3.10.egg-info' (and everything under it)
[2.086s] Copying ../../build/tello/tello.egg-info to /home/ken/tello_ros_ws/install/tello/lib/python3.10/site-packages/tello-0.1.0-py3.10.egg-info
[2.088s] running install_scripts
[2.134s] Installing tello script to /home/ken/tello_ros_ws/install/tello/lib/tello
[2.135s] writing list of installed files to '/home/ken/tello_ros_ws/build/tello/install.log'
[2.185s] Invoked command in '/home/ken/tello_ros_ws/src/tello' returned '0': AMENT_PREFIX_PATH=/home/ken/tello_ros_ws/install/tello_msg:${AMENT_PREFIX_PATH} CMAKE_PREFIX_PATH=/home/ken/tello_ros_ws/install/tello_msg LD_LIBRARY_PATH=/home/ken/tello_ros_ws/install/tello_msg/lib:${LD_LIBRARY_PATH} PYTHONPATH=/home/ken/tello_ros_ws/build/tello/prefix_override:/home/ken/tello_ros_ws/install/tello/lib/python3.10/site-packages:/home/ken/tello_ros_ws/install/tello_msg/local/lib/python3.10/dist-packages:${PYTHONPATH} /usr/bin/python3 -W ignore:setup.py install is deprecated setup.py egg_info --egg-base ../../build/tello build --build-base /home/ken/tello_ros_ws/build/tello/build install --record /home/ken/tello_ros_ws/build/tello/install.log --install-scripts $base/lib/tello --single-version-externally-managed install_data
