[0.187s] DEBUG:colcon:Command line arguments: ['/usr/bin/colcon', 'build']
[0.187s] DEBUG:colcon:Parsed command line arguments: Namespace(log_base=None, log_level=None, verb_name='build', build_base='build', install_base='install', merge_install=False, symlink_install=False, test_result_base=None, continue_on_error=False, executor='parallel', parallel_workers=4, event_handlers=None, ignore_user_meta=False, metas=['./colcon.meta'], base_paths=['.'], packages_ignore=None, packages_ignore_regex=None, paths=None, packages_up_to=None, packages_up_to_regex=None, packages_above=None, packages_above_and_dependencies=None, packages_above_depth=None, packages_select_by_dep=None, packages_skip_by_dep=None, packages_skip_up_to=None, packages_select_build_failed=False, packages_skip_build_finished=False, packages_select_test_failures=False, packages_skip_test_passed=False, packages_select=None, packages_skip=None, packages_select_regex=None, packages_skip_regex=None, packages_start=None, packages_end=None, allow_overriding=[], cmake_args=None, cmake_target=None, cmake_target_skip_unavailable=False, cmake_clean_cache=False, cmake_clean_first=False, cmake_force_configure=False, ament_cmake_args=None, catkin_cmake_args=None, catkin_skip_building_tests=False, verb_parser=<colcon_defaults.argument_parser.defaults.DefaultArgumentsDecorator object at 0x7729cb8344c0>, verb_extension=<colcon_core.verb.build.BuildVerb object at 0x7729cb9fbf40>, main=<bound method BuildVerb.main of <colcon_core.verb.build.BuildVerb object at 0x7729cb9fbf40>>)
[0.471s] Level 1:colcon.colcon_core.package_discovery:discover_packages(colcon_meta) check parameters
[0.471s] Level 1:colcon.colcon_core.package_discovery:discover_packages(recursive) check parameters
[0.471s] Level 1:colcon.colcon_core.package_discovery:discover_packages(ignore) check parameters
[0.471s] Level 1:colcon.colcon_core.package_discovery:discover_packages(path) check parameters
[0.471s] Level 1:colcon.colcon_core.package_discovery:discover_packages(colcon_meta) discover
[0.471s] Level 1:colcon.colcon_core.package_discovery:discover_packages(recursive) discover
[0.471s] INFO:colcon.colcon_core.package_discovery:Crawling recursively for packages in '/home/ken/tello_ros_ws'
[0.471s] Level 1:colcon.colcon_core.package_identification:_identify(.) by extensions ['ignore', 'ignore_ament_install']
[0.471s] Level 1:colcon.colcon_core.package_identification:_identify(.) by extension 'ignore'
[0.471s] Level 1:colcon.colcon_core.package_identification:_identify(.) by extension 'ignore_ament_install'
[0.471s] Level 1:colcon.colcon_core.package_identification:_identify(.) by extensions ['colcon_pkg']
[0.471s] Level 1:colcon.colcon_core.package_identification:_identify(.) by extension 'colcon_pkg'
[0.471s] Level 1:colcon.colcon_core.package_identification:_identify(.) by extensions ['colcon_meta']
[0.471s] Level 1:colcon.colcon_core.package_identification:_identify(.) by extension 'colcon_meta'
[0.471s] Level 1:colcon.colcon_core.package_identification:_identify(.) by extensions ['ros']
[0.472s] Level 1:colcon.colcon_core.package_identification:_identify(.) by extension 'ros'
[0.487s] Level 1:colcon.colcon_core.package_identification:_identify(.) by extensions ['cmake', 'python']
[0.487s] Level 1:colcon.colcon_core.package_identification:_identify(.) by extension 'cmake'
[0.487s] Level 1:colcon.colcon_core.package_identification:_identify(.) by extension 'python'
[0.487s] Level 1:colcon.colcon_core.package_identification:_identify(.) by extensions ['python_setup_py']
[0.487s] Level 1:colcon.colcon_core.package_identification:_identify(.) by extension 'python_setup_py'
[0.487s] Level 1:colcon.colcon_core.package_identification:_identify(build) by extensions ['ignore', 'ignore_ament_install']
[0.487s] Level 1:colcon.colcon_core.package_identification:_identify(build) by extension 'ignore'
[0.487s] Level 1:colcon.colcon_core.package_identification:_identify(build) ignored
[0.488s] Level 1:colcon.colcon_core.package_identification:_identify(install) by extensions ['ignore', 'ignore_ament_install']
[0.488s] Level 1:colcon.colcon_core.package_identification:_identify(install) by extension 'ignore'
[0.488s] Level 1:colcon.colcon_core.package_identification:_identify(install) ignored
[0.488s] Level 1:colcon.colcon_core.package_identification:_identify(log) by extensions ['ignore', 'ignore_ament_install']
[0.488s] Level 1:colcon.colcon_core.package_identification:_identify(log) by extension 'ignore'
[0.488s] Level 1:colcon.colcon_core.package_identification:_identify(log) ignored
[0.488s] Level 1:colcon.colcon_core.package_identification:_identify(src) by extensions ['ignore', 'ignore_ament_install']
[0.488s] Level 1:colcon.colcon_core.package_identification:_identify(src) by extension 'ignore'
[0.488s] Level 1:colcon.colcon_core.package_identification:_identify(src) by extension 'ignore_ament_install'
[0.488s] Level 1:colcon.colcon_core.package_identification:_identify(src) by extensions ['colcon_pkg']
[0.488s] Level 1:colcon.colcon_core.package_identification:_identify(src) by extension 'colcon_pkg'
[0.488s] Level 1:colcon.colcon_core.package_identification:_identify(src) by extensions ['colcon_meta']
[0.488s] Level 1:colcon.colcon_core.package_identification:_identify(src) by extension 'colcon_meta'
[0.489s] Level 1:colcon.colcon_core.package_identification:_identify(src) by extensions ['ros']
[0.489s] Level 1:colcon.colcon_core.package_identification:_identify(src) by extension 'ros'
[0.489s] Level 1:colcon.colcon_core.package_identification:_identify(src) by extensions ['cmake', 'python']
[0.489s] Level 1:colcon.colcon_core.package_identification:_identify(src) by extension 'cmake'
[0.489s] Level 1:colcon.colcon_core.package_identification:_identify(src) by extension 'python'
[0.489s] Level 1:colcon.colcon_core.package_identification:_identify(src) by extensions ['python_setup_py']
[0.489s] Level 1:colcon.colcon_core.package_identification:_identify(src) by extension 'python_setup_py'
[0.489s] Level 1:colcon.colcon_core.package_identification:_identify(src/tello) by extensions ['ignore', 'ignore_ament_install']
[0.489s] Level 1:colcon.colcon_core.package_identification:_identify(src/tello) by extension 'ignore'
[0.489s] Level 1:colcon.colcon_core.package_identification:_identify(src/tello) by extension 'ignore_ament_install'
[0.489s] Level 1:colcon.colcon_core.package_identification:_identify(src/tello) by extensions ['colcon_pkg']
[0.489s] Level 1:colcon.colcon_core.package_identification:_identify(src/tello) by extension 'colcon_pkg'
[0.489s] Level 1:colcon.colcon_core.package_identification:_identify(src/tello) by extensions ['colcon_meta']
[0.489s] Level 1:colcon.colcon_core.package_identification:_identify(src/tello) by extension 'colcon_meta'
[0.489s] Level 1:colcon.colcon_core.package_identification:_identify(src/tello) by extensions ['ros']
[0.489s] Level 1:colcon.colcon_core.package_identification:_identify(src/tello) by extension 'ros'
[0.493s] DEBUG:colcon.colcon_core.package_identification:Package 'src/tello' with type 'ros.ament_python' and name 'tello'
[0.493s] Level 1:colcon.colcon_core.package_identification:_identify(src/tello_control) by extensions ['ignore', 'ignore_ament_install']
[0.493s] Level 1:colcon.colcon_core.package_identification:_identify(src/tello_control) by extension 'ignore'
[0.493s] Level 1:colcon.colcon_core.package_identification:_identify(src/tello_control) by extension 'ignore_ament_install'
[0.493s] Level 1:colcon.colcon_core.package_identification:_identify(src/tello_control) by extensions ['colcon_pkg']
[0.493s] Level 1:colcon.colcon_core.package_identification:_identify(src/tello_control) by extension 'colcon_pkg'
[0.494s] Level 1:colcon.colcon_core.package_identification:_identify(src/tello_control) by extensions ['colcon_meta']
[0.494s] Level 1:colcon.colcon_core.package_identification:_identify(src/tello_control) by extension 'colcon_meta'
[0.494s] Level 1:colcon.colcon_core.package_identification:_identify(src/tello_control) by extensions ['ros']
[0.494s] Level 1:colcon.colcon_core.package_identification:_identify(src/tello_control) by extension 'ros'
[0.494s] DEBUG:colcon.colcon_core.package_identification:Package 'src/tello_control' with type 'ros.ament_cmake' and name 'tello_control'
[0.494s] Level 1:colcon.colcon_core.package_identification:_identify(src/tello_control_gamepad) by extensions ['ignore', 'ignore_ament_install']
[0.494s] Level 1:colcon.colcon_core.package_identification:_identify(src/tello_control_gamepad) by extension 'ignore'
[0.495s] Level 1:colcon.colcon_core.package_identification:_identify(src/tello_control_gamepad) by extension 'ignore_ament_install'
[0.495s] Level 1:colcon.colcon_core.package_identification:_identify(src/tello_control_gamepad) by extensions ['colcon_pkg']
[0.495s] Level 1:colcon.colcon_core.package_identification:_identify(src/tello_control_gamepad) by extension 'colcon_pkg'
[0.495s] Level 1:colcon.colcon_core.package_identification:_identify(src/tello_control_gamepad) by extensions ['colcon_meta']
[0.495s] Level 1:colcon.colcon_core.package_identification:_identify(src/tello_control_gamepad) by extension 'colcon_meta'
[0.495s] Level 1:colcon.colcon_core.package_identification:_identify(src/tello_control_gamepad) by extensions ['ros']
[0.495s] Level 1:colcon.colcon_core.package_identification:_identify(src/tello_control_gamepad) by extension 'ros'
[0.495s] DEBUG:colcon.colcon_core.package_identification:Package 'src/tello_control_gamepad' with type 'ros.ament_python' and name 'tello_control_gamepad'
[0.495s] Level 1:colcon.colcon_core.package_identification:_identify(src/tello_msg) by extensions ['ignore', 'ignore_ament_install']
[0.496s] Level 1:colcon.colcon_core.package_identification:_identify(src/tello_msg) by extension 'ignore'
[0.496s] Level 1:colcon.colcon_core.package_identification:_identify(src/tello_msg) by extension 'ignore_ament_install'
[0.496s] Level 1:colcon.colcon_core.package_identification:_identify(src/tello_msg) by extensions ['colcon_pkg']
[0.496s] Level 1:colcon.colcon_core.package_identification:_identify(src/tello_msg) by extension 'colcon_pkg'
[0.496s] Level 1:colcon.colcon_core.package_identification:_identify(src/tello_msg) by extensions ['colcon_meta']
[0.496s] Level 1:colcon.colcon_core.package_identification:_identify(src/tello_msg) by extension 'colcon_meta'
[0.496s] Level 1:colcon.colcon_core.package_identification:_identify(src/tello_msg) by extensions ['ros']
[0.496s] Level 1:colcon.colcon_core.package_identification:_identify(src/tello_msg) by extension 'ros'
[0.497s] DEBUG:colcon.colcon_core.package_identification:Package 'src/tello_msg' with type 'ros.ament_cmake' and name 'tello_msg'
[0.497s] Level 1:colcon.colcon_core.package_discovery:discover_packages(recursive) using defaults
[0.497s] Level 1:colcon.colcon_core.package_discovery:discover_packages(ignore) discover
[0.497s] Level 1:colcon.colcon_core.package_discovery:discover_packages(ignore) using defaults
[0.497s] Level 1:colcon.colcon_core.package_discovery:discover_packages(path) discover
[0.497s] Level 1:colcon.colcon_core.package_discovery:discover_packages(path) using defaults
[0.529s] Level 1:colcon.colcon_core.package_discovery:discover_packages(prefix_path) check parameters
[0.529s] Level 1:colcon.colcon_core.package_discovery:discover_packages(prefix_path) discover
[0.533s] DEBUG:colcon.colcon_installed_package_information.package_discovery:Found 282 installed packages in /opt/ros/humble
[0.550s] Level 1:colcon.colcon_core.package_discovery:discover_packages(prefix_path) using defaults
[0.594s] ERROR:colcon.colcon_core.package_augmentation:Exception in package augmentation extension 'python': 
Traceback (most recent call last):
  File "/usr/lib/python3/dist-packages/colcon_core/package_augmentation/__init__.py", line 97, in augment_packages
    retval = extension.augment_packages(
  File "/usr/lib/python3/dist-packages/colcon_installed_package_information/package_augmentation/python.py", line 44, in augment_packages
    dist = next(iter(dists))
StopIteration

[0.601s] Level 5:colcon.colcon_core.verb:set package 'tello_control' build argument 'cmake_args' from command line to 'None'
[0.601s] Level 5:colcon.colcon_core.verb:set package 'tello_control' build argument 'cmake_target' from command line to 'None'
[0.601s] Level 5:colcon.colcon_core.verb:set package 'tello_control' build argument 'cmake_target_skip_unavailable' from command line to 'False'
[0.601s] Level 5:colcon.colcon_core.verb:set package 'tello_control' build argument 'cmake_clean_cache' from command line to 'False'
[0.601s] Level 5:colcon.colcon_core.verb:set package 'tello_control' build argument 'cmake_clean_first' from command line to 'False'
[0.601s] Level 5:colcon.colcon_core.verb:set package 'tello_control' build argument 'cmake_force_configure' from command line to 'False'
[0.601s] Level 5:colcon.colcon_core.verb:set package 'tello_control' build argument 'ament_cmake_args' from command line to 'None'
[0.601s] Level 5:colcon.colcon_core.verb:set package 'tello_control' build argument 'catkin_cmake_args' from command line to 'None'
[0.601s] Level 5:colcon.colcon_core.verb:set package 'tello_control' build argument 'catkin_skip_building_tests' from command line to 'False'
[0.602s] DEBUG:colcon.colcon_core.verb:Building package 'tello_control' with the following arguments: {'ament_cmake_args': None, 'build_base': '/home/ken/tello_ros_ws/build/tello_control', 'catkin_cmake_args': None, 'catkin_skip_building_tests': False, 'cmake_args': None, 'cmake_clean_cache': False, 'cmake_clean_first': False, 'cmake_force_configure': False, 'cmake_target': None, 'cmake_target_skip_unavailable': False, 'install_base': '/home/ken/tello_ros_ws/install/tello_control', 'merge_install': False, 'path': '/home/ken/tello_ros_ws/src/tello_control', 'symlink_install': False, 'test_result_base': None}
[0.602s] Level 5:colcon.colcon_core.verb:set package 'tello_control_gamepad' build argument 'cmake_args' from command line to 'None'
[0.602s] Level 5:colcon.colcon_core.verb:set package 'tello_control_gamepad' build argument 'cmake_target' from command line to 'None'
[0.602s] Level 5:colcon.colcon_core.verb:set package 'tello_control_gamepad' build argument 'cmake_target_skip_unavailable' from command line to 'False'
[0.602s] Level 5:colcon.colcon_core.verb:set package 'tello_control_gamepad' build argument 'cmake_clean_cache' from command line to 'False'
[0.602s] Level 5:colcon.colcon_core.verb:set package 'tello_control_gamepad' build argument 'cmake_clean_first' from command line to 'False'
[0.602s] Level 5:colcon.colcon_core.verb:set package 'tello_control_gamepad' build argument 'cmake_force_configure' from command line to 'False'
[0.602s] Level 5:colcon.colcon_core.verb:set package 'tello_control_gamepad' build argument 'ament_cmake_args' from command line to 'None'
[0.602s] Level 5:colcon.colcon_core.verb:set package 'tello_control_gamepad' build argument 'catkin_cmake_args' from command line to 'None'
[0.602s] Level 5:colcon.colcon_core.verb:set package 'tello_control_gamepad' build argument 'catkin_skip_building_tests' from command line to 'False'
[0.602s] DEBUG:colcon.colcon_core.verb:Building package 'tello_control_gamepad' with the following arguments: {'ament_cmake_args': None, 'build_base': '/home/ken/tello_ros_ws/build/tello_control_gamepad', 'catkin_cmake_args': None, 'catkin_skip_building_tests': False, 'cmake_args': None, 'cmake_clean_cache': False, 'cmake_clean_first': False, 'cmake_force_configure': False, 'cmake_target': None, 'cmake_target_skip_unavailable': False, 'install_base': '/home/ken/tello_ros_ws/install/tello_control_gamepad', 'merge_install': False, 'path': '/home/ken/tello_ros_ws/src/tello_control_gamepad', 'symlink_install': False, 'test_result_base': None}
[0.603s] Level 5:colcon.colcon_core.verb:set package 'tello_msg' build argument 'cmake_args' from command line to 'None'
[0.603s] Level 5:colcon.colcon_core.verb:set package 'tello_msg' build argument 'cmake_target' from command line to 'None'
[0.603s] Level 5:colcon.colcon_core.verb:set package 'tello_msg' build argument 'cmake_target_skip_unavailable' from command line to 'False'
[0.603s] Level 5:colcon.colcon_core.verb:set package 'tello_msg' build argument 'cmake_clean_cache' from command line to 'False'
[0.603s] Level 5:colcon.colcon_core.verb:set package 'tello_msg' build argument 'cmake_clean_first' from command line to 'False'
[0.603s] Level 5:colcon.colcon_core.verb:set package 'tello_msg' build argument 'cmake_force_configure' from command line to 'False'
[0.603s] Level 5:colcon.colcon_core.verb:set package 'tello_msg' build argument 'ament_cmake_args' from command line to 'None'
[0.603s] Level 5:colcon.colcon_core.verb:set package 'tello_msg' build argument 'catkin_cmake_args' from command line to 'None'
[0.603s] Level 5:colcon.colcon_core.verb:set package 'tello_msg' build argument 'catkin_skip_building_tests' from command line to 'False'
[0.603s] DEBUG:colcon.colcon_core.verb:Building package 'tello_msg' with the following arguments: {'ament_cmake_args': None, 'build_base': '/home/ken/tello_ros_ws/build/tello_msg', 'catkin_cmake_args': None, 'catkin_skip_building_tests': False, 'cmake_args': None, 'cmake_clean_cache': False, 'cmake_clean_first': False, 'cmake_force_configure': False, 'cmake_target': None, 'cmake_target_skip_unavailable': False, 'install_base': '/home/ken/tello_ros_ws/install/tello_msg', 'merge_install': False, 'path': '/home/ken/tello_ros_ws/src/tello_msg', 'symlink_install': False, 'test_result_base': None}
[0.603s] Level 5:colcon.colcon_core.verb:set package 'tello' build argument 'cmake_args' from command line to 'None'
[0.603s] Level 5:colcon.colcon_core.verb:set package 'tello' build argument 'cmake_target' from command line to 'None'
[0.603s] Level 5:colcon.colcon_core.verb:set package 'tello' build argument 'cmake_target_skip_unavailable' from command line to 'False'
[0.603s] Level 5:colcon.colcon_core.verb:set package 'tello' build argument 'cmake_clean_cache' from command line to 'False'
[0.603s] Level 5:colcon.colcon_core.verb:set package 'tello' build argument 'cmake_clean_first' from command line to 'False'
[0.603s] Level 5:colcon.colcon_core.verb:set package 'tello' build argument 'cmake_force_configure' from command line to 'False'
[0.603s] Level 5:colcon.colcon_core.verb:set package 'tello' build argument 'ament_cmake_args' from command line to 'None'
[0.603s] Level 5:colcon.colcon_core.verb:set package 'tello' build argument 'catkin_cmake_args' from command line to 'None'
[0.604s] Level 5:colcon.colcon_core.verb:set package 'tello' build argument 'catkin_skip_building_tests' from command line to 'False'
[0.604s] DEBUG:colcon.colcon_core.verb:Building package 'tello' with the following arguments: {'ament_cmake_args': None, 'build_base': '/home/ken/tello_ros_ws/build/tello', 'catkin_cmake_args': None, 'catkin_skip_building_tests': False, 'cmake_args': None, 'cmake_clean_cache': False, 'cmake_clean_first': False, 'cmake_force_configure': False, 'cmake_target': None, 'cmake_target_skip_unavailable': False, 'install_base': '/home/ken/tello_ros_ws/install/tello', 'merge_install': False, 'path': '/home/ken/tello_ros_ws/src/tello', 'symlink_install': False, 'test_result_base': None}
[0.604s] INFO:colcon.colcon_core.executor:Executing jobs using 'parallel' executor
[0.605s] DEBUG:colcon.colcon_parallel_executor.executor.parallel:run_until_complete
[0.605s] INFO:colcon.colcon_ros.task.ament_cmake.build:Building ROS package in '/home/ken/tello_ros_ws/src/tello_msg' with build type 'ament_cmake'
[0.605s] INFO:colcon.colcon_cmake.task.cmake.build:Building CMake package in '/home/ken/tello_ros_ws/src/tello_msg'
[0.611s] INFO:colcon.colcon_core.plugin_system:Skipping extension 'colcon_core.shell.bat': Not used on non-Windows systems
[0.611s] INFO:colcon.colcon_core.shell:Skip shell extension 'powershell' for command environment: Not usable outside of PowerShell
[0.611s] DEBUG:colcon.colcon_core.shell:Skip shell extension 'dsv' for command environment
[0.616s] INFO:colcon.colcon_ros.task.ament_cmake.build:Building ROS package in '/home/ken/tello_ros_ws/src/tello_control' with build type 'ament_cmake'
[0.616s] INFO:colcon.colcon_cmake.task.cmake.build:Building CMake package in '/home/ken/tello_ros_ws/src/tello_control'
[0.617s] INFO:colcon.colcon_core.shell:Skip shell extension 'powershell' for command environment: Not usable outside of PowerShell
[0.617s] DEBUG:colcon.colcon_core.shell:Skip shell extension 'dsv' for command environment
[0.620s] INFO:colcon.colcon_ros.task.ament_python.build:Building ROS package in '/home/ken/tello_ros_ws/src/tello_control_gamepad' with build type 'ament_python'
[0.620s] Level 1:colcon.colcon_core.shell:create_environment_hook('tello_control_gamepad', 'ament_prefix_path')
[0.621s] INFO:colcon.colcon_core.shell:Creating environment hook '/home/ken/tello_ros_ws/install/tello_control_gamepad/share/tello_control_gamepad/hook/ament_prefix_path.ps1'
[0.622s] INFO:colcon.colcon_core.shell:Creating environment descriptor '/home/ken/tello_ros_ws/install/tello_control_gamepad/share/tello_control_gamepad/hook/ament_prefix_path.dsv'
[0.624s] INFO:colcon.colcon_core.shell:Creating environment hook '/home/ken/tello_ros_ws/install/tello_control_gamepad/share/tello_control_gamepad/hook/ament_prefix_path.sh'
[0.625s] INFO:colcon.colcon_core.shell:Skip shell extension 'powershell' for command environment: Not usable outside of PowerShell
[0.626s] DEBUG:colcon.colcon_core.shell:Skip shell extension 'dsv' for command environment
[0.638s] DEBUG:colcon.colcon_core.event_handler.log_command:Invoking command in '/home/ken/tello_ros_ws/build/tello_msg': CMAKE_PREFIX_PATH=/opt/ros/humble /usr/bin/cmake --build /home/ken/tello_ros_ws/build/tello_msg -- -j4 -l4
[0.647s] DEBUG:colcon.colcon_core.event_handler.log_command:Invoking command in '/home/ken/tello_ros_ws/build/tello_control': CMAKE_PREFIX_PATH=/opt/ros/humble /usr/bin/cmake --build /home/ken/tello_ros_ws/build/tello_control -- -j4 -l4
[1.171s] INFO:colcon.colcon_core.task.python.build:Building Python package in '/home/ken/tello_ros_ws/src/tello_control_gamepad'
[1.172s] INFO:colcon.colcon_core.shell:Skip shell extension 'powershell' for command environment: Not usable outside of PowerShell
[1.172s] DEBUG:colcon.colcon_core.shell:Skip shell extension 'dsv' for command environment
[1.181s] DEBUG:colcon.colcon_core.event_handler.log_command:Invoked command in '/home/ken/tello_ros_ws/build/tello_control' returned '0': CMAKE_PREFIX_PATH=/opt/ros/humble /usr/bin/cmake --build /home/ken/tello_ros_ws/build/tello_control -- -j4 -l4
[1.248s] DEBUG:colcon.colcon_core.event_handler.log_command:Invoking command in '/home/ken/tello_ros_ws/build/tello_control': CMAKE_PREFIX_PATH=/opt/ros/humble /usr/bin/cmake --install /home/ken/tello_ros_ws/build/tello_control
[1.286s] Level 1:colcon.colcon_core.environment:create_environment_scripts_only(tello_control)
[1.287s] DEBUG:colcon.colcon_core.event_handler.log_command:Invoked command in '/home/ken/tello_ros_ws/build/tello_control' returned '0': CMAKE_PREFIX_PATH=/opt/ros/humble /usr/bin/cmake --install /home/ken/tello_ros_ws/build/tello_control
[1.294s] Level 1:colcon.colcon_core.environment:checking '/home/ken/tello_ros_ws/install/tello_control' for CMake module files
[1.295s] Level 1:colcon.colcon_core.environment:checking '/home/ken/tello_ros_ws/install/tello_control' for CMake config files
[1.296s] Level 1:colcon.colcon_core.shell:create_environment_hook('tello_control', 'cmake_prefix_path')
[1.296s] INFO:colcon.colcon_core.shell:Creating environment hook '/home/ken/tello_ros_ws/install/tello_control/share/tello_control/hook/cmake_prefix_path.ps1'
[1.297s] INFO:colcon.colcon_core.shell:Creating environment descriptor '/home/ken/tello_ros_ws/install/tello_control/share/tello_control/hook/cmake_prefix_path.dsv'
[1.298s] INFO:colcon.colcon_core.shell:Creating environment hook '/home/ken/tello_ros_ws/install/tello_control/share/tello_control/hook/cmake_prefix_path.sh'
[1.299s] Level 1:colcon.colcon_core.environment:checking '/home/ken/tello_ros_ws/install/tello_control/lib'
[1.299s] Level 1:colcon.colcon_core.environment:checking '/home/ken/tello_ros_ws/install/tello_control/bin'
[1.299s] Level 1:colcon.colcon_core.environment:checking '/home/ken/tello_ros_ws/install/tello_control/lib/pkgconfig/tello_control.pc'
[1.300s] Level 1:colcon.colcon_core.environment:checking '/home/ken/tello_ros_ws/install/tello_control/lib/python3.10/site-packages'
[1.300s] Level 1:colcon.colcon_core.environment:checking '/home/ken/tello_ros_ws/install/tello_control/bin'
[1.301s] INFO:colcon.colcon_core.shell:Creating package script '/home/ken/tello_ros_ws/install/tello_control/share/tello_control/package.ps1'
[1.303s] INFO:colcon.colcon_core.shell:Creating package descriptor '/home/ken/tello_ros_ws/install/tello_control/share/tello_control/package.dsv'
[1.304s] INFO:colcon.colcon_core.shell:Creating package script '/home/ken/tello_ros_ws/install/tello_control/share/tello_control/package.sh'
[1.306s] INFO:colcon.colcon_core.shell:Creating package script '/home/ken/tello_ros_ws/install/tello_control/share/tello_control/package.bash'
[1.308s] INFO:colcon.colcon_core.shell:Creating package script '/home/ken/tello_ros_ws/install/tello_control/share/tello_control/package.zsh'
[1.310s] Level 1:colcon.colcon_core.environment:create_file_with_runtime_dependencies(/home/ken/tello_ros_ws/install/tello_control/share/colcon-core/packages/tello_control)
[1.356s] Level 1:colcon.colcon_core.environment:create_environment_scripts_only(tello_control)
[1.356s] Level 1:colcon.colcon_core.environment:checking '/home/ken/tello_ros_ws/install/tello_control' for CMake module files
[1.357s] Level 1:colcon.colcon_core.environment:checking '/home/ken/tello_ros_ws/install/tello_control' for CMake config files
[1.358s] Level 1:colcon.colcon_core.shell:create_environment_hook('tello_control', 'cmake_prefix_path')
[1.359s] INFO:colcon.colcon_core.shell:Creating environment hook '/home/ken/tello_ros_ws/install/tello_control/share/tello_control/hook/cmake_prefix_path.ps1'
[1.359s] INFO:colcon.colcon_core.shell:Creating environment descriptor '/home/ken/tello_ros_ws/install/tello_control/share/tello_control/hook/cmake_prefix_path.dsv'
[1.360s] INFO:colcon.colcon_core.shell:Creating environment hook '/home/ken/tello_ros_ws/install/tello_control/share/tello_control/hook/cmake_prefix_path.sh'
[1.361s] Level 1:colcon.colcon_core.environment:checking '/home/ken/tello_ros_ws/install/tello_control/lib'
[1.361s] Level 1:colcon.colcon_core.environment:checking '/home/ken/tello_ros_ws/install/tello_control/bin'
[1.361s] Level 1:colcon.colcon_core.environment:checking '/home/ken/tello_ros_ws/install/tello_control/lib/pkgconfig/tello_control.pc'
[1.362s] Level 1:colcon.colcon_core.environment:checking '/home/ken/tello_ros_ws/install/tello_control/lib/python3.10/site-packages'
[1.362s] Level 1:colcon.colcon_core.environment:checking '/home/ken/tello_ros_ws/install/tello_control/bin'
[1.363s] INFO:colcon.colcon_core.shell:Creating package script '/home/ken/tello_ros_ws/install/tello_control/share/tello_control/package.ps1'
[1.364s] INFO:colcon.colcon_core.shell:Creating package descriptor '/home/ken/tello_ros_ws/install/tello_control/share/tello_control/package.dsv'
[1.365s] INFO:colcon.colcon_core.shell:Creating package script '/home/ken/tello_ros_ws/install/tello_control/share/tello_control/package.sh'
[1.365s] INFO:colcon.colcon_core.shell:Creating package script '/home/ken/tello_ros_ws/install/tello_control/share/tello_control/package.bash'
[1.366s] INFO:colcon.colcon_core.shell:Creating package script '/home/ken/tello_ros_ws/install/tello_control/share/tello_control/package.zsh'
[1.367s] Level 1:colcon.colcon_core.environment:create_file_with_runtime_dependencies(/home/ken/tello_ros_ws/install/tello_control/share/colcon-core/packages/tello_control)
[1.452s] DEBUG:colcon.colcon_core.event_handler.log_command:Invoked command in '/home/ken/tello_ros_ws/build/tello_msg' returned '0': CMAKE_PREFIX_PATH=/opt/ros/humble /usr/bin/cmake --build /home/ken/tello_ros_ws/build/tello_msg -- -j4 -l4
[1.593s] DEBUG:colcon.colcon_core.event_handler.log_command:Invoking command in '/home/ken/tello_ros_ws/build/tello_msg': CMAKE_PREFIX_PATH=/opt/ros/humble /usr/bin/cmake --install /home/ken/tello_ros_ws/build/tello_msg
[1.710s] Level 1:colcon.colcon_core.environment:create_environment_scripts_only(tello_msg)
[1.711s] Level 1:colcon.colcon_core.environment:checking '/home/ken/tello_ros_ws/install/tello_msg' for CMake module files
[1.711s] DEBUG:colcon.colcon_core.event_handler.log_command:Invoked command in '/home/ken/tello_ros_ws/build/tello_msg' returned '0': CMAKE_PREFIX_PATH=/opt/ros/humble /usr/bin/cmake --install /home/ken/tello_ros_ws/build/tello_msg
[1.712s] Level 1:colcon.colcon_core.environment:checking '/home/ken/tello_ros_ws/install/tello_msg' for CMake config files
[1.714s] Level 1:colcon.colcon_core.shell:create_environment_hook('tello_msg', 'cmake_prefix_path')
[1.714s] INFO:colcon.colcon_core.shell:Creating environment hook '/home/ken/tello_ros_ws/install/tello_msg/share/tello_msg/hook/cmake_prefix_path.ps1'
[1.715s] INFO:colcon.colcon_core.shell:Creating environment descriptor '/home/ken/tello_ros_ws/install/tello_msg/share/tello_msg/hook/cmake_prefix_path.dsv'
[1.715s] INFO:colcon.colcon_core.shell:Creating environment hook '/home/ken/tello_ros_ws/install/tello_msg/share/tello_msg/hook/cmake_prefix_path.sh'
[1.716s] Level 1:colcon.colcon_core.environment:checking '/home/ken/tello_ros_ws/install/tello_msg/lib'
[1.716s] Level 1:colcon.colcon_core.shell:create_environment_hook('tello_msg', 'ld_library_path_lib')
[1.716s] INFO:colcon.colcon_core.shell:Creating environment hook '/home/ken/tello_ros_ws/install/tello_msg/share/tello_msg/hook/ld_library_path_lib.ps1'
[1.717s] INFO:colcon.colcon_core.shell:Creating environment descriptor '/home/ken/tello_ros_ws/install/tello_msg/share/tello_msg/hook/ld_library_path_lib.dsv'
[1.717s] INFO:colcon.colcon_core.shell:Creating environment hook '/home/ken/tello_ros_ws/install/tello_msg/share/tello_msg/hook/ld_library_path_lib.sh'
[1.717s] Level 1:colcon.colcon_core.environment:checking '/home/ken/tello_ros_ws/install/tello_msg/bin'
[1.718s] Level 1:colcon.colcon_core.environment:checking '/home/ken/tello_ros_ws/install/tello_msg/lib/pkgconfig/tello_msg.pc'
[1.718s] Level 1:colcon.colcon_core.environment:checking '/home/ken/tello_ros_ws/install/tello_msg/lib/python3.10/site-packages'
[1.718s] Level 1:colcon.colcon_core.environment:checking '/home/ken/tello_ros_ws/install/tello_msg/bin'
[1.719s] INFO:colcon.colcon_core.shell:Creating package script '/home/ken/tello_ros_ws/install/tello_msg/share/tello_msg/package.ps1'
[1.719s] INFO:colcon.colcon_core.shell:Creating package descriptor '/home/ken/tello_ros_ws/install/tello_msg/share/tello_msg/package.dsv'
[1.720s] INFO:colcon.colcon_core.shell:Creating package script '/home/ken/tello_ros_ws/install/tello_msg/share/tello_msg/package.sh'
[1.720s] INFO:colcon.colcon_core.shell:Creating package script '/home/ken/tello_ros_ws/install/tello_msg/share/tello_msg/package.bash'
[1.721s] INFO:colcon.colcon_core.shell:Creating package script '/home/ken/tello_ros_ws/install/tello_msg/share/tello_msg/package.zsh'
[1.721s] Level 1:colcon.colcon_core.environment:create_file_with_runtime_dependencies(/home/ken/tello_ros_ws/install/tello_msg/share/colcon-core/packages/tello_msg)
[1.770s] DEBUG:colcon.colcon_core.event_handler.log_command:Invoking command in '/home/ken/tello_ros_ws/src/tello_control_gamepad': PYTHONPATH=/home/ken/tello_ros_ws/build/tello_control_gamepad/prefix_override:/home/ken/tello_ros_ws/install/tello_control_gamepad/lib/python3.10/site-packages:${PYTHONPATH} /usr/bin/python3 -W ignore:setup.py install is deprecated setup.py egg_info --egg-base ../../build/tello_control_gamepad build --build-base /home/ken/tello_ros_ws/build/tello_control_gamepad/build install --record /home/ken/tello_ros_ws/build/tello_control_gamepad/install.log --single-version-externally-managed install_data
[1.864s] Level 1:colcon.colcon_core.environment:create_environment_scripts_only(tello_msg)
[1.865s] Level 1:colcon.colcon_core.environment:checking '/home/ken/tello_ros_ws/install/tello_msg' for CMake module files
[1.866s] Level 1:colcon.colcon_core.environment:checking '/home/ken/tello_ros_ws/install/tello_msg' for CMake config files
[1.868s] Level 1:colcon.colcon_core.shell:create_environment_hook('tello_msg', 'cmake_prefix_path')
[1.868s] INFO:colcon.colcon_core.shell:Creating environment hook '/home/ken/tello_ros_ws/install/tello_msg/share/tello_msg/hook/cmake_prefix_path.ps1'
[1.869s] INFO:colcon.colcon_core.shell:Creating environment descriptor '/home/ken/tello_ros_ws/install/tello_msg/share/tello_msg/hook/cmake_prefix_path.dsv'
[1.869s] INFO:colcon.colcon_core.shell:Creating environment hook '/home/ken/tello_ros_ws/install/tello_msg/share/tello_msg/hook/cmake_prefix_path.sh'
[1.870s] Level 1:colcon.colcon_core.environment:checking '/home/ken/tello_ros_ws/install/tello_msg/lib'
[1.870s] Level 1:colcon.colcon_core.shell:create_environment_hook('tello_msg', 'ld_library_path_lib')
[1.871s] INFO:colcon.colcon_core.shell:Creating environment hook '/home/ken/tello_ros_ws/install/tello_msg/share/tello_msg/hook/ld_library_path_lib.ps1'
[1.871s] INFO:colcon.colcon_core.shell:Creating environment descriptor '/home/ken/tello_ros_ws/install/tello_msg/share/tello_msg/hook/ld_library_path_lib.dsv'
[1.872s] INFO:colcon.colcon_core.shell:Creating environment hook '/home/ken/tello_ros_ws/install/tello_msg/share/tello_msg/hook/ld_library_path_lib.sh'
[1.872s] Level 1:colcon.colcon_core.environment:checking '/home/ken/tello_ros_ws/install/tello_msg/bin'
[1.872s] Level 1:colcon.colcon_core.environment:checking '/home/ken/tello_ros_ws/install/tello_msg/lib/pkgconfig/tello_msg.pc'
[1.872s] Level 1:colcon.colcon_core.environment:checking '/home/ken/tello_ros_ws/install/tello_msg/lib/python3.10/site-packages'
[1.873s] Level 1:colcon.colcon_core.environment:checking '/home/ken/tello_ros_ws/install/tello_msg/bin'
[1.873s] INFO:colcon.colcon_core.shell:Creating package script '/home/ken/tello_ros_ws/install/tello_msg/share/tello_msg/package.ps1'
[1.874s] INFO:colcon.colcon_core.shell:Creating package descriptor '/home/ken/tello_ros_ws/install/tello_msg/share/tello_msg/package.dsv'
[1.874s] INFO:colcon.colcon_core.shell:Creating package script '/home/ken/tello_ros_ws/install/tello_msg/share/tello_msg/package.sh'
[1.875s] INFO:colcon.colcon_core.shell:Creating package script '/home/ken/tello_ros_ws/install/tello_msg/share/tello_msg/package.bash'
[1.875s] INFO:colcon.colcon_core.shell:Creating package script '/home/ken/tello_ros_ws/install/tello_msg/share/tello_msg/package.zsh'
[1.876s] Level 1:colcon.colcon_core.environment:create_file_with_runtime_dependencies(/home/ken/tello_ros_ws/install/tello_msg/share/colcon-core/packages/tello_msg)
[1.876s] INFO:colcon.colcon_ros.task.ament_python.build:Building ROS package in '/home/ken/tello_ros_ws/src/tello' with build type 'ament_python'
[1.876s] Level 1:colcon.colcon_core.shell:create_environment_hook('tello', 'ament_prefix_path')
[1.877s] INFO:colcon.colcon_core.shell:Creating environment hook '/home/ken/tello_ros_ws/install/tello/share/tello/hook/ament_prefix_path.ps1'
[1.878s] INFO:colcon.colcon_core.shell:Creating environment descriptor '/home/ken/tello_ros_ws/install/tello/share/tello/hook/ament_prefix_path.dsv'
[1.879s] INFO:colcon.colcon_core.shell:Creating environment hook '/home/ken/tello_ros_ws/install/tello/share/tello/hook/ament_prefix_path.sh'
[1.880s] INFO:colcon.colcon_core.shell:Skip shell extension 'powershell' for command environment: Not usable outside of PowerShell
[1.880s] DEBUG:colcon.colcon_core.shell:Skip shell extension 'dsv' for command environment
[2.236s] INFO:colcon.colcon_core.task.python.build:Building Python package in '/home/ken/tello_ros_ws/src/tello'
[2.237s] INFO:colcon.colcon_core.shell:Skip shell extension 'powershell' for command environment: Not usable outside of PowerShell
[2.237s] DEBUG:colcon.colcon_core.shell:Skip shell extension 'dsv' for command environment
[2.242s] Level 1:colcon.colcon_core.environment:checking '/home/ken/tello_ros_ws/install/tello_control_gamepad' for CMake module files
[2.243s] DEBUG:colcon.colcon_core.event_handler.log_command:Invoked command in '/home/ken/tello_ros_ws/src/tello_control_gamepad' returned '0': PYTHONPATH=/home/ken/tello_ros_ws/build/tello_control_gamepad/prefix_override:/home/ken/tello_ros_ws/install/tello_control_gamepad/lib/python3.10/site-packages:${PYTHONPATH} /usr/bin/python3 -W ignore:setup.py install is deprecated setup.py egg_info --egg-base ../../build/tello_control_gamepad build --build-base /home/ken/tello_ros_ws/build/tello_control_gamepad/build install --record /home/ken/tello_ros_ws/build/tello_control_gamepad/install.log --single-version-externally-managed install_data
[2.243s] Level 1:colcon.colcon_core.environment:checking '/home/ken/tello_ros_ws/install/tello_control_gamepad' for CMake config files
[2.244s] Level 1:colcon.colcon_core.environment:checking '/home/ken/tello_ros_ws/install/tello_control_gamepad/lib'
[2.244s] Level 1:colcon.colcon_core.environment:checking '/home/ken/tello_ros_ws/install/tello_control_gamepad/bin'
[2.245s] Level 1:colcon.colcon_core.environment:checking '/home/ken/tello_ros_ws/install/tello_control_gamepad/lib/pkgconfig/tello_control_gamepad.pc'
[2.245s] Level 1:colcon.colcon_core.environment:checking '/home/ken/tello_ros_ws/install/tello_control_gamepad/lib/python3.10/site-packages'
[2.245s] Level 1:colcon.colcon_core.shell:create_environment_hook('tello_control_gamepad', 'pythonpath')
[2.246s] INFO:colcon.colcon_core.shell:Creating environment hook '/home/ken/tello_ros_ws/install/tello_control_gamepad/share/tello_control_gamepad/hook/pythonpath.ps1'
[2.246s] INFO:colcon.colcon_core.shell:Creating environment descriptor '/home/ken/tello_ros_ws/install/tello_control_gamepad/share/tello_control_gamepad/hook/pythonpath.dsv'
[2.247s] INFO:colcon.colcon_core.shell:Creating environment hook '/home/ken/tello_ros_ws/install/tello_control_gamepad/share/tello_control_gamepad/hook/pythonpath.sh'
[2.247s] Level 1:colcon.colcon_core.environment:checking '/home/ken/tello_ros_ws/install/tello_control_gamepad/bin'
[2.247s] Level 1:colcon.colcon_core.environment:create_environment_scripts_only(tello_control_gamepad)
[2.248s] INFO:colcon.colcon_core.shell:Creating package script '/home/ken/tello_ros_ws/install/tello_control_gamepad/share/tello_control_gamepad/package.ps1'
[2.248s] INFO:colcon.colcon_core.shell:Creating package descriptor '/home/ken/tello_ros_ws/install/tello_control_gamepad/share/tello_control_gamepad/package.dsv'
[2.249s] INFO:colcon.colcon_core.shell:Creating package script '/home/ken/tello_ros_ws/install/tello_control_gamepad/share/tello_control_gamepad/package.sh'
[2.249s] INFO:colcon.colcon_core.shell:Creating package script '/home/ken/tello_ros_ws/install/tello_control_gamepad/share/tello_control_gamepad/package.bash'
[2.250s] INFO:colcon.colcon_core.shell:Creating package script '/home/ken/tello_ros_ws/install/tello_control_gamepad/share/tello_control_gamepad/package.zsh'
[2.250s] Level 1:colcon.colcon_core.environment:create_file_with_runtime_dependencies(/home/ken/tello_ros_ws/install/tello_control_gamepad/share/colcon-core/packages/tello_control_gamepad)
[2.682s] DEBUG:colcon.colcon_core.event_handler.log_command:Invoking command in '/home/ken/tello_ros_ws/src/tello': AMENT_PREFIX_PATH=/home/ken/tello_ros_ws/install/tello_msg:${AMENT_PREFIX_PATH} CMAKE_PREFIX_PATH=/home/ken/tello_ros_ws/install/tello_msg LD_LIBRARY_PATH=/home/ken/tello_ros_ws/install/tello_msg/lib:${LD_LIBRARY_PATH} PYTHONPATH=/home/ken/tello_ros_ws/build/tello/prefix_override:/home/ken/tello_ros_ws/install/tello/lib/python3.10/site-packages:/home/ken/tello_ros_ws/install/tello_msg/local/lib/python3.10/dist-packages:${PYTHONPATH} /usr/bin/python3 -W ignore:setup.py install is deprecated setup.py egg_info --egg-base ../../build/tello build --build-base /home/ken/tello_ros_ws/build/tello/build install --record /home/ken/tello_ros_ws/build/tello/install.log --install-scripts $base/lib/tello --single-version-externally-managed install_data
[3.053s] Level 1:colcon.colcon_core.environment:checking '/home/ken/tello_ros_ws/install/tello' for CMake module files
[3.054s] DEBUG:colcon.colcon_core.event_handler.log_command:Invoked command in '/home/ken/tello_ros_ws/src/tello' returned '0': AMENT_PREFIX_PATH=/home/ken/tello_ros_ws/install/tello_msg:${AMENT_PREFIX_PATH} CMAKE_PREFIX_PATH=/home/ken/tello_ros_ws/install/tello_msg LD_LIBRARY_PATH=/home/ken/tello_ros_ws/install/tello_msg/lib:${LD_LIBRARY_PATH} PYTHONPATH=/home/ken/tello_ros_ws/build/tello/prefix_override:/home/ken/tello_ros_ws/install/tello/lib/python3.10/site-packages:/home/ken/tello_ros_ws/install/tello_msg/local/lib/python3.10/dist-packages:${PYTHONPATH} /usr/bin/python3 -W ignore:setup.py install is deprecated setup.py egg_info --egg-base ../../build/tello build --build-base /home/ken/tello_ros_ws/build/tello/build install --record /home/ken/tello_ros_ws/build/tello/install.log --install-scripts $base/lib/tello --single-version-externally-managed install_data
[3.054s] Level 1:colcon.colcon_core.environment:checking '/home/ken/tello_ros_ws/install/tello' for CMake config files
[3.055s] Level 1:colcon.colcon_core.environment:checking '/home/ken/tello_ros_ws/install/tello/lib'
[3.055s] Level 1:colcon.colcon_core.environment:checking '/home/ken/tello_ros_ws/install/tello/bin'
[3.055s] Level 1:colcon.colcon_core.environment:checking '/home/ken/tello_ros_ws/install/tello/lib/pkgconfig/tello.pc'
[3.055s] Level 1:colcon.colcon_core.environment:checking '/home/ken/tello_ros_ws/install/tello/lib/python3.10/site-packages'
[3.056s] Level 1:colcon.colcon_core.shell:create_environment_hook('tello', 'pythonpath')
[3.056s] INFO:colcon.colcon_core.shell:Creating environment hook '/home/ken/tello_ros_ws/install/tello/share/tello/hook/pythonpath.ps1'
[3.056s] INFO:colcon.colcon_core.shell:Creating environment descriptor '/home/ken/tello_ros_ws/install/tello/share/tello/hook/pythonpath.dsv'
[3.057s] INFO:colcon.colcon_core.shell:Creating environment hook '/home/ken/tello_ros_ws/install/tello/share/tello/hook/pythonpath.sh'
[3.057s] Level 1:colcon.colcon_core.environment:checking '/home/ken/tello_ros_ws/install/tello/bin'
[3.057s] Level 1:colcon.colcon_core.environment:create_environment_scripts_only(tello)
[3.058s] INFO:colcon.colcon_core.shell:Creating package script '/home/ken/tello_ros_ws/install/tello/share/tello/package.ps1'
[3.058s] INFO:colcon.colcon_core.shell:Creating package descriptor '/home/ken/tello_ros_ws/install/tello/share/tello/package.dsv'
[3.059s] INFO:colcon.colcon_core.shell:Creating package script '/home/ken/tello_ros_ws/install/tello/share/tello/package.sh'
[3.059s] INFO:colcon.colcon_core.shell:Creating package script '/home/ken/tello_ros_ws/install/tello/share/tello/package.bash'
[3.059s] INFO:colcon.colcon_core.shell:Creating package script '/home/ken/tello_ros_ws/install/tello/share/tello/package.zsh'
[3.060s] Level 1:colcon.colcon_core.environment:create_file_with_runtime_dependencies(/home/ken/tello_ros_ws/install/tello/share/colcon-core/packages/tello)
[3.060s] DEBUG:colcon.colcon_parallel_executor.executor.parallel:closing loop
[3.061s] DEBUG:colcon.colcon_parallel_executor.executor.parallel:loop closed
[3.061s] DEBUG:colcon.colcon_parallel_executor.executor.parallel:run_until_complete finished with '0'
[3.061s] DEBUG:colcon.colcon_core.event_reactor:joining thread
[3.074s] INFO:colcon.colcon_core.plugin_system:Skipping extension 'colcon_notification.desktop_notification.terminal_notifier': Not used on non-Darwin systems
[3.074s] INFO:colcon.colcon_core.plugin_system:Skipping extension 'colcon_notification.desktop_notification.win32': Not used on non-Windows systems
[3.074s] INFO:colcon.colcon_notification.desktop_notification:Sending desktop notification using 'notify2'
[3.102s] DEBUG:colcon.colcon_core.event_reactor:joined thread
[3.103s] INFO:colcon.colcon_core.shell:Creating prefix script '/home/ken/tello_ros_ws/install/local_setup.ps1'
[3.104s] INFO:colcon.colcon_core.shell:Creating prefix util module '/home/ken/tello_ros_ws/install/_local_setup_util_ps1.py'
[3.106s] INFO:colcon.colcon_core.shell:Creating prefix chain script '/home/ken/tello_ros_ws/install/setup.ps1'
[3.108s] INFO:colcon.colcon_core.shell:Creating prefix script '/home/ken/tello_ros_ws/install/local_setup.sh'
[3.109s] INFO:colcon.colcon_core.shell:Creating prefix util module '/home/ken/tello_ros_ws/install/_local_setup_util_sh.py'
[3.110s] INFO:colcon.colcon_core.shell:Creating prefix chain script '/home/ken/tello_ros_ws/install/setup.sh'
[3.112s] INFO:colcon.colcon_core.shell:Creating prefix script '/home/ken/tello_ros_ws/install/local_setup.bash'
[3.113s] INFO:colcon.colcon_core.shell:Creating prefix chain script '/home/ken/tello_ros_ws/install/setup.bash'
[3.115s] INFO:colcon.colcon_core.shell:Creating prefix script '/home/ken/tello_ros_ws/install/local_setup.zsh'
[3.116s] INFO:colcon.colcon_core.shell:Creating prefix chain script '/home/ken/tello_ros_ws/install/setup.zsh'
