[0.847s] Invoking command in '/home/ken/tello_ros_ws/build/tello': AMENT_PREFIX_PATH=/home/ken/tello_ros_ws/install/tello_msg:${AMENT_PREFIX_PATH} CMAKE_PREFIX_PATH=/home/ken/tello_ros_ws/install/tello_msg LD_LIBRARY_PATH=/home/ken/tello_ros_ws/install/tello_msg/lib:${LD_LIBRARY_PATH} PYTHONPATH=/home/ken/tello_ros_ws/build/tello/prefix_override:/home/ken/tello_ros_ws/install/tello/lib/python3.10/site-packages:/home/ken/tello_ros_ws/install/tello_msg/local/lib/python3.10/dist-packages:${PYTHONPATH} /usr/bin/python3 -W ignore:setup.py install is deprecated setup.py develop --editable --build-directory /home/ken/tello_ros_ws/build/tello/build --no-deps symlink_data
[1.154s] /usr/lib/python3/dist-packages/setuptools/dist.py:723: UserWarning: Usage of dash-separated 'script-dir' will not be supported in future versions. Please use the underscore name 'script_dir' instead
[1.154s]   warnings.warn(
[1.203s] running develop
[1.203s] /usr/lib/python3/dist-packages/setuptools/command/easy_install.py:158: EasyInstallDeprecationWarning: easy_install command is deprecated. Use build and pip and other standards-based tools.
[1.203s]   warnings.warn(
[1.418s] running egg_info
[1.418s] writing tello.egg-info/PKG-INFO
[1.419s] writing dependency_links to tello.egg-info/dependency_links.txt
[1.419s] writing entry points to tello.egg-info/entry_points.txt
[1.419s] writing requirements to tello.egg-info/requires.txt
[1.419s] writing top-level names to tello.egg-info/top_level.txt
[1.422s] reading manifest file 'tello.egg-info/SOURCES.txt'
[1.423s] writing manifest file 'tello.egg-info/SOURCES.txt'
[1.425s] running build_ext
[1.425s] Creating /home/ken/tello_ros_ws/install/tello/lib/python3.10/site-packages/tello.egg-link (link to .)
[1.426s] Installing tello script to /home/ken/tello_ros_ws/install/tello/lib/tello
[1.427s] 
[1.427s] Installed /home/ken/tello_ros_ws/build/tello
[1.427s] running symlink_data
