[0.779s] Invoking command in '/home/ken/tello_ros_ws/src/tello_control_gamepad': PYTHONPATH=/home/ken/tello_ros_ws/build/tello_control_gamepad/prefix_override:/home/ken/tello_ros_ws/install/tello_control_gamepad/lib/python3.10/site-packages:${PYTHONPATH} /usr/bin/python3 -W ignore:setup.py install is deprecated setup.py egg_info --egg-base ../../build/tello_control_gamepad build --build-base /home/ken/tello_ros_ws/build/tello_control_gamepad/build install --record /home/ken/tello_ros_ws/build/tello_control_gamepad/install.log --single-version-externally-managed install_data
[1.116s] running egg_info
[1.117s] writing ../../build/tello_control_gamepad/tello_control_gamepad.egg-info/PKG-INFO
[1.118s] writing dependency_links to ../../build/tello_control_gamepad/tello_control_gamepad.egg-info/dependency_links.txt
[1.118s] writing entry points to ../../build/tello_control_gamepad/tello_control_gamepad.egg-info/entry_points.txt
[1.118s] writing requirements to ../../build/tello_control_gamepad/tello_control_gamepad.egg-info/requires.txt
[1.119s] writing top-level names to ../../build/tello_control_gamepad/tello_control_gamepad.egg-info/top_level.txt
[1.122s] reading manifest file '../../build/tello_control_gamepad/tello_control_gamepad.egg-info/SOURCES.txt'
[1.123s] adding license file 'LICENSE'
[1.124s] writing manifest file '../../build/tello_control_gamepad/tello_control_gamepad.egg-info/SOURCES.txt'
[1.124s] running build
[1.125s] running build_py
[1.125s] copying tello_control_gamepad/node.py -> /home/ken/tello_ros_ws/build/tello_control_gamepad/build/lib/tello_control_gamepad
[1.125s] running install
[1.125s] running install_lib
[1.127s] copying /home/ken/tello_ros_ws/build/tello_control_gamepad/build/lib/tello_control_gamepad/node.py -> /home/ken/tello_ros_ws/install/tello_control_gamepad/lib/python3.10/site-packages/tello_control_gamepad
[1.127s] byte-compiling /home/ken/tello_ros_ws/install/tello_control_gamepad/lib/python3.10/site-packages/tello_control_gamepad/node.py to node.cpython-310.pyc
[1.128s] running install_data
[1.128s] running install_egg_info
[1.131s] removing '/home/ken/tello_ros_ws/install/tello_control_gamepad/lib/python3.10/site-packages/tello_control_gamepad-0.0.0-py3.10.egg-info' (and everything under it)
[1.131s] Copying ../../build/tello_control_gamepad/tello_control_gamepad.egg-info to /home/ken/tello_ros_ws/install/tello_control_gamepad/lib/python3.10/site-packages/tello_control_gamepad-0.0.0-py3.10.egg-info
[1.132s] running install_scripts
[1.162s] Installing tello_control_gamepad script to /home/ken/tello_ros_ws/install/tello_control_gamepad/lib/tello_control_gamepad
[1.162s] writing list of installed files to '/home/ken/tello_ros_ws/build/tello_control_gamepad/install.log'
[1.195s] Invoked command in '/home/ken/tello_ros_ws/src/tello_control_gamepad' returned '0': PYTHONPATH=/home/ken/tello_ros_ws/build/tello_control_gamepad/prefix_override:/home/ken/tello_ros_ws/install/tello_control_gamepad/lib/python3.10/site-packages:${PYTHONPATH} /usr/bin/python3 -W ignore:setup.py install is deprecated setup.py egg_info --egg-base ../../build/tello_control_gamepad build --build-base /home/ken/tello_ros_ws/build/tello_control_gamepad/build install --record /home/ken/tello_ros_ws/build/tello_control_gamepad/install.log --single-version-externally-managed install_data
