[0.064s] Invoking command in '/home/ken/tello_ros_ws/build/tello_msg': CMAKE_PREFIX_PATH=/opt/ros/humble /usr/bin/cmake --build /home/ken/tello_ros_ws/build/tello_msg -- -j4 -l4
[0.238s] [  2%] Built target tello_msg__cpp
[0.356s] [  2%] Built target ament_cmake_python_copy_tello_msg
[0.435s] [ 12%] Built target tello_msg__rosidl_typesupport_fastrtps_cpp
[0.506s] [ 23%] Built target tello_msg__rosidl_typesupport_introspection_cpp
[1.126s] running egg_info
[1.127s] writing tello_msg.egg-info/PKG-INFO
[1.128s] writing dependency_links to tello_msg.egg-info/dependency_links.txt
[1.132s] writing top-level names to tello_msg.egg-info/top_level.txt
[1.134s] reading manifest file 'tello_msg.egg-info/SOURCES.txt'
[1.135s] writing manifest file 'tello_msg.egg-info/SOURCES.txt'
[1.192s] [ 23%] Built target ament_cmake_python_build_tello_msg_egg
[1.254s] [ 34%] Built target tello_msg__rosidl_typesupport_cpp
[1.311s] [ 44%] Built target tello_msg__rosidl_generator_c
[1.373s] [ 55%] Built target tello_msg__rosidl_typesupport_fastrtps_c
[1.428s] [ 65%] Built target tello_msg__rosidl_typesupport_c
[1.483s] [ 76%] Built target tello_msg__rosidl_typesupport_introspection_c
[1.529s] [ 76%] Built target tello_msg
[1.606s] [ 78%] Built target tello_msg__py
[1.665s] [ 87%] Built target tello_msg__rosidl_generator_py
[1.722s] [ 91%] Built target tello_msg__rosidl_typesupport_fastrtps_c__pyext
[1.782s] [ 95%] Built target tello_msg__rosidl_typesupport_c__pyext
[1.835s] [100%] Built target tello_msg__rosidl_typesupport_introspection_c__pyext
[1.873s] Invoked command in '/home/ken/tello_ros_ws/build/tello_msg' returned '0': CMAKE_PREFIX_PATH=/opt/ros/humble /usr/bin/cmake --build /home/ken/tello_ros_ws/build/tello_msg -- -j4 -l4
[2.138s] Invoking command in '/home/ken/tello_ros_ws/build/tello_msg': CMAKE_PREFIX_PATH=/opt/ros/humble /usr/bin/cmake --install /home/ken/tello_ros_ws/build/tello_msg
[2.156s] -- Install configuration: ""
[2.156s] -- Up-to-date: /home/ken/tello_ros_ws/install/tello_msg/share/ament_index/resource_index/rosidl_interfaces/tello_msg
[2.156s] -- Up-to-date: /home/ken/tello_ros_ws/install/tello_msg/include/tello_msg/tello_msg
[2.157s] -- Up-to-date: /home/ken/tello_ros_ws/install/tello_msg/include/tello_msg/tello_msg/msg
[2.157s] -- Up-to-date: /home/ken/tello_ros_ws/install/tello_msg/include/tello_msg/tello_msg/msg/rosidl_generator_c__visibility_control.h
[2.157s] -- Up-to-date: /home/ken/tello_ros_ws/install/tello_msg/include/tello_msg/tello_msg/msg/tello_wifi_config.h
[2.157s] -- Up-to-date: /home/ken/tello_ros_ws/install/tello_msg/include/tello_msg/tello_msg/msg/detail
[2.157s] -- Up-to-date: /home/ken/tello_ros_ws/install/tello_msg/include/tello_msg/tello_msg/msg/detail/tello_status__functions.c
[2.158s] -- Up-to-date: /home/ken/tello_ros_ws/install/tello_msg/include/tello_msg/tello_msg/msg/detail/tello_status__functions.h
[2.158s] -- Up-to-date: /home/ken/tello_ros_ws/install/tello_msg/include/tello_msg/tello_msg/msg/detail/tello_id__type_support.h
[2.158s] -- Up-to-date: /home/ken/tello_ros_ws/install/tello_msg/include/tello_msg/tello_msg/msg/detail/tello_id__struct.h
[2.158s] -- Up-to-date: /home/ken/tello_ros_ws/install/tello_msg/include/tello_msg/tello_msg/msg/detail/tello_id__functions.h
[2.159s] -- Up-to-date: /home/ken/tello_ros_ws/install/tello_msg/include/tello_msg/tello_msg/msg/detail/tello_id__functions.c
[2.159s] -- Up-to-date: /home/ken/tello_ros_ws/install/tello_msg/include/tello_msg/tello_msg/msg/detail/tello_status__struct.h
[2.160s] -- Up-to-date: /home/ken/tello_ros_ws/install/tello_msg/include/tello_msg/tello_msg/msg/detail/tello_wifi_config__functions.c
[2.160s] -- Up-to-date: /home/ken/tello_ros_ws/install/tello_msg/include/tello_msg/tello_msg/msg/detail/tello_status__type_support.h
[2.161s] -- Up-to-date: /home/ken/tello_ros_ws/install/tello_msg/include/tello_msg/tello_msg/msg/detail/tello_wifi_config__functions.h
[2.161s] -- Up-to-date: /home/ken/tello_ros_ws/install/tello_msg/include/tello_msg/tello_msg/msg/detail/tello_wifi_config__type_support.h
[2.161s] -- Up-to-date: /home/ken/tello_ros_ws/install/tello_msg/include/tello_msg/tello_msg/msg/detail/tello_wifi_config__struct.h
[2.161s] -- Up-to-date: /home/ken/tello_ros_ws/install/tello_msg/include/tello_msg/tello_msg/msg/tello_status.h
[2.161s] -- Up-to-date: /home/ken/tello_ros_ws/install/tello_msg/include/tello_msg/tello_msg/msg/tello_id.h
[2.162s] -- Up-to-date: /home/ken/tello_ros_ws/install/tello_msg/share/tello_msg/environment/library_path.sh
[2.162s] -- Up-to-date: /home/ken/tello_ros_ws/install/tello_msg/share/tello_msg/environment/library_path.dsv
[2.162s] -- Up-to-date: /home/ken/tello_ros_ws/install/tello_msg/lib/libtello_msg__rosidl_generator_c.so
[2.162s] -- Up-to-date: /home/ken/tello_ros_ws/install/tello_msg/include/tello_msg/tello_msg
[2.162s] -- Up-to-date: /home/ken/tello_ros_ws/install/tello_msg/include/tello_msg/tello_msg/msg
[2.162s] -- Up-to-date: /home/ken/tello_ros_ws/install/tello_msg/include/tello_msg/tello_msg/msg/detail
[2.163s] -- Up-to-date: /home/ken/tello_ros_ws/install/tello_msg/include/tello_msg/tello_msg/msg/detail/tello_status__rosidl_typesupport_fastrtps_c.h
[2.163s] -- Up-to-date: /home/ken/tello_ros_ws/install/tello_msg/include/tello_msg/tello_msg/msg/detail/tello_id__rosidl_typesupport_fastrtps_c.h
[2.163s] -- Up-to-date: /home/ken/tello_ros_ws/install/tello_msg/include/tello_msg/tello_msg/msg/detail/tello_wifi_config__rosidl_typesupport_fastrtps_c.h
[2.163s] -- Up-to-date: /home/ken/tello_ros_ws/install/tello_msg/include/tello_msg/tello_msg/msg/rosidl_typesupport_fastrtps_c__visibility_control.h
[2.163s] -- Up-to-date: /home/ken/tello_ros_ws/install/tello_msg/lib/libtello_msg__rosidl_typesupport_fastrtps_c.so
[2.163s] -- Up-to-date: /home/ken/tello_ros_ws/install/tello_msg/include/tello_msg/tello_msg
[2.163s] -- Up-to-date: /home/ken/tello_ros_ws/install/tello_msg/include/tello_msg/tello_msg/msg
[2.168s] -- Up-to-date: /home/ken/tello_ros_ws/install/tello_msg/include/tello_msg/tello_msg/msg/rosidl_typesupport_introspection_c__visibility_control.h
[2.169s] -- Up-to-date: /home/ken/tello_ros_ws/install/tello_msg/include/tello_msg/tello_msg/msg/detail
[2.169s] -- Up-to-date: /home/ken/tello_ros_ws/install/tello_msg/include/tello_msg/tello_msg/msg/detail/tello_status__rosidl_typesupport_introspection_c.h
[2.169s] -- Up-to-date: /home/ken/tello_ros_ws/install/tello_msg/include/tello_msg/tello_msg/msg/detail/tello_wifi_config__rosidl_typesupport_introspection_c.h
[2.170s] -- Up-to-date: /home/ken/tello_ros_ws/install/tello_msg/include/tello_msg/tello_msg/msg/detail/tello_status__type_support.c
[2.170s] -- Up-to-date: /home/ken/tello_ros_ws/install/tello_msg/include/tello_msg/tello_msg/msg/detail/tello_id__type_support.c
[2.170s] -- Up-to-date: /home/ken/tello_ros_ws/install/tello_msg/include/tello_msg/tello_msg/msg/detail/tello_wifi_config__type_support.c
[2.170s] -- Up-to-date: /home/ken/tello_ros_ws/install/tello_msg/include/tello_msg/tello_msg/msg/detail/tello_id__rosidl_typesupport_introspection_c.h
[2.171s] -- Up-to-date: /home/ken/tello_ros_ws/install/tello_msg/lib/libtello_msg__rosidl_typesupport_introspection_c.so
[2.171s] -- Up-to-date: /home/ken/tello_ros_ws/install/tello_msg/lib/libtello_msg__rosidl_typesupport_c.so
[2.171s] -- Up-to-date: /home/ken/tello_ros_ws/install/tello_msg/include/tello_msg/tello_msg
[2.171s] -- Up-to-date: /home/ken/tello_ros_ws/install/tello_msg/include/tello_msg/tello_msg/msg
[2.171s] -- Up-to-date: /home/ken/tello_ros_ws/install/tello_msg/include/tello_msg/tello_msg/msg/tello_wifi_config.hpp
[2.171s] -- Up-to-date: /home/ken/tello_ros_ws/install/tello_msg/include/tello_msg/tello_msg/msg/tello_status.hpp
[2.172s] -- Up-to-date: /home/ken/tello_ros_ws/install/tello_msg/include/tello_msg/tello_msg/msg/detail
[2.172s] -- Up-to-date: /home/ken/tello_ros_ws/install/tello_msg/include/tello_msg/tello_msg/msg/detail/tello_id__builder.hpp
[2.172s] -- Up-to-date: /home/ken/tello_ros_ws/install/tello_msg/include/tello_msg/tello_msg/msg/detail/tello_wifi_config__builder.hpp
[2.173s] -- Up-to-date: /home/ken/tello_ros_ws/install/tello_msg/include/tello_msg/tello_msg/msg/detail/tello_status__traits.hpp
[2.173s] -- Up-to-date: /home/ken/tello_ros_ws/install/tello_msg/include/tello_msg/tello_msg/msg/detail/tello_wifi_config__struct.hpp
[2.173s] -- Up-to-date: /home/ken/tello_ros_ws/install/tello_msg/include/tello_msg/tello_msg/msg/detail/tello_id__traits.hpp
[2.173s] -- Up-to-date: /home/ken/tello_ros_ws/install/tello_msg/include/tello_msg/tello_msg/msg/detail/tello_status__builder.hpp
[2.173s] -- Up-to-date: /home/ken/tello_ros_ws/install/tello_msg/include/tello_msg/tello_msg/msg/detail/tello_wifi_config__traits.hpp
[2.173s] -- Up-to-date: /home/ken/tello_ros_ws/install/tello_msg/include/tello_msg/tello_msg/msg/detail/tello_id__struct.hpp
[2.174s] -- Up-to-date: /home/ken/tello_ros_ws/install/tello_msg/include/tello_msg/tello_msg/msg/detail/tello_status__struct.hpp
[2.174s] -- Up-to-date: /home/ken/tello_ros_ws/install/tello_msg/include/tello_msg/tello_msg/msg/tello_id.hpp
[2.174s] -- Up-to-date: /home/ken/tello_ros_ws/install/tello_msg/include/tello_msg/tello_msg
[2.174s] -- Up-to-date: /home/ken/tello_ros_ws/install/tello_msg/include/tello_msg/tello_msg/msg
[2.174s] -- Up-to-date: /home/ken/tello_ros_ws/install/tello_msg/include/tello_msg/tello_msg/msg/detail
[2.175s] -- Up-to-date: /home/ken/tello_ros_ws/install/tello_msg/include/tello_msg/tello_msg/msg/detail/tello_wifi_config__rosidl_typesupport_fastrtps_cpp.hpp
[2.175s] -- Up-to-date: /home/ken/tello_ros_ws/install/tello_msg/include/tello_msg/tello_msg/msg/detail/tello_status__rosidl_typesupport_fastrtps_cpp.hpp
[2.175s] -- Up-to-date: /home/ken/tello_ros_ws/install/tello_msg/include/tello_msg/tello_msg/msg/detail/dds_fastrtps
[2.175s] -- Up-to-date: /home/ken/tello_ros_ws/install/tello_msg/include/tello_msg/tello_msg/msg/detail/tello_id__rosidl_typesupport_fastrtps_cpp.hpp
[2.176s] -- Up-to-date: /home/ken/tello_ros_ws/install/tello_msg/include/tello_msg/tello_msg/msg/rosidl_typesupport_fastrtps_cpp__visibility_control.h
[2.176s] -- Up-to-date: /home/ken/tello_ros_ws/install/tello_msg/lib/libtello_msg__rosidl_typesupport_fastrtps_cpp.so
[2.176s] -- Up-to-date: /home/ken/tello_ros_ws/install/tello_msg/include/tello_msg/tello_msg
[2.176s] -- Up-to-date: /home/ken/tello_ros_ws/install/tello_msg/include/tello_msg/tello_msg/msg
[2.177s] -- Up-to-date: /home/ken/tello_ros_ws/install/tello_msg/include/tello_msg/tello_msg/msg/detail
[2.177s] -- Up-to-date: /home/ken/tello_ros_ws/install/tello_msg/include/tello_msg/tello_msg/msg/detail/tello_id__type_support.cpp
[2.177s] -- Up-to-date: /home/ken/tello_ros_ws/install/tello_msg/include/tello_msg/tello_msg/msg/detail/tello_wifi_config__type_support.cpp
[2.177s] -- Up-to-date: /home/ken/tello_ros_ws/install/tello_msg/include/tello_msg/tello_msg/msg/detail/tello_wifi_config__rosidl_typesupport_introspection_cpp.hpp
[2.177s] -- Up-to-date: /home/ken/tello_ros_ws/install/tello_msg/include/tello_msg/tello_msg/msg/detail/tello_id__rosidl_typesupport_introspection_cpp.hpp
[2.177s] -- Up-to-date: /home/ken/tello_ros_ws/install/tello_msg/include/tello_msg/tello_msg/msg/detail/tello_status__rosidl_typesupport_introspection_cpp.hpp
[2.178s] -- Up-to-date: /home/ken/tello_ros_ws/install/tello_msg/include/tello_msg/tello_msg/msg/detail/tello_status__type_support.cpp
[2.178s] -- Up-to-date: /home/ken/tello_ros_ws/install/tello_msg/lib/libtello_msg__rosidl_typesupport_introspection_cpp.so
[2.178s] -- Up-to-date: /home/ken/tello_ros_ws/install/tello_msg/lib/libtello_msg__rosidl_typesupport_cpp.so
[2.178s] -- Up-to-date: /home/ken/tello_ros_ws/install/tello_msg/share/tello_msg/environment/pythonpath.sh
[2.178s] -- Up-to-date: /home/ken/tello_ros_ws/install/tello_msg/share/tello_msg/environment/pythonpath.dsv
[2.178s] -- Up-to-date: /home/ken/tello_ros_ws/install/tello_msg/local/lib/python3.10/dist-packages/tello_msg-0.0.1-py3.10.egg-info
[2.178s] -- Installing: /home/ken/tello_ros_ws/install/tello_msg/local/lib/python3.10/dist-packages/tello_msg-0.0.1-py3.10.egg-info/PKG-INFO
[2.178s] -- Installing: /home/ken/tello_ros_ws/install/tello_msg/local/lib/python3.10/dist-packages/tello_msg-0.0.1-py3.10.egg-info/SOURCES.txt
[2.179s] -- Installing: /home/ken/tello_ros_ws/install/tello_msg/local/lib/python3.10/dist-packages/tello_msg-0.0.1-py3.10.egg-info/dependency_links.txt
[2.179s] -- Installing: /home/ken/tello_ros_ws/install/tello_msg/local/lib/python3.10/dist-packages/tello_msg-0.0.1-py3.10.egg-info/top_level.txt
[2.179s] -- Up-to-date: /home/ken/tello_ros_ws/install/tello_msg/local/lib/python3.10/dist-packages/tello_msg
[2.179s] -- Up-to-date: /home/ken/tello_ros_ws/install/tello_msg/local/lib/python3.10/dist-packages/tello_msg/_tello_msg_s.ep.rosidl_typesupport_c.c
[2.179s] -- Up-to-date: /home/ken/tello_ros_ws/install/tello_msg/local/lib/python3.10/dist-packages/tello_msg/msg
[2.179s] -- Up-to-date: /home/ken/tello_ros_ws/install/tello_msg/local/lib/python3.10/dist-packages/tello_msg/msg/_tello_id.py
[2.179s] -- Up-to-date: /home/ken/tello_ros_ws/install/tello_msg/local/lib/python3.10/dist-packages/tello_msg/msg/_tello_id_s.c
[2.179s] -- Up-to-date: /home/ken/tello_ros_ws/install/tello_msg/local/lib/python3.10/dist-packages/tello_msg/msg/_tello_wifi_config_s.c
[2.181s] -- Up-to-date: /home/ken/tello_ros_ws/install/tello_msg/local/lib/python3.10/dist-packages/tello_msg/msg/_tello_status.py
[2.182s] -- Up-to-date: /home/ken/tello_ros_ws/install/tello_msg/local/lib/python3.10/dist-packages/tello_msg/msg/__init__.py
[2.182s] -- Up-to-date: /home/ken/tello_ros_ws/install/tello_msg/local/lib/python3.10/dist-packages/tello_msg/msg/_tello_wifi_config.py
[2.182s] -- Up-to-date: /home/ken/tello_ros_ws/install/tello_msg/local/lib/python3.10/dist-packages/tello_msg/msg/_tello_status_s.c
[2.182s] -- Up-to-date: /home/ken/tello_ros_ws/install/tello_msg/local/lib/python3.10/dist-packages/tello_msg/_tello_msg_s.ep.rosidl_typesupport_fastrtps_c.c
[2.182s] -- Up-to-date: /home/ken/tello_ros_ws/install/tello_msg/local/lib/python3.10/dist-packages/tello_msg/_tello_msg_s.ep.rosidl_typesupport_introspection_c.c
[2.182s] -- Up-to-date: /home/ken/tello_ros_ws/install/tello_msg/local/lib/python3.10/dist-packages/tello_msg/tello_msg_s__rosidl_typesupport_introspection_c.cpython-310-x86_64-linux-gnu.so
[2.183s] -- Up-to-date: /home/ken/tello_ros_ws/install/tello_msg/local/lib/python3.10/dist-packages/tello_msg/libtello_msg__rosidl_generator_py.so
[2.183s] -- Up-to-date: /home/ken/tello_ros_ws/install/tello_msg/local/lib/python3.10/dist-packages/tello_msg/__init__.py
[2.183s] -- Up-to-date: /home/ken/tello_ros_ws/install/tello_msg/local/lib/python3.10/dist-packages/tello_msg/tello_msg_s__rosidl_typesupport_c.cpython-310-x86_64-linux-gnu.so
[2.183s] -- Up-to-date: /home/ken/tello_ros_ws/install/tello_msg/local/lib/python3.10/dist-packages/tello_msg/tello_msg_s__rosidl_typesupport_fastrtps_c.cpython-310-x86_64-linux-gnu.so
[2.266s] Listing '/home/ken/tello_ros_ws/install/tello_msg/local/lib/python3.10/dist-packages/tello_msg'...
[2.266s] Listing '/home/ken/tello_ros_ws/install/tello_msg/local/lib/python3.10/dist-packages/tello_msg/msg'...
[2.277s] -- Up-to-date: /home/ken/tello_ros_ws/install/tello_msg/local/lib/python3.10/dist-packages/tello_msg/tello_msg_s__rosidl_typesupport_fastrtps_c.cpython-310-x86_64-linux-gnu.so
[2.278s] -- Up-to-date: /home/ken/tello_ros_ws/install/tello_msg/local/lib/python3.10/dist-packages/tello_msg/tello_msg_s__rosidl_typesupport_introspection_c.cpython-310-x86_64-linux-gnu.so
[2.279s] -- Up-to-date: /home/ken/tello_ros_ws/install/tello_msg/local/lib/python3.10/dist-packages/tello_msg/tello_msg_s__rosidl_typesupport_c.cpython-310-x86_64-linux-gnu.so
[2.282s] -- Up-to-date: /home/ken/tello_ros_ws/install/tello_msg/lib/libtello_msg__rosidl_generator_py.so
[2.282s] -- Up-to-date: /home/ken/tello_ros_ws/install/tello_msg/share/tello_msg/msg/TelloStatus.idl
[2.282s] -- Up-to-date: /home/ken/tello_ros_ws/install/tello_msg/share/tello_msg/msg/TelloID.idl
[2.282s] -- Up-to-date: /home/ken/tello_ros_ws/install/tello_msg/share/tello_msg/msg/TelloWifiConfig.idl
[2.282s] -- Up-to-date: /home/ken/tello_ros_ws/install/tello_msg/share/tello_msg/msg/TelloStatus.msg
[2.283s] -- Up-to-date: /home/ken/tello_ros_ws/install/tello_msg/share/tello_msg/msg/TelloID.msg
[2.283s] -- Up-to-date: /home/ken/tello_ros_ws/install/tello_msg/share/tello_msg/msg/TelloWifiConfig.msg
[2.283s] -- Up-to-date: /home/ken/tello_ros_ws/install/tello_msg/share/ament_index/resource_index/package_run_dependencies/tello_msg
[2.283s] -- Up-to-date: /home/ken/tello_ros_ws/install/tello_msg/share/ament_index/resource_index/parent_prefix_path/tello_msg
[2.283s] -- Up-to-date: /home/ken/tello_ros_ws/install/tello_msg/share/tello_msg/environment/ament_prefix_path.sh
[2.283s] -- Up-to-date: /home/ken/tello_ros_ws/install/tello_msg/share/tello_msg/environment/ament_prefix_path.dsv
[2.283s] -- Up-to-date: /home/ken/tello_ros_ws/install/tello_msg/share/tello_msg/environment/path.sh
[2.283s] -- Up-to-date: /home/ken/tello_ros_ws/install/tello_msg/share/tello_msg/environment/path.dsv
[2.283s] -- Up-to-date: /home/ken/tello_ros_ws/install/tello_msg/share/tello_msg/local_setup.bash
[2.284s] -- Up-to-date: /home/ken/tello_ros_ws/install/tello_msg/share/tello_msg/local_setup.sh
[2.287s] -- Up-to-date: /home/ken/tello_ros_ws/install/tello_msg/share/tello_msg/local_setup.zsh
[2.287s] -- Up-to-date: /home/ken/tello_ros_ws/install/tello_msg/share/tello_msg/local_setup.dsv
[2.287s] -- Installing: /home/ken/tello_ros_ws/install/tello_msg/share/tello_msg/package.dsv
[2.287s] -- Up-to-date: /home/ken/tello_ros_ws/install/tello_msg/share/ament_index/resource_index/packages/tello_msg
[2.288s] -- Up-to-date: /home/ken/tello_ros_ws/install/tello_msg/share/tello_msg/cmake/export_tello_msg__rosidl_generator_cExport.cmake
[2.288s] -- Up-to-date: /home/ken/tello_ros_ws/install/tello_msg/share/tello_msg/cmake/export_tello_msg__rosidl_generator_cExport-noconfig.cmake
[2.288s] -- Up-to-date: /home/ken/tello_ros_ws/install/tello_msg/share/tello_msg/cmake/export_tello_msg__rosidl_typesupport_fastrtps_cExport.cmake
[2.288s] -- Up-to-date: /home/ken/tello_ros_ws/install/tello_msg/share/tello_msg/cmake/export_tello_msg__rosidl_typesupport_fastrtps_cExport-noconfig.cmake
[2.288s] -- Up-to-date: /home/ken/tello_ros_ws/install/tello_msg/share/tello_msg/cmake/tello_msg__rosidl_typesupport_introspection_cExport.cmake
[2.288s] -- Up-to-date: /home/ken/tello_ros_ws/install/tello_msg/share/tello_msg/cmake/tello_msg__rosidl_typesupport_introspection_cExport-noconfig.cmake
[2.288s] -- Up-to-date: /home/ken/tello_ros_ws/install/tello_msg/share/tello_msg/cmake/tello_msg__rosidl_typesupport_cExport.cmake
[2.288s] -- Up-to-date: /home/ken/tello_ros_ws/install/tello_msg/share/tello_msg/cmake/tello_msg__rosidl_typesupport_cExport-noconfig.cmake
[2.289s] -- Up-to-date: /home/ken/tello_ros_ws/install/tello_msg/share/tello_msg/cmake/export_tello_msg__rosidl_generator_cppExport.cmake
[2.291s] -- Up-to-date: /home/ken/tello_ros_ws/install/tello_msg/share/tello_msg/cmake/export_tello_msg__rosidl_typesupport_fastrtps_cppExport.cmake
[2.291s] -- Up-to-date: /home/ken/tello_ros_ws/install/tello_msg/share/tello_msg/cmake/export_tello_msg__rosidl_typesupport_fastrtps_cppExport-noconfig.cmake
[2.291s] -- Up-to-date: /home/ken/tello_ros_ws/install/tello_msg/share/tello_msg/cmake/tello_msg__rosidl_typesupport_introspection_cppExport.cmake
[2.291s] -- Up-to-date: /home/ken/tello_ros_ws/install/tello_msg/share/tello_msg/cmake/tello_msg__rosidl_typesupport_introspection_cppExport-noconfig.cmake
[2.291s] -- Up-to-date: /home/ken/tello_ros_ws/install/tello_msg/share/tello_msg/cmake/tello_msg__rosidl_typesupport_cppExport.cmake
[2.292s] -- Up-to-date: /home/ken/tello_ros_ws/install/tello_msg/share/tello_msg/cmake/tello_msg__rosidl_typesupport_cppExport-noconfig.cmake
[2.292s] -- Up-to-date: /home/ken/tello_ros_ws/install/tello_msg/share/tello_msg/cmake/export_tello_msg__rosidl_generator_pyExport.cmake
[2.292s] -- Up-to-date: /home/ken/tello_ros_ws/install/tello_msg/share/tello_msg/cmake/export_tello_msg__rosidl_generator_pyExport-noconfig.cmake
[2.293s] -- Up-to-date: /home/ken/tello_ros_ws/install/tello_msg/share/tello_msg/cmake/rosidl_cmake-extras.cmake
[2.293s] -- Up-to-date: /home/ken/tello_ros_ws/install/tello_msg/share/tello_msg/cmake/ament_cmake_export_dependencies-extras.cmake
[2.293s] -- Up-to-date: /home/ken/tello_ros_ws/install/tello_msg/share/tello_msg/cmake/ament_cmake_export_include_directories-extras.cmake
[2.294s] -- Up-to-date: /home/ken/tello_ros_ws/install/tello_msg/share/tello_msg/cmake/ament_cmake_export_libraries-extras.cmake
[2.294s] -- Up-to-date: /home/ken/tello_ros_ws/install/tello_msg/share/tello_msg/cmake/ament_cmake_export_targets-extras.cmake
[2.295s] -- Up-to-date: /home/ken/tello_ros_ws/install/tello_msg/share/tello_msg/cmake/rosidl_cmake_export_typesupport_targets-extras.cmake
[2.295s] -- Up-to-date: /home/ken/tello_ros_ws/install/tello_msg/share/tello_msg/cmake/rosidl_cmake_export_typesupport_libraries-extras.cmake
[2.296s] -- Up-to-date: /home/ken/tello_ros_ws/install/tello_msg/share/tello_msg/cmake/tello_msgConfig.cmake
[2.296s] -- Up-to-date: /home/ken/tello_ros_ws/install/tello_msg/share/tello_msg/cmake/tello_msgConfig-version.cmake
[2.297s] -- Up-to-date: /home/ken/tello_ros_ws/install/tello_msg/share/tello_msg/package.xml
[2.302s] Invoked command in '/home/ken/tello_ros_ws/build/tello_msg' returned '0': CMAKE_PREFIX_PATH=/opt/ros/humble /usr/bin/cmake --install /home/ken/tello_ros_ws/build/tello_msg
