[  2%] Built target tello_msg__cpp
[ 12%] Built target tello_msg__rosidl_generator_c
[ 12%] Built target ament_cmake_python_copy_tello_msg
[ 23%] Built target tello_msg__rosidl_typesupport_cpp
[ 34%] Built target tello_msg__rosidl_typesupport_fastrtps_cpp
[ 44%] Built target tello_msg__rosidl_typesupport_introspection_cpp
[ 55%] Built target tello_msg__rosidl_typesupport_fastrtps_c
[ 65%] Built target tello_msg__rosidl_typesupport_introspection_c
[ 76%] Built target tello_msg__rosidl_typesupport_c
[ 76%] Built target tello_msg
[ 78%] Built target tello_msg__py
[ 87%] Built target tello_msg__rosidl_generator_py
[ 91%] Built target tello_msg__rosidl_typesupport_fastrtps_c__pyext
[ 95%] Built target tello_msg__rosidl_typesupport_introspection_c__pyext
[100%] Built target tello_msg__rosidl_typesupport_c__pyext
running egg_info
writing tello_msg.egg-info/PKG-INFO
writing dependency_links to tello_msg.egg-info/dependency_links.txt
writing top-level names to tello_msg.egg-info/top_level.txt
reading manifest file 'tello_msg.egg-info/SOURCES.txt'
writing manifest file 'tello_msg.egg-info/SOURCES.txt'
[100%] Built target ament_cmake_python_build_tello_msg_egg
