[0.023s] Invoking command in '/home/ken/tello_ros_ws/build/tello_msg': CMAKE_PREFIX_PATH=${CMAKE_PREFIX_PATH}:/home/ken/tello_ros_ws/install/tello:/opt/ros/humble /usr/bin/cmake --build /home/ken/tello_ros_ws/build/tello_msg -- -j4 -l4
[0.109s] [  2%] Built target tello_msg__cpp
[0.118s] [ 12%] Built target tello_msg__rosidl_generator_c
[0.144s] [ 12%] Built target ament_cmake_python_copy_tello_msg
[0.168s] [ 23%] Built target tello_msg__rosidl_typesupport_cpp
[0.185s] [ 34%] Built target tello_msg__rosidl_typesupport_fastrtps_cpp
[0.186s] [ 44%] Built target tello_msg__rosidl_typesupport_introspection_cpp
[0.201s] [ 55%] Built target tello_msg__rosidl_typesupport_fastrtps_c
[0.222s] [ 65%] Built target tello_msg__rosidl_typesupport_introspection_c
[0.237s] [ 76%] Built target tello_msg__rosidl_typesupport_c
[0.275s] [ 76%] Built target tello_msg
[0.315s] [ 78%] Built target tello_msg__py
[0.360s] [ 87%] Built target tello_msg__rosidl_generator_py
[0.412s] [ 91%] Built target tello_msg__rosidl_typesupport_fastrtps_c__pyext
[0.417s] [ 95%] Built target tello_msg__rosidl_typesupport_introspection_c__pyext
[0.422s] [100%] Built target tello_msg__rosidl_typesupport_c__pyext
[0.598s] running egg_info
[0.599s] writing tello_msg.egg-info/PKG-INFO
[0.599s] writing dependency_links to tello_msg.egg-info/dependency_links.txt
[0.600s] writing top-level names to tello_msg.egg-info/top_level.txt
[0.603s] reading manifest file 'tello_msg.egg-info/SOURCES.txt'
[0.604s] writing manifest file 'tello_msg.egg-info/SOURCES.txt'
[0.642s] [100%] Built target ament_cmake_python_build_tello_msg_egg
[0.658s] Invoked command in '/home/ken/tello_ros_ws/build/tello_msg' returned '0': CMAKE_PREFIX_PATH=${CMAKE_PREFIX_PATH}:/home/ken/tello_ros_ws/install/tello:/opt/ros/humble /usr/bin/cmake --build /home/ken/tello_ros_ws/build/tello_msg -- -j4 -l4
