[0.019s] Invoking command in '/home/ken/tello_ros_ws/build/tello_control': CMAKE_PREFIX_PATH=/opt/ros/humble /usr/bin/cmake /home/ken/tello_ros_ws/src/tello_control -DAMENT_CMAKE_SYMLINK_INSTALL=1 -DCMAKE_INSTALL_PREFIX=/home/ken/tello_ros_ws/install/tello_control
[0.047s] -- Found OpenCV version 4.5.4
[0.048s] -- Found ament_cmake: 1.3.8 (/opt/ros/humble/share/ament_cmake/cmake)
[0.295s] -- Override CMake install command with custom implementation using symlinks instead of copying resources
[0.302s] -- Found rclcpp: 16.0.8 (/opt/ros/humble/share/rclcpp/cmake)
[0.379s] -- Found rosidl_generator_c: 3.1.5 (/opt/ros/humble/share/rosidl_generator_c/cmake)
[0.381s] -- Found rosidl_adapter: 3.1.5 (/opt/ros/humble/share/rosidl_adapter/cmake)
[0.391s] -- Found rosidl_generator_cpp: 3.1.5 (/opt/ros/humble/share/rosidl_generator_cpp/cmake)
[0.406s] -- Using all available rosidl_typesupport_c: rosidl_typesupport_fastrtps_c;rosidl_typesupport_introspection_c
[0.429s] -- Using all available rosidl_typesupport_cpp: rosidl_typesupport_fastrtps_cpp;rosidl_typesupport_introspection_cpp
[0.509s] -- Found rmw_implementation_cmake: 6.1.1 (/opt/ros/humble/share/rmw_implementation_cmake/cmake)
[0.511s] -- Found rmw_fastrtps_cpp: 6.2.6 (/opt/ros/humble/share/rmw_fastrtps_cpp/cmake)
[0.680s] -- Using RMW implementation 'rmw_fastrtps_cpp' as default
[0.942s] -- Found geometry_msgs: 4.2.3 (/opt/ros/humble/share/geometry_msgs/cmake)
[1.112s] -- Configuring done
[1.140s] -- Generating done
[1.143s] -- Build files have been written to: /home/ken/tello_ros_ws/build/tello_control
[1.402s] Invoked command in '/home/ken/tello_ros_ws/build/tello_control' returned '0': CMAKE_PREFIX_PATH=/opt/ros/humble /usr/bin/cmake /home/ken/tello_ros_ws/src/tello_control -DAMENT_CMAKE_SYMLINK_INSTALL=1 -DCMAKE_INSTALL_PREFIX=/home/ken/tello_ros_ws/install/tello_control
[1.406s] Invoking command in '/home/ken/tello_ros_ws/build/tello_control': CMAKE_PREFIX_PATH=/opt/ros/humble /usr/bin/cmake --build /home/ken/tello_ros_ws/build/tello_control -- -j4 -l4
[1.471s] [ 50%] [32mBuilding CXX object CMakeFiles/tello_control.dir/src/main.cpp.o[0m
[2.059s] [01m[K/home/ken/tello_ros_ws/src/tello_control/src/main.cpp:9:10:[m[K [01;31m[Kfatal error: [m[Kstd_msgs/msg/.hpp: No such file or directory
[2.060s]     9 | #include [01;31m[K"std_msgs/msg/.hpp"[m[K
[2.060s]       |          [01;31m[K^~~~~~~~~~~~~~~~~~~[m[K
[2.060s] compilation terminated.
[2.063s] gmake[2]: *** [CMakeFiles/tello_control.dir/build.make:76: CMakeFiles/tello_control.dir/src/main.cpp.o] Error 1
[2.064s] gmake[1]: *** [CMakeFiles/Makefile2:137: CMakeFiles/tello_control.dir/all] Error 2
[2.064s] gmake: *** [Makefile:146: all] Error 2
[2.068s] Invoked command in '/home/ken/tello_ros_ws/build/tello_control' returned '2': CMAKE_PREFIX_PATH=/opt/ros/humble /usr/bin/cmake --build /home/ken/tello_ros_ws/build/tello_control -- -j4 -l4
