[0.142s] DEBUG:colcon:Command line arguments: ['/usr/bin/colcon', 'build']
[0.142s] DEBUG:colcon:Parsed command line arguments: Namespace(log_base=None, log_level=None, verb_name='build', build_base='build', install_base='install', merge_install=False, symlink_install=False, test_result_base=None, continue_on_error=False, executor='parallel', parallel_workers=4, event_handlers=None, ignore_user_meta=False, metas=['./colcon.meta'], base_paths=['.'], packages_ignore=None, packages_ignore_regex=None, paths=None, packages_up_to=None, packages_up_to_regex=None, packages_above=None, packages_above_and_dependencies=None, packages_above_depth=None, packages_select_by_dep=None, packages_skip_by_dep=None, packages_skip_up_to=None, packages_select_build_failed=False, packages_skip_build_finished=False, packages_select_test_failures=False, packages_skip_test_passed=False, packages_select=None, packages_skip=None, packages_select_regex=None, packages_skip_regex=None, packages_start=None, packages_end=None, allow_overriding=[], cmake_args=None, cmake_target=None, cmake_target_skip_unavailable=False, cmake_clean_cache=False, cmake_clean_first=False, cmake_force_configure=False, ament_cmake_args=None, catkin_cmake_args=None, catkin_skip_building_tests=False, verb_parser=<colcon_defaults.argument_parser.defaults.DefaultArgumentsDecorator object at 0x7957df02c7f0>, verb_extension=<colcon_core.verb.build.BuildVerb object at 0x7957df02c3a0>, main=<bound method BuildVerb.main of <colcon_core.verb.build.BuildVerb object at 0x7957df02c3a0>>)
[0.356s] Level 1:colcon.colcon_core.package_discovery:discover_packages(colcon_meta) check parameters
[0.356s] Level 1:colcon.colcon_core.package_discovery:discover_packages(recursive) check parameters
[0.356s] Level 1:colcon.colcon_core.package_discovery:discover_packages(ignore) check parameters
[0.356s] Level 1:colcon.colcon_core.package_discovery:discover_packages(path) check parameters
[0.356s] Level 1:colcon.colcon_core.package_discovery:discover_packages(colcon_meta) discover
[0.356s] Level 1:colcon.colcon_core.package_discovery:discover_packages(recursive) discover
[0.356s] INFO:colcon.colcon_core.package_discovery:Crawling recursively for packages in '/home/ken/tello_ros_ws'
[0.356s] Level 1:colcon.colcon_core.package_identification:_identify(.) by extensions ['ignore', 'ignore_ament_install']
[0.356s] Level 1:colcon.colcon_core.package_identification:_identify(.) by extension 'ignore'
[0.356s] Level 1:colcon.colcon_core.package_identification:_identify(.) by extension 'ignore_ament_install'
[0.356s] Level 1:colcon.colcon_core.package_identification:_identify(.) by extensions ['colcon_pkg']
[0.356s] Level 1:colcon.colcon_core.package_identification:_identify(.) by extension 'colcon_pkg'
[0.356s] Level 1:colcon.colcon_core.package_identification:_identify(.) by extensions ['colcon_meta']
[0.356s] Level 1:colcon.colcon_core.package_identification:_identify(.) by extension 'colcon_meta'
[0.356s] Level 1:colcon.colcon_core.package_identification:_identify(.) by extensions ['ros']
[0.357s] Level 1:colcon.colcon_core.package_identification:_identify(.) by extension 'ros'
[0.371s] Level 1:colcon.colcon_core.package_identification:_identify(.) by extensions ['cmake', 'python']
[0.371s] Level 1:colcon.colcon_core.package_identification:_identify(.) by extension 'cmake'
[0.372s] Level 1:colcon.colcon_core.package_identification:_identify(.) by extension 'python'
[0.372s] Level 1:colcon.colcon_core.package_identification:_identify(.) by extensions ['python_setup_py']
[0.372s] Level 1:colcon.colcon_core.package_identification:_identify(.) by extension 'python_setup_py'
[0.372s] Level 1:colcon.colcon_core.package_identification:_identify(build) by extensions ['ignore', 'ignore_ament_install']
[0.372s] Level 1:colcon.colcon_core.package_identification:_identify(build) by extension 'ignore'
[0.372s] Level 1:colcon.colcon_core.package_identification:_identify(build) ignored
[0.372s] Level 1:colcon.colcon_core.package_identification:_identify(install) by extensions ['ignore', 'ignore_ament_install']
[0.372s] Level 1:colcon.colcon_core.package_identification:_identify(install) by extension 'ignore'
[0.373s] Level 1:colcon.colcon_core.package_identification:_identify(install) ignored
[0.373s] Level 1:colcon.colcon_core.package_identification:_identify(log) by extensions ['ignore', 'ignore_ament_install']
[0.373s] Level 1:colcon.colcon_core.package_identification:_identify(log) by extension 'ignore'
[0.373s] Level 1:colcon.colcon_core.package_identification:_identify(log) ignored
[0.373s] Level 1:colcon.colcon_core.package_identification:_identify(src) by extensions ['ignore', 'ignore_ament_install']
[0.373s] Level 1:colcon.colcon_core.package_identification:_identify(src) by extension 'ignore'
[0.373s] Level 1:colcon.colcon_core.package_identification:_identify(src) by extension 'ignore_ament_install'
[0.373s] Level 1:colcon.colcon_core.package_identification:_identify(src) by extensions ['colcon_pkg']
[0.373s] Level 1:colcon.colcon_core.package_identification:_identify(src) by extension 'colcon_pkg'
[0.373s] Level 1:colcon.colcon_core.package_identification:_identify(src) by extensions ['colcon_meta']
[0.373s] Level 1:colcon.colcon_core.package_identification:_identify(src) by extension 'colcon_meta'
[0.373s] Level 1:colcon.colcon_core.package_identification:_identify(src) by extensions ['ros']
[0.373s] Level 1:colcon.colcon_core.package_identification:_identify(src) by extension 'ros'
[0.373s] Level 1:colcon.colcon_core.package_identification:_identify(src) by extensions ['cmake', 'python']
[0.374s] Level 1:colcon.colcon_core.package_identification:_identify(src) by extension 'cmake'
[0.374s] Level 1:colcon.colcon_core.package_identification:_identify(src) by extension 'python'
[0.374s] Level 1:colcon.colcon_core.package_identification:_identify(src) by extensions ['python_setup_py']
[0.374s] Level 1:colcon.colcon_core.package_identification:_identify(src) by extension 'python_setup_py'
[0.374s] Level 1:colcon.colcon_core.package_identification:_identify(src/__pycache__) by extensions ['ignore', 'ignore_ament_install']
[0.374s] Level 1:colcon.colcon_core.package_identification:_identify(src/__pycache__) by extension 'ignore'
[0.374s] Level 1:colcon.colcon_core.package_identification:_identify(src/__pycache__) by extension 'ignore_ament_install'
[0.374s] Level 1:colcon.colcon_core.package_identification:_identify(src/__pycache__) by extensions ['colcon_pkg']
[0.374s] Level 1:colcon.colcon_core.package_identification:_identify(src/__pycache__) by extension 'colcon_pkg'
[0.374s] Level 1:colcon.colcon_core.package_identification:_identify(src/__pycache__) by extensions ['colcon_meta']
[0.374s] Level 1:colcon.colcon_core.package_identification:_identify(src/__pycache__) by extension 'colcon_meta'
[0.374s] Level 1:colcon.colcon_core.package_identification:_identify(src/__pycache__) by extensions ['ros']
[0.374s] Level 1:colcon.colcon_core.package_identification:_identify(src/__pycache__) by extension 'ros'
[0.374s] Level 1:colcon.colcon_core.package_identification:_identify(src/__pycache__) by extensions ['cmake', 'python']
[0.374s] Level 1:colcon.colcon_core.package_identification:_identify(src/__pycache__) by extension 'cmake'
[0.374s] Level 1:colcon.colcon_core.package_identification:_identify(src/__pycache__) by extension 'python'
[0.374s] Level 1:colcon.colcon_core.package_identification:_identify(src/__pycache__) by extensions ['python_setup_py']
[0.374s] Level 1:colcon.colcon_core.package_identification:_identify(src/__pycache__) by extension 'python_setup_py'
[0.375s] Level 1:colcon.colcon_core.package_identification:_identify(src/ros2_orb_slam3) by extensions ['ignore', 'ignore_ament_install']
[0.375s] Level 1:colcon.colcon_core.package_identification:_identify(src/ros2_orb_slam3) by extension 'ignore'
[0.375s] Level 1:colcon.colcon_core.package_identification:_identify(src/ros2_orb_slam3) by extension 'ignore_ament_install'
[0.375s] Level 1:colcon.colcon_core.package_identification:_identify(src/ros2_orb_slam3) by extensions ['colcon_pkg']
[0.375s] Level 1:colcon.colcon_core.package_identification:_identify(src/ros2_orb_slam3) by extension 'colcon_pkg'
[0.375s] Level 1:colcon.colcon_core.package_identification:_identify(src/ros2_orb_slam3) by extensions ['colcon_meta']
[0.375s] Level 1:colcon.colcon_core.package_identification:_identify(src/ros2_orb_slam3) by extension 'colcon_meta'
[0.375s] Level 1:colcon.colcon_core.package_identification:_identify(src/ros2_orb_slam3) by extensions ['ros']
[0.375s] Level 1:colcon.colcon_core.package_identification:_identify(src/ros2_orb_slam3) by extension 'ros'
[0.378s] DEBUG:colcon.colcon_core.package_identification:Package 'src/ros2_orb_slam3' with type 'ros.ament_cmake' and name 'ros2_orb_slam3'
[0.379s] Level 1:colcon.colcon_core.package_identification:_identify(src/tello) by extensions ['ignore', 'ignore_ament_install']
[0.379s] Level 1:colcon.colcon_core.package_identification:_identify(src/tello) by extension 'ignore'
[0.379s] Level 1:colcon.colcon_core.package_identification:_identify(src/tello) by extension 'ignore_ament_install'
[0.379s] Level 1:colcon.colcon_core.package_identification:_identify(src/tello) by extensions ['colcon_pkg']
[0.379s] Level 1:colcon.colcon_core.package_identification:_identify(src/tello) by extension 'colcon_pkg'
[0.379s] Level 1:colcon.colcon_core.package_identification:_identify(src/tello) by extensions ['colcon_meta']
[0.379s] Level 1:colcon.colcon_core.package_identification:_identify(src/tello) by extension 'colcon_meta'
[0.379s] Level 1:colcon.colcon_core.package_identification:_identify(src/tello) by extensions ['ros']
[0.379s] Level 1:colcon.colcon_core.package_identification:_identify(src/tello) by extension 'ros'
[0.380s] DEBUG:colcon.colcon_core.package_identification:Package 'src/tello' with type 'ros.ament_python' and name 'tello'
[0.380s] Level 1:colcon.colcon_core.package_identification:_identify(src/tello_control) by extensions ['ignore', 'ignore_ament_install']
[0.380s] Level 1:colcon.colcon_core.package_identification:_identify(src/tello_control) by extension 'ignore'
[0.380s] Level 1:colcon.colcon_core.package_identification:_identify(src/tello_control) by extension 'ignore_ament_install'
[0.380s] Level 1:colcon.colcon_core.package_identification:_identify(src/tello_control) by extensions ['colcon_pkg']
[0.380s] Level 1:colcon.colcon_core.package_identification:_identify(src/tello_control) by extension 'colcon_pkg'
[0.380s] Level 1:colcon.colcon_core.package_identification:_identify(src/tello_control) by extensions ['colcon_meta']
[0.380s] Level 1:colcon.colcon_core.package_identification:_identify(src/tello_control) by extension 'colcon_meta'
[0.381s] Level 1:colcon.colcon_core.package_identification:_identify(src/tello_control) by extensions ['ros']
[0.381s] Level 1:colcon.colcon_core.package_identification:_identify(src/tello_control) by extension 'ros'
[0.381s] DEBUG:colcon.colcon_core.package_identification:Package 'src/tello_control' with type 'ros.ament_cmake' and name 'tello_control'
[0.381s] Level 1:colcon.colcon_core.package_identification:_identify(src/tello_control_gamepad) by extensions ['ignore', 'ignore_ament_install']
[0.381s] Level 1:colcon.colcon_core.package_identification:_identify(src/tello_control_gamepad) by extension 'ignore'
[0.381s] Level 1:colcon.colcon_core.package_identification:_identify(src/tello_control_gamepad) by extension 'ignore_ament_install'
[0.382s] Level 1:colcon.colcon_core.package_identification:_identify(src/tello_control_gamepad) by extensions ['colcon_pkg']
[0.382s] Level 1:colcon.colcon_core.package_identification:_identify(src/tello_control_gamepad) by extension 'colcon_pkg'
[0.382s] Level 1:colcon.colcon_core.package_identification:_identify(src/tello_control_gamepad) by extensions ['colcon_meta']
[0.382s] Level 1:colcon.colcon_core.package_identification:_identify(src/tello_control_gamepad) by extension 'colcon_meta'
[0.382s] Level 1:colcon.colcon_core.package_identification:_identify(src/tello_control_gamepad) by extensions ['ros']
[0.382s] Level 1:colcon.colcon_core.package_identification:_identify(src/tello_control_gamepad) by extension 'ros'
[0.382s] DEBUG:colcon.colcon_core.package_identification:Package 'src/tello_control_gamepad' with type 'ros.ament_python' and name 'tello_control_gamepad'
[0.382s] Level 1:colcon.colcon_core.package_identification:_identify(src/tello_msg) by extensions ['ignore', 'ignore_ament_install']
[0.382s] Level 1:colcon.colcon_core.package_identification:_identify(src/tello_msg) by extension 'ignore'
[0.383s] Level 1:colcon.colcon_core.package_identification:_identify(src/tello_msg) by extension 'ignore_ament_install'
[0.383s] Level 1:colcon.colcon_core.package_identification:_identify(src/tello_msg) by extensions ['colcon_pkg']
[0.383s] Level 1:colcon.colcon_core.package_identification:_identify(src/tello_msg) by extension 'colcon_pkg'
[0.383s] Level 1:colcon.colcon_core.package_identification:_identify(src/tello_msg) by extensions ['colcon_meta']
[0.383s] Level 1:colcon.colcon_core.package_identification:_identify(src/tello_msg) by extension 'colcon_meta'
[0.383s] Level 1:colcon.colcon_core.package_identification:_identify(src/tello_msg) by extensions ['ros']
[0.383s] Level 1:colcon.colcon_core.package_identification:_identify(src/tello_msg) by extension 'ros'
[0.383s] DEBUG:colcon.colcon_core.package_identification:Package 'src/tello_msg' with type 'ros.ament_cmake' and name 'tello_msg'
[0.383s] Level 1:colcon.colcon_core.package_discovery:discover_packages(recursive) using defaults
[0.384s] Level 1:colcon.colcon_core.package_discovery:discover_packages(ignore) discover
[0.384s] Level 1:colcon.colcon_core.package_discovery:discover_packages(ignore) using defaults
[0.384s] Level 1:colcon.colcon_core.package_discovery:discover_packages(path) discover
[0.384s] Level 1:colcon.colcon_core.package_discovery:discover_packages(path) using defaults
[0.411s] Level 1:colcon.colcon_core.package_discovery:discover_packages(prefix_path) check parameters
[0.411s] Level 1:colcon.colcon_core.package_discovery:discover_packages(prefix_path) discover
[0.414s] DEBUG:colcon.colcon_installed_package_information.package_discovery:Found 5 installed packages in /home/ken/tello_ros_ws/install
[0.414s] DEBUG:colcon.colcon_installed_package_information.package_discovery:Found 1 installed packages in /home/ken/ros2_test/install
[0.416s] DEBUG:colcon.colcon_installed_package_information.package_discovery:Found 282 installed packages in /opt/ros/humble
[0.430s] Level 1:colcon.colcon_core.package_discovery:discover_packages(prefix_path) using defaults
[0.451s] ERROR:colcon.colcon_core.package_augmentation:Exception in package augmentation extension 'python': 
Traceback (most recent call last):
  File "/usr/lib/python3/dist-packages/colcon_core/package_augmentation/__init__.py", line 97, in augment_packages
    retval = extension.augment_packages(
  File "/usr/lib/python3/dist-packages/colcon_installed_package_information/package_augmentation/python.py", line 44, in augment_packages
    dist = next(iter(dists))
StopIteration

[0.459s] Level 5:colcon.colcon_core.verb:set package 'ros2_orb_slam3' build argument 'cmake_args' from command line to 'None'
[0.459s] Level 5:colcon.colcon_core.verb:set package 'ros2_orb_slam3' build argument 'cmake_target' from command line to 'None'
[0.459s] Level 5:colcon.colcon_core.verb:set package 'ros2_orb_slam3' build argument 'cmake_target_skip_unavailable' from command line to 'False'
[0.459s] Level 5:colcon.colcon_core.verb:set package 'ros2_orb_slam3' build argument 'cmake_clean_cache' from command line to 'False'
[0.459s] Level 5:colcon.colcon_core.verb:set package 'ros2_orb_slam3' build argument 'cmake_clean_first' from command line to 'False'
[0.459s] Level 5:colcon.colcon_core.verb:set package 'ros2_orb_slam3' build argument 'cmake_force_configure' from command line to 'False'
[0.459s] Level 5:colcon.colcon_core.verb:set package 'ros2_orb_slam3' build argument 'ament_cmake_args' from command line to 'None'
[0.459s] Level 5:colcon.colcon_core.verb:set package 'ros2_orb_slam3' build argument 'catkin_cmake_args' from command line to 'None'
[0.459s] Level 5:colcon.colcon_core.verb:set package 'ros2_orb_slam3' build argument 'catkin_skip_building_tests' from command line to 'False'
[0.459s] DEBUG:colcon.colcon_core.verb:Building package 'ros2_orb_slam3' with the following arguments: {'ament_cmake_args': None, 'build_base': '/home/ken/tello_ros_ws/build/ros2_orb_slam3', 'catkin_cmake_args': None, 'catkin_skip_building_tests': False, 'cmake_args': None, 'cmake_clean_cache': False, 'cmake_clean_first': False, 'cmake_force_configure': False, 'cmake_target': None, 'cmake_target_skip_unavailable': False, 'install_base': '/home/ken/tello_ros_ws/install/ros2_orb_slam3', 'merge_install': False, 'path': '/home/ken/tello_ros_ws/src/ros2_orb_slam3', 'symlink_install': False, 'test_result_base': None}
[0.459s] Level 5:colcon.colcon_core.verb:set package 'tello_control' build argument 'cmake_args' from command line to 'None'
[0.460s] Level 5:colcon.colcon_core.verb:set package 'tello_control' build argument 'cmake_target' from command line to 'None'
[0.460s] Level 5:colcon.colcon_core.verb:set package 'tello_control' build argument 'cmake_target_skip_unavailable' from command line to 'False'
[0.460s] Level 5:colcon.colcon_core.verb:set package 'tello_control' build argument 'cmake_clean_cache' from command line to 'False'
[0.460s] Level 5:colcon.colcon_core.verb:set package 'tello_control' build argument 'cmake_clean_first' from command line to 'False'
[0.460s] Level 5:colcon.colcon_core.verb:set package 'tello_control' build argument 'cmake_force_configure' from command line to 'False'
[0.460s] Level 5:colcon.colcon_core.verb:set package 'tello_control' build argument 'ament_cmake_args' from command line to 'None'
[0.460s] Level 5:colcon.colcon_core.verb:set package 'tello_control' build argument 'catkin_cmake_args' from command line to 'None'
[0.460s] Level 5:colcon.colcon_core.verb:set package 'tello_control' build argument 'catkin_skip_building_tests' from command line to 'False'
[0.460s] DEBUG:colcon.colcon_core.verb:Building package 'tello_control' with the following arguments: {'ament_cmake_args': None, 'build_base': '/home/ken/tello_ros_ws/build/tello_control', 'catkin_cmake_args': None, 'catkin_skip_building_tests': False, 'cmake_args': None, 'cmake_clean_cache': False, 'cmake_clean_first': False, 'cmake_force_configure': False, 'cmake_target': None, 'cmake_target_skip_unavailable': False, 'install_base': '/home/ken/tello_ros_ws/install/tello_control', 'merge_install': False, 'path': '/home/ken/tello_ros_ws/src/tello_control', 'symlink_install': False, 'test_result_base': None}
[0.460s] Level 5:colcon.colcon_core.verb:set package 'tello_control_gamepad' build argument 'cmake_args' from command line to 'None'
[0.460s] Level 5:colcon.colcon_core.verb:set package 'tello_control_gamepad' build argument 'cmake_target' from command line to 'None'
[0.460s] Level 5:colcon.colcon_core.verb:set package 'tello_control_gamepad' build argument 'cmake_target_skip_unavailable' from command line to 'False'
[0.460s] Level 5:colcon.colcon_core.verb:set package 'tello_control_gamepad' build argument 'cmake_clean_cache' from command line to 'False'
[0.460s] Level 5:colcon.colcon_core.verb:set package 'tello_control_gamepad' build argument 'cmake_clean_first' from command line to 'False'
[0.460s] Level 5:colcon.colcon_core.verb:set package 'tello_control_gamepad' build argument 'cmake_force_configure' from command line to 'False'
[0.460s] Level 5:colcon.colcon_core.verb:set package 'tello_control_gamepad' build argument 'ament_cmake_args' from command line to 'None'
[0.460s] Level 5:colcon.colcon_core.verb:set package 'tello_control_gamepad' build argument 'catkin_cmake_args' from command line to 'None'
[0.460s] Level 5:colcon.colcon_core.verb:set package 'tello_control_gamepad' build argument 'catkin_skip_building_tests' from command line to 'False'
[0.460s] DEBUG:colcon.colcon_core.verb:Building package 'tello_control_gamepad' with the following arguments: {'ament_cmake_args': None, 'build_base': '/home/ken/tello_ros_ws/build/tello_control_gamepad', 'catkin_cmake_args': None, 'catkin_skip_building_tests': False, 'cmake_args': None, 'cmake_clean_cache': False, 'cmake_clean_first': False, 'cmake_force_configure': False, 'cmake_target': None, 'cmake_target_skip_unavailable': False, 'install_base': '/home/ken/tello_ros_ws/install/tello_control_gamepad', 'merge_install': False, 'path': '/home/ken/tello_ros_ws/src/tello_control_gamepad', 'symlink_install': False, 'test_result_base': None}
[0.461s] Level 5:colcon.colcon_core.verb:set package 'tello_msg' build argument 'cmake_args' from command line to 'None'
[0.461s] Level 5:colcon.colcon_core.verb:set package 'tello_msg' build argument 'cmake_target' from command line to 'None'
[0.461s] Level 5:colcon.colcon_core.verb:set package 'tello_msg' build argument 'cmake_target_skip_unavailable' from command line to 'False'
[0.461s] Level 5:colcon.colcon_core.verb:set package 'tello_msg' build argument 'cmake_clean_cache' from command line to 'False'
[0.461s] Level 5:colcon.colcon_core.verb:set package 'tello_msg' build argument 'cmake_clean_first' from command line to 'False'
[0.461s] Level 5:colcon.colcon_core.verb:set package 'tello_msg' build argument 'cmake_force_configure' from command line to 'False'
[0.461s] Level 5:colcon.colcon_core.verb:set package 'tello_msg' build argument 'ament_cmake_args' from command line to 'None'
[0.461s] Level 5:colcon.colcon_core.verb:set package 'tello_msg' build argument 'catkin_cmake_args' from command line to 'None'
[0.461s] Level 5:colcon.colcon_core.verb:set package 'tello_msg' build argument 'catkin_skip_building_tests' from command line to 'False'
[0.461s] DEBUG:colcon.colcon_core.verb:Building package 'tello_msg' with the following arguments: {'ament_cmake_args': None, 'build_base': '/home/ken/tello_ros_ws/build/tello_msg', 'catkin_cmake_args': None, 'catkin_skip_building_tests': False, 'cmake_args': None, 'cmake_clean_cache': False, 'cmake_clean_first': False, 'cmake_force_configure': False, 'cmake_target': None, 'cmake_target_skip_unavailable': False, 'install_base': '/home/ken/tello_ros_ws/install/tello_msg', 'merge_install': False, 'path': '/home/ken/tello_ros_ws/src/tello_msg', 'symlink_install': False, 'test_result_base': None}
[0.462s] Level 5:colcon.colcon_core.verb:set package 'tello' build argument 'cmake_args' from command line to 'None'
[0.462s] Level 5:colcon.colcon_core.verb:set package 'tello' build argument 'cmake_target' from command line to 'None'
[0.462s] Level 5:colcon.colcon_core.verb:set package 'tello' build argument 'cmake_target_skip_unavailable' from command line to 'False'
[0.462s] Level 5:colcon.colcon_core.verb:set package 'tello' build argument 'cmake_clean_cache' from command line to 'False'
[0.462s] Level 5:colcon.colcon_core.verb:set package 'tello' build argument 'cmake_clean_first' from command line to 'False'
[0.462s] Level 5:colcon.colcon_core.verb:set package 'tello' build argument 'cmake_force_configure' from command line to 'False'
[0.462s] Level 5:colcon.colcon_core.verb:set package 'tello' build argument 'ament_cmake_args' from command line to 'None'
[0.462s] Level 5:colcon.colcon_core.verb:set package 'tello' build argument 'catkin_cmake_args' from command line to 'None'
[0.462s] Level 5:colcon.colcon_core.verb:set package 'tello' build argument 'catkin_skip_building_tests' from command line to 'False'
[0.462s] DEBUG:colcon.colcon_core.verb:Building package 'tello' with the following arguments: {'ament_cmake_args': None, 'build_base': '/home/ken/tello_ros_ws/build/tello', 'catkin_cmake_args': None, 'catkin_skip_building_tests': False, 'cmake_args': None, 'cmake_clean_cache': False, 'cmake_clean_first': False, 'cmake_force_configure': False, 'cmake_target': None, 'cmake_target_skip_unavailable': False, 'install_base': '/home/ken/tello_ros_ws/install/tello', 'merge_install': False, 'path': '/home/ken/tello_ros_ws/src/tello', 'symlink_install': False, 'test_result_base': None}
[0.462s] INFO:colcon.colcon_core.executor:Executing jobs using 'parallel' executor
[0.464s] DEBUG:colcon.colcon_parallel_executor.executor.parallel:run_until_complete
[0.464s] INFO:colcon.colcon_ros.task.ament_cmake.build:Building ROS package in '/home/ken/tello_ros_ws/src/tello_msg' with build type 'ament_cmake'
[0.464s] INFO:colcon.colcon_cmake.task.cmake.build:Building CMake package in '/home/ken/tello_ros_ws/src/tello_msg'
[0.467s] INFO:colcon.colcon_core.plugin_system:Skipping extension 'colcon_core.shell.bat': Not used on non-Windows systems
[0.467s] INFO:colcon.colcon_core.shell:Skip shell extension 'powershell' for command environment: Not usable outside of PowerShell
[0.467s] DEBUG:colcon.colcon_core.shell:Skip shell extension 'dsv' for command environment
[0.472s] INFO:colcon.colcon_ros.task.ament_cmake.build:Building ROS package in '/home/ken/tello_ros_ws/src/ros2_orb_slam3' with build type 'ament_cmake'
[0.472s] INFO:colcon.colcon_cmake.task.cmake.build:Building CMake package in '/home/ken/tello_ros_ws/src/ros2_orb_slam3'
[0.473s] INFO:colcon.colcon_core.shell:Skip shell extension 'powershell' for command environment: Not usable outside of PowerShell
[0.473s] DEBUG:colcon.colcon_core.shell:Skip shell extension 'dsv' for command environment
[0.478s] INFO:colcon.colcon_ros.task.ament_cmake.build:Building ROS package in '/home/ken/tello_ros_ws/src/tello_control' with build type 'ament_cmake'
[0.478s] INFO:colcon.colcon_cmake.task.cmake.build:Building CMake package in '/home/ken/tello_ros_ws/src/tello_control'
[0.478s] INFO:colcon.colcon_core.shell:Skip shell extension 'powershell' for command environment: Not usable outside of PowerShell
[0.479s] DEBUG:colcon.colcon_core.shell:Skip shell extension 'dsv' for command environment
[0.487s] INFO:colcon.colcon_ros.task.ament_python.build:Building ROS package in '/home/ken/tello_ros_ws/src/tello_control_gamepad' with build type 'ament_python'
[0.487s] Level 1:colcon.colcon_core.shell:create_environment_hook('tello_control_gamepad', 'ament_prefix_path')
[0.488s] INFO:colcon.colcon_core.shell:Creating environment hook '/home/ken/tello_ros_ws/install/tello_control_gamepad/share/tello_control_gamepad/hook/ament_prefix_path.ps1'
[0.489s] INFO:colcon.colcon_core.shell:Creating environment descriptor '/home/ken/tello_ros_ws/install/tello_control_gamepad/share/tello_control_gamepad/hook/ament_prefix_path.dsv'
[0.490s] INFO:colcon.colcon_core.shell:Creating environment hook '/home/ken/tello_ros_ws/install/tello_control_gamepad/share/tello_control_gamepad/hook/ament_prefix_path.sh'
[0.491s] INFO:colcon.colcon_core.shell:Skip shell extension 'powershell' for command environment: Not usable outside of PowerShell
[0.491s] DEBUG:colcon.colcon_core.shell:Skip shell extension 'dsv' for command environment
[0.504s] DEBUG:colcon.colcon_core.event_handler.log_command:Invoking command in '/home/ken/tello_ros_ws/build/tello_msg': CMAKE_PREFIX_PATH=${CMAKE_PREFIX_PATH}:/home/ken/tello_ros_ws/install/tello:/home/ken/tello_ros_ws/install/tello_control_gamepad:/opt/ros/humble /usr/bin/cmake --build /home/ken/tello_ros_ws/build/tello_msg -- -j4 -l4
[0.517s] DEBUG:colcon.colcon_core.event_handler.log_command:Invoking command in '/home/ken/tello_ros_ws/build/ros2_orb_slam3': CMAKE_PREFIX_PATH=${CMAKE_PREFIX_PATH}:/home/ken/tello_ros_ws/install/tello:/home/ken/tello_ros_ws/install/tello_control_gamepad:/opt/ros/humble /usr/bin/cmake --build /home/ken/tello_ros_ws/build/ros2_orb_slam3 -- -j4 -l4
[0.519s] DEBUG:colcon.colcon_core.event_handler.log_command:Invoking command in '/home/ken/tello_ros_ws/build/tello_control': CMAKE_PREFIX_PATH=${CMAKE_PREFIX_PATH}:/home/ken/tello_ros_ws/install/tello:/home/ken/tello_ros_ws/install/tello_control_gamepad:/opt/ros/humble /usr/bin/cmake --build /home/ken/tello_ros_ws/build/tello_control -- -j4 -l4
[1.217s] INFO:colcon.colcon_core.task.python.build:Building Python package in '/home/ken/tello_ros_ws/src/tello_control_gamepad'
[1.217s] INFO:colcon.colcon_core.shell:Skip shell extension 'powershell' for command environment: Not usable outside of PowerShell
[1.217s] DEBUG:colcon.colcon_core.shell:Skip shell extension 'dsv' for command environment
[1.226s] DEBUG:colcon.colcon_core.event_handler.log_command:Invoked command in '/home/ken/tello_ros_ws/build/tello_control' returned '0': CMAKE_PREFIX_PATH=${CMAKE_PREFIX_PATH}:/home/ken/tello_ros_ws/install/tello:/home/ken/tello_ros_ws/install/tello_control_gamepad:/opt/ros/humble /usr/bin/cmake --build /home/ken/tello_ros_ws/build/tello_control -- -j4 -l4
[1.294s] DEBUG:colcon.colcon_core.event_handler.log_command:Invoking command in '/home/ken/tello_ros_ws/build/tello_control': CMAKE_PREFIX_PATH=${CMAKE_PREFIX_PATH}:/home/ken/tello_ros_ws/install/tello:/home/ken/tello_ros_ws/install/tello_control_gamepad:/opt/ros/humble /usr/bin/cmake --install /home/ken/tello_ros_ws/build/tello_control
[1.344s] Level 1:colcon.colcon_core.environment:create_environment_scripts_only(tello_control)
[1.345s] DEBUG:colcon.colcon_core.event_handler.log_command:Invoked command in '/home/ken/tello_ros_ws/build/tello_control' returned '0': CMAKE_PREFIX_PATH=${CMAKE_PREFIX_PATH}:/home/ken/tello_ros_ws/install/tello:/home/ken/tello_ros_ws/install/tello_control_gamepad:/opt/ros/humble /usr/bin/cmake --install /home/ken/tello_ros_ws/build/tello_control
[1.350s] Level 1:colcon.colcon_core.environment:checking '/home/ken/tello_ros_ws/install/tello_control' for CMake module files
[1.351s] Level 1:colcon.colcon_core.environment:checking '/home/ken/tello_ros_ws/install/tello_control' for CMake config files
[1.352s] Level 1:colcon.colcon_core.shell:create_environment_hook('tello_control', 'cmake_prefix_path')
[1.353s] INFO:colcon.colcon_core.shell:Creating environment hook '/home/ken/tello_ros_ws/install/tello_control/share/tello_control/hook/cmake_prefix_path.ps1'
[1.354s] INFO:colcon.colcon_core.shell:Creating environment descriptor '/home/ken/tello_ros_ws/install/tello_control/share/tello_control/hook/cmake_prefix_path.dsv'
[1.355s] INFO:colcon.colcon_core.shell:Creating environment hook '/home/ken/tello_ros_ws/install/tello_control/share/tello_control/hook/cmake_prefix_path.sh'
[1.357s] Level 1:colcon.colcon_core.environment:checking '/home/ken/tello_ros_ws/install/tello_control/lib'
[1.358s] Level 1:colcon.colcon_core.environment:checking '/home/ken/tello_ros_ws/install/tello_control/bin'
[1.358s] Level 1:colcon.colcon_core.environment:checking '/home/ken/tello_ros_ws/install/tello_control/lib/pkgconfig/tello_control.pc'
[1.358s] Level 1:colcon.colcon_core.environment:checking '/home/ken/tello_ros_ws/install/tello_control/lib/python3.10/site-packages'
[1.359s] Level 1:colcon.colcon_core.environment:checking '/home/ken/tello_ros_ws/install/tello_control/bin'
[1.359s] INFO:colcon.colcon_core.shell:Creating package script '/home/ken/tello_ros_ws/install/tello_control/share/tello_control/package.ps1'
[1.362s] INFO:colcon.colcon_core.shell:Creating package descriptor '/home/ken/tello_ros_ws/install/tello_control/share/tello_control/package.dsv'
[1.363s] INFO:colcon.colcon_core.shell:Creating package script '/home/ken/tello_ros_ws/install/tello_control/share/tello_control/package.sh'
[1.365s] INFO:colcon.colcon_core.shell:Creating package script '/home/ken/tello_ros_ws/install/tello_control/share/tello_control/package.bash'
[1.367s] INFO:colcon.colcon_core.shell:Creating package script '/home/ken/tello_ros_ws/install/tello_control/share/tello_control/package.zsh'
[1.368s] Level 1:colcon.colcon_core.environment:create_file_with_runtime_dependencies(/home/ken/tello_ros_ws/install/tello_control/share/colcon-core/packages/tello_control)
[1.431s] Level 1:colcon.colcon_core.environment:create_environment_scripts_only(tello_control)
[1.432s] Level 1:colcon.colcon_core.environment:checking '/home/ken/tello_ros_ws/install/tello_control' for CMake module files
[1.433s] Level 1:colcon.colcon_core.environment:checking '/home/ken/tello_ros_ws/install/tello_control' for CMake config files
[1.434s] Level 1:colcon.colcon_core.shell:create_environment_hook('tello_control', 'cmake_prefix_path')
[1.435s] INFO:colcon.colcon_core.shell:Creating environment hook '/home/ken/tello_ros_ws/install/tello_control/share/tello_control/hook/cmake_prefix_path.ps1'
[1.436s] INFO:colcon.colcon_core.shell:Creating environment descriptor '/home/ken/tello_ros_ws/install/tello_control/share/tello_control/hook/cmake_prefix_path.dsv'
[1.437s] INFO:colcon.colcon_core.shell:Creating environment hook '/home/ken/tello_ros_ws/install/tello_control/share/tello_control/hook/cmake_prefix_path.sh'
[1.438s] Level 1:colcon.colcon_core.environment:checking '/home/ken/tello_ros_ws/install/tello_control/lib'
[1.438s] Level 1:colcon.colcon_core.environment:checking '/home/ken/tello_ros_ws/install/tello_control/bin'
[1.438s] Level 1:colcon.colcon_core.environment:checking '/home/ken/tello_ros_ws/install/tello_control/lib/pkgconfig/tello_control.pc'
[1.439s] Level 1:colcon.colcon_core.environment:checking '/home/ken/tello_ros_ws/install/tello_control/lib/python3.10/site-packages'
[1.439s] Level 1:colcon.colcon_core.environment:checking '/home/ken/tello_ros_ws/install/tello_control/bin'
[1.440s] INFO:colcon.colcon_core.shell:Creating package script '/home/ken/tello_ros_ws/install/tello_control/share/tello_control/package.ps1'
[1.442s] INFO:colcon.colcon_core.shell:Creating package descriptor '/home/ken/tello_ros_ws/install/tello_control/share/tello_control/package.dsv'
[1.443s] INFO:colcon.colcon_core.shell:Creating package script '/home/ken/tello_ros_ws/install/tello_control/share/tello_control/package.sh'
[1.443s] INFO:colcon.colcon_core.shell:Creating package script '/home/ken/tello_ros_ws/install/tello_control/share/tello_control/package.bash'
[1.444s] INFO:colcon.colcon_core.shell:Creating package script '/home/ken/tello_ros_ws/install/tello_control/share/tello_control/package.zsh'
[1.445s] Level 1:colcon.colcon_core.environment:create_file_with_runtime_dependencies(/home/ken/tello_ros_ws/install/tello_control/share/colcon-core/packages/tello_control)
[1.448s] DEBUG:colcon.colcon_core.event_handler.log_command:Invoked command in '/home/ken/tello_ros_ws/build/tello_msg' returned '0': CMAKE_PREFIX_PATH=${CMAKE_PREFIX_PATH}:/home/ken/tello_ros_ws/install/tello:/home/ken/tello_ros_ws/install/tello_control_gamepad:/opt/ros/humble /usr/bin/cmake --build /home/ken/tello_ros_ws/build/tello_msg -- -j4 -l4
[1.478s] DEBUG:colcon.colcon_core.event_handler.log_command:Invoked command in '/home/ken/tello_ros_ws/build/ros2_orb_slam3' returned '0': CMAKE_PREFIX_PATH=${CMAKE_PREFIX_PATH}:/home/ken/tello_ros_ws/install/tello:/home/ken/tello_ros_ws/install/tello_control_gamepad:/opt/ros/humble /usr/bin/cmake --build /home/ken/tello_ros_ws/build/ros2_orb_slam3 -- -j4 -l4
[1.646s] DEBUG:colcon.colcon_core.event_handler.log_command:Invoking command in '/home/ken/tello_ros_ws/build/tello_msg': CMAKE_PREFIX_PATH=${CMAKE_PREFIX_PATH}:/home/ken/tello_ros_ws/install/tello:/home/ken/tello_ros_ws/install/tello_control_gamepad:/opt/ros/humble /usr/bin/cmake --install /home/ken/tello_ros_ws/build/tello_msg
[1.673s] DEBUG:colcon.colcon_core.event_handler.log_command:Invoking command in '/home/ken/tello_ros_ws/build/ros2_orb_slam3': CMAKE_PREFIX_PATH=${CMAKE_PREFIX_PATH}:/home/ken/tello_ros_ws/install/tello:/home/ken/tello_ros_ws/install/tello_control_gamepad:/opt/ros/humble /usr/bin/cmake --install /home/ken/tello_ros_ws/build/ros2_orb_slam3
[1.766s] Level 1:colcon.colcon_core.environment:create_environment_scripts_only(ros2_orb_slam3)
[1.767s] Level 1:colcon.colcon_core.environment:checking '/home/ken/tello_ros_ws/install/ros2_orb_slam3' for CMake module files
[1.768s] DEBUG:colcon.colcon_core.event_handler.log_command:Invoked command in '/home/ken/tello_ros_ws/build/ros2_orb_slam3' returned '0': CMAKE_PREFIX_PATH=${CMAKE_PREFIX_PATH}:/home/ken/tello_ros_ws/install/tello:/home/ken/tello_ros_ws/install/tello_control_gamepad:/opt/ros/humble /usr/bin/cmake --install /home/ken/tello_ros_ws/build/ros2_orb_slam3
[1.769s] Level 1:colcon.colcon_core.environment:checking '/home/ken/tello_ros_ws/install/ros2_orb_slam3' for CMake config files
[1.770s] Level 1:colcon.colcon_core.shell:create_environment_hook('ros2_orb_slam3', 'cmake_prefix_path')
[1.770s] INFO:colcon.colcon_core.shell:Creating environment hook '/home/ken/tello_ros_ws/install/ros2_orb_slam3/share/ros2_orb_slam3/hook/cmake_prefix_path.ps1'
[1.771s] INFO:colcon.colcon_core.shell:Creating environment descriptor '/home/ken/tello_ros_ws/install/ros2_orb_slam3/share/ros2_orb_slam3/hook/cmake_prefix_path.dsv'
[1.771s] INFO:colcon.colcon_core.shell:Creating environment hook '/home/ken/tello_ros_ws/install/ros2_orb_slam3/share/ros2_orb_slam3/hook/cmake_prefix_path.sh'
[1.772s] Level 1:colcon.colcon_core.environment:checking '/home/ken/tello_ros_ws/install/ros2_orb_slam3/lib'
[1.773s] Level 1:colcon.colcon_core.shell:create_environment_hook('ros2_orb_slam3', 'ld_library_path_lib')
[1.773s] INFO:colcon.colcon_core.shell:Creating environment hook '/home/ken/tello_ros_ws/install/ros2_orb_slam3/share/ros2_orb_slam3/hook/ld_library_path_lib.ps1'
[1.774s] INFO:colcon.colcon_core.shell:Creating environment descriptor '/home/ken/tello_ros_ws/install/ros2_orb_slam3/share/ros2_orb_slam3/hook/ld_library_path_lib.dsv'
[1.774s] INFO:colcon.colcon_core.shell:Creating environment hook '/home/ken/tello_ros_ws/install/ros2_orb_slam3/share/ros2_orb_slam3/hook/ld_library_path_lib.sh'
[1.775s] Level 1:colcon.colcon_core.environment:checking '/home/ken/tello_ros_ws/install/ros2_orb_slam3/bin'
[1.775s] Level 1:colcon.colcon_core.environment:checking '/home/ken/tello_ros_ws/install/ros2_orb_slam3/lib/pkgconfig/ros2_orb_slam3.pc'
[1.776s] Level 1:colcon.colcon_core.environment:checking '/home/ken/tello_ros_ws/install/ros2_orb_slam3/lib/python3.10/site-packages'
[1.776s] Level 1:colcon.colcon_core.environment:checking '/home/ken/tello_ros_ws/install/ros2_orb_slam3/bin'
[1.777s] INFO:colcon.colcon_core.shell:Creating package script '/home/ken/tello_ros_ws/install/ros2_orb_slam3/share/ros2_orb_slam3/package.ps1'
[1.778s] INFO:colcon.colcon_core.shell:Creating package descriptor '/home/ken/tello_ros_ws/install/ros2_orb_slam3/share/ros2_orb_slam3/package.dsv'
[1.779s] INFO:colcon.colcon_core.shell:Creating package script '/home/ken/tello_ros_ws/install/ros2_orb_slam3/share/ros2_orb_slam3/package.sh'
[1.780s] INFO:colcon.colcon_core.shell:Creating package script '/home/ken/tello_ros_ws/install/ros2_orb_slam3/share/ros2_orb_slam3/package.bash'
[1.781s] INFO:colcon.colcon_core.shell:Creating package script '/home/ken/tello_ros_ws/install/ros2_orb_slam3/share/ros2_orb_slam3/package.zsh'
[1.781s] Level 1:colcon.colcon_core.environment:create_file_with_runtime_dependencies(/home/ken/tello_ros_ws/install/ros2_orb_slam3/share/colcon-core/packages/ros2_orb_slam3)
[1.805s] Level 1:colcon.colcon_core.environment:create_environment_scripts_only(tello_msg)
[1.806s] Level 1:colcon.colcon_core.environment:checking '/home/ken/tello_ros_ws/install/tello_msg' for CMake module files
[1.808s] Level 1:colcon.colcon_core.environment:checking '/home/ken/tello_ros_ws/install/tello_msg' for CMake config files
[1.810s] DEBUG:colcon.colcon_core.event_handler.log_command:Invoked command in '/home/ken/tello_ros_ws/build/tello_msg' returned '0': CMAKE_PREFIX_PATH=${CMAKE_PREFIX_PATH}:/home/ken/tello_ros_ws/install/tello:/home/ken/tello_ros_ws/install/tello_control_gamepad:/opt/ros/humble /usr/bin/cmake --install /home/ken/tello_ros_ws/build/tello_msg
[1.811s] Level 1:colcon.colcon_core.shell:create_environment_hook('tello_msg', 'cmake_prefix_path')
[1.812s] INFO:colcon.colcon_core.shell:Creating environment hook '/home/ken/tello_ros_ws/install/tello_msg/share/tello_msg/hook/cmake_prefix_path.ps1'
[1.812s] INFO:colcon.colcon_core.shell:Creating environment descriptor '/home/ken/tello_ros_ws/install/tello_msg/share/tello_msg/hook/cmake_prefix_path.dsv'
[1.813s] INFO:colcon.colcon_core.shell:Creating environment hook '/home/ken/tello_ros_ws/install/tello_msg/share/tello_msg/hook/cmake_prefix_path.sh'
[1.814s] Level 1:colcon.colcon_core.environment:checking '/home/ken/tello_ros_ws/install/tello_msg/lib'
[1.814s] Level 1:colcon.colcon_core.shell:create_environment_hook('tello_msg', 'ld_library_path_lib')
[1.814s] INFO:colcon.colcon_core.shell:Creating environment hook '/home/ken/tello_ros_ws/install/tello_msg/share/tello_msg/hook/ld_library_path_lib.ps1'
[1.815s] INFO:colcon.colcon_core.shell:Creating environment descriptor '/home/ken/tello_ros_ws/install/tello_msg/share/tello_msg/hook/ld_library_path_lib.dsv'
[1.815s] INFO:colcon.colcon_core.shell:Creating environment hook '/home/ken/tello_ros_ws/install/tello_msg/share/tello_msg/hook/ld_library_path_lib.sh'
[1.815s] Level 1:colcon.colcon_core.environment:checking '/home/ken/tello_ros_ws/install/tello_msg/bin'
[1.816s] Level 1:colcon.colcon_core.environment:checking '/home/ken/tello_ros_ws/install/tello_msg/lib/pkgconfig/tello_msg.pc'
[1.816s] Level 1:colcon.colcon_core.environment:checking '/home/ken/tello_ros_ws/install/tello_msg/lib/python3.10/site-packages'
[1.817s] Level 1:colcon.colcon_core.environment:checking '/home/ken/tello_ros_ws/install/tello_msg/bin'
[1.818s] INFO:colcon.colcon_core.shell:Creating package script '/home/ken/tello_ros_ws/install/tello_msg/share/tello_msg/package.ps1'
[1.819s] INFO:colcon.colcon_core.shell:Creating package descriptor '/home/ken/tello_ros_ws/install/tello_msg/share/tello_msg/package.dsv'
[1.820s] INFO:colcon.colcon_core.shell:Creating package script '/home/ken/tello_ros_ws/install/tello_msg/share/tello_msg/package.sh'
[1.821s] INFO:colcon.colcon_core.shell:Creating package script '/home/ken/tello_ros_ws/install/tello_msg/share/tello_msg/package.bash'
[1.822s] INFO:colcon.colcon_core.shell:Creating package script '/home/ken/tello_ros_ws/install/tello_msg/share/tello_msg/package.zsh'
[1.822s] Level 1:colcon.colcon_core.environment:create_file_with_runtime_dependencies(/home/ken/tello_ros_ws/install/tello_msg/share/colcon-core/packages/tello_msg)
[1.973s] Level 1:colcon.colcon_core.environment:create_environment_scripts_only(ros2_orb_slam3)
[1.974s] Level 1:colcon.colcon_core.environment:checking '/home/ken/tello_ros_ws/install/ros2_orb_slam3' for CMake module files
[1.975s] Level 1:colcon.colcon_core.environment:checking '/home/ken/tello_ros_ws/install/ros2_orb_slam3' for CMake config files
[1.976s] Level 1:colcon.colcon_core.shell:create_environment_hook('ros2_orb_slam3', 'cmake_prefix_path')
[1.976s] INFO:colcon.colcon_core.shell:Creating environment hook '/home/ken/tello_ros_ws/install/ros2_orb_slam3/share/ros2_orb_slam3/hook/cmake_prefix_path.ps1'
[1.977s] INFO:colcon.colcon_core.shell:Creating environment descriptor '/home/ken/tello_ros_ws/install/ros2_orb_slam3/share/ros2_orb_slam3/hook/cmake_prefix_path.dsv'
[1.977s] INFO:colcon.colcon_core.shell:Creating environment hook '/home/ken/tello_ros_ws/install/ros2_orb_slam3/share/ros2_orb_slam3/hook/cmake_prefix_path.sh'
[1.979s] Level 1:colcon.colcon_core.environment:checking '/home/ken/tello_ros_ws/install/ros2_orb_slam3/lib'
[1.979s] Level 1:colcon.colcon_core.shell:create_environment_hook('ros2_orb_slam3', 'ld_library_path_lib')
[1.979s] INFO:colcon.colcon_core.shell:Creating environment hook '/home/ken/tello_ros_ws/install/ros2_orb_slam3/share/ros2_orb_slam3/hook/ld_library_path_lib.ps1'
[1.980s] INFO:colcon.colcon_core.shell:Creating environment descriptor '/home/ken/tello_ros_ws/install/ros2_orb_slam3/share/ros2_orb_slam3/hook/ld_library_path_lib.dsv'
[1.980s] INFO:colcon.colcon_core.shell:Creating environment hook '/home/ken/tello_ros_ws/install/ros2_orb_slam3/share/ros2_orb_slam3/hook/ld_library_path_lib.sh'
[1.981s] Level 1:colcon.colcon_core.environment:checking '/home/ken/tello_ros_ws/install/ros2_orb_slam3/bin'
[1.981s] Level 1:colcon.colcon_core.environment:checking '/home/ken/tello_ros_ws/install/ros2_orb_slam3/lib/pkgconfig/ros2_orb_slam3.pc'
[1.981s] Level 1:colcon.colcon_core.environment:checking '/home/ken/tello_ros_ws/install/ros2_orb_slam3/lib/python3.10/site-packages'
[1.982s] Level 1:colcon.colcon_core.environment:checking '/home/ken/tello_ros_ws/install/ros2_orb_slam3/bin'
[1.983s] INFO:colcon.colcon_core.shell:Creating package script '/home/ken/tello_ros_ws/install/ros2_orb_slam3/share/ros2_orb_slam3/package.ps1'
[1.984s] INFO:colcon.colcon_core.shell:Creating package descriptor '/home/ken/tello_ros_ws/install/ros2_orb_slam3/share/ros2_orb_slam3/package.dsv'
[1.985s] INFO:colcon.colcon_core.shell:Creating package script '/home/ken/tello_ros_ws/install/ros2_orb_slam3/share/ros2_orb_slam3/package.sh'
[1.985s] INFO:colcon.colcon_core.shell:Creating package script '/home/ken/tello_ros_ws/install/ros2_orb_slam3/share/ros2_orb_slam3/package.bash'
[1.986s] INFO:colcon.colcon_core.shell:Creating package script '/home/ken/tello_ros_ws/install/ros2_orb_slam3/share/ros2_orb_slam3/package.zsh'
[1.986s] Level 1:colcon.colcon_core.environment:create_file_with_runtime_dependencies(/home/ken/tello_ros_ws/install/ros2_orb_slam3/share/colcon-core/packages/ros2_orb_slam3)
[1.992s] DEBUG:colcon.colcon_core.event_handler.log_command:Invoking command in '/home/ken/tello_ros_ws/src/tello_control_gamepad': PYTHONPATH=/home/ken/tello_ros_ws/build/tello_control_gamepad/prefix_override:/home/ken/tello_ros_ws/install/tello_control_gamepad/lib/python3.10/site-packages:${PYTHONPATH} /usr/bin/python3 -W ignore:setup.py install is deprecated setup.py egg_info --egg-base ../../build/tello_control_gamepad build --build-base /home/ken/tello_ros_ws/build/tello_control_gamepad/build install --record /home/ken/tello_ros_ws/build/tello_control_gamepad/install.log --single-version-externally-managed install_data
[2.015s] Level 1:colcon.colcon_core.environment:create_environment_scripts_only(tello_msg)
[2.015s] Level 1:colcon.colcon_core.environment:checking '/home/ken/tello_ros_ws/install/tello_msg' for CMake module files
[2.016s] Level 1:colcon.colcon_core.environment:checking '/home/ken/tello_ros_ws/install/tello_msg' for CMake config files
[2.018s] Level 1:colcon.colcon_core.shell:create_environment_hook('tello_msg', 'cmake_prefix_path')
[2.019s] INFO:colcon.colcon_core.shell:Creating environment hook '/home/ken/tello_ros_ws/install/tello_msg/share/tello_msg/hook/cmake_prefix_path.ps1'
[2.020s] INFO:colcon.colcon_core.shell:Creating environment descriptor '/home/ken/tello_ros_ws/install/tello_msg/share/tello_msg/hook/cmake_prefix_path.dsv'
[2.020s] INFO:colcon.colcon_core.shell:Creating environment hook '/home/ken/tello_ros_ws/install/tello_msg/share/tello_msg/hook/cmake_prefix_path.sh'
[2.021s] Level 1:colcon.colcon_core.environment:checking '/home/ken/tello_ros_ws/install/tello_msg/lib'
[2.022s] Level 1:colcon.colcon_core.shell:create_environment_hook('tello_msg', 'ld_library_path_lib')
[2.022s] INFO:colcon.colcon_core.shell:Creating environment hook '/home/ken/tello_ros_ws/install/tello_msg/share/tello_msg/hook/ld_library_path_lib.ps1'
[2.023s] INFO:colcon.colcon_core.shell:Creating environment descriptor '/home/ken/tello_ros_ws/install/tello_msg/share/tello_msg/hook/ld_library_path_lib.dsv'
[2.023s] INFO:colcon.colcon_core.shell:Creating environment hook '/home/ken/tello_ros_ws/install/tello_msg/share/tello_msg/hook/ld_library_path_lib.sh'
[2.024s] Level 1:colcon.colcon_core.environment:checking '/home/ken/tello_ros_ws/install/tello_msg/bin'
[2.024s] Level 1:colcon.colcon_core.environment:checking '/home/ken/tello_ros_ws/install/tello_msg/lib/pkgconfig/tello_msg.pc'
[2.025s] Level 1:colcon.colcon_core.environment:checking '/home/ken/tello_ros_ws/install/tello_msg/lib/python3.10/site-packages'
[2.025s] Level 1:colcon.colcon_core.environment:checking '/home/ken/tello_ros_ws/install/tello_msg/bin'
[2.026s] INFO:colcon.colcon_core.shell:Creating package script '/home/ken/tello_ros_ws/install/tello_msg/share/tello_msg/package.ps1'
[2.027s] INFO:colcon.colcon_core.shell:Creating package descriptor '/home/ken/tello_ros_ws/install/tello_msg/share/tello_msg/package.dsv'
[2.028s] INFO:colcon.colcon_core.shell:Creating package script '/home/ken/tello_ros_ws/install/tello_msg/share/tello_msg/package.sh'
[2.029s] INFO:colcon.colcon_core.shell:Creating package script '/home/ken/tello_ros_ws/install/tello_msg/share/tello_msg/package.bash'
[2.030s] INFO:colcon.colcon_core.shell:Creating package script '/home/ken/tello_ros_ws/install/tello_msg/share/tello_msg/package.zsh'
[2.030s] Level 1:colcon.colcon_core.environment:create_file_with_runtime_dependencies(/home/ken/tello_ros_ws/install/tello_msg/share/colcon-core/packages/tello_msg)
[2.031s] INFO:colcon.colcon_ros.task.ament_python.build:Building ROS package in '/home/ken/tello_ros_ws/src/tello' with build type 'ament_python'
[2.031s] Level 1:colcon.colcon_core.shell:create_environment_hook('tello', 'ament_prefix_path')
[2.032s] INFO:colcon.colcon_core.shell:Creating environment hook '/home/ken/tello_ros_ws/install/tello/share/tello/hook/ament_prefix_path.ps1'
[2.033s] INFO:colcon.colcon_core.shell:Creating environment descriptor '/home/ken/tello_ros_ws/install/tello/share/tello/hook/ament_prefix_path.dsv'
[2.034s] INFO:colcon.colcon_core.shell:Creating environment hook '/home/ken/tello_ros_ws/install/tello/share/tello/hook/ament_prefix_path.sh'
[2.034s] INFO:colcon.colcon_core.shell:Skip shell extension 'powershell' for command environment: Not usable outside of PowerShell
[2.035s] DEBUG:colcon.colcon_core.shell:Skip shell extension 'dsv' for command environment
[2.419s] INFO:colcon.colcon_core.task.python.build:Building Python package in '/home/ken/tello_ros_ws/src/tello'
[2.419s] INFO:colcon.colcon_core.shell:Skip shell extension 'powershell' for command environment: Not usable outside of PowerShell
[2.420s] DEBUG:colcon.colcon_core.shell:Skip shell extension 'dsv' for command environment
[2.426s] Level 1:colcon.colcon_core.environment:checking '/home/ken/tello_ros_ws/install/tello_control_gamepad' for CMake module files
[2.427s] DEBUG:colcon.colcon_core.event_handler.log_command:Invoked command in '/home/ken/tello_ros_ws/src/tello_control_gamepad' returned '0': PYTHONPATH=/home/ken/tello_ros_ws/build/tello_control_gamepad/prefix_override:/home/ken/tello_ros_ws/install/tello_control_gamepad/lib/python3.10/site-packages:${PYTHONPATH} /usr/bin/python3 -W ignore:setup.py install is deprecated setup.py egg_info --egg-base ../../build/tello_control_gamepad build --build-base /home/ken/tello_ros_ws/build/tello_control_gamepad/build install --record /home/ken/tello_ros_ws/build/tello_control_gamepad/install.log --single-version-externally-managed install_data
[2.428s] Level 1:colcon.colcon_core.environment:checking '/home/ken/tello_ros_ws/install/tello_control_gamepad' for CMake config files
[2.429s] Level 1:colcon.colcon_core.environment:checking '/home/ken/tello_ros_ws/install/tello_control_gamepad/lib'
[2.429s] Level 1:colcon.colcon_core.environment:checking '/home/ken/tello_ros_ws/install/tello_control_gamepad/bin'
[2.429s] Level 1:colcon.colcon_core.environment:checking '/home/ken/tello_ros_ws/install/tello_control_gamepad/lib/pkgconfig/tello_control_gamepad.pc'
[2.430s] Level 1:colcon.colcon_core.environment:checking '/home/ken/tello_ros_ws/install/tello_control_gamepad/lib/python3.10/site-packages'
[2.430s] Level 1:colcon.colcon_core.shell:create_environment_hook('tello_control_gamepad', 'pythonpath')
[2.430s] INFO:colcon.colcon_core.shell:Creating environment hook '/home/ken/tello_ros_ws/install/tello_control_gamepad/share/tello_control_gamepad/hook/pythonpath.ps1'
[2.431s] INFO:colcon.colcon_core.shell:Creating environment descriptor '/home/ken/tello_ros_ws/install/tello_control_gamepad/share/tello_control_gamepad/hook/pythonpath.dsv'
[2.431s] INFO:colcon.colcon_core.shell:Creating environment hook '/home/ken/tello_ros_ws/install/tello_control_gamepad/share/tello_control_gamepad/hook/pythonpath.sh'
[2.432s] Level 1:colcon.colcon_core.environment:checking '/home/ken/tello_ros_ws/install/tello_control_gamepad/bin'
[2.432s] Level 1:colcon.colcon_core.environment:create_environment_scripts_only(tello_control_gamepad)
[2.433s] INFO:colcon.colcon_core.shell:Creating package script '/home/ken/tello_ros_ws/install/tello_control_gamepad/share/tello_control_gamepad/package.ps1'
[2.433s] INFO:colcon.colcon_core.shell:Creating package descriptor '/home/ken/tello_ros_ws/install/tello_control_gamepad/share/tello_control_gamepad/package.dsv'
[2.434s] INFO:colcon.colcon_core.shell:Creating package script '/home/ken/tello_ros_ws/install/tello_control_gamepad/share/tello_control_gamepad/package.sh'
[2.434s] INFO:colcon.colcon_core.shell:Creating package script '/home/ken/tello_ros_ws/install/tello_control_gamepad/share/tello_control_gamepad/package.bash'
[2.434s] INFO:colcon.colcon_core.shell:Creating package script '/home/ken/tello_ros_ws/install/tello_control_gamepad/share/tello_control_gamepad/package.zsh'
[2.435s] Level 1:colcon.colcon_core.environment:create_file_with_runtime_dependencies(/home/ken/tello_ros_ws/install/tello_control_gamepad/share/colcon-core/packages/tello_control_gamepad)
[2.870s] DEBUG:colcon.colcon_core.event_handler.log_command:Invoking command in '/home/ken/tello_ros_ws/src/tello': PYTHONPATH=/home/ken/tello_ros_ws/build/tello/prefix_override:/home/ken/tello_ros_ws/install/tello/lib/python3.10/site-packages:${PYTHONPATH} /usr/bin/python3 -W ignore:setup.py install is deprecated setup.py egg_info --egg-base ../../build/tello build --build-base /home/ken/tello_ros_ws/build/tello/build install --record /home/ken/tello_ros_ws/build/tello/install.log --install-scripts $base/lib/tello --single-version-externally-managed install_data
[3.249s] Level 1:colcon.colcon_core.environment:checking '/home/ken/tello_ros_ws/install/tello' for CMake module files
[3.249s] DEBUG:colcon.colcon_core.event_handler.log_command:Invoked command in '/home/ken/tello_ros_ws/src/tello' returned '0': PYTHONPATH=/home/ken/tello_ros_ws/build/tello/prefix_override:/home/ken/tello_ros_ws/install/tello/lib/python3.10/site-packages:${PYTHONPATH} /usr/bin/python3 -W ignore:setup.py install is deprecated setup.py egg_info --egg-base ../../build/tello build --build-base /home/ken/tello_ros_ws/build/tello/build install --record /home/ken/tello_ros_ws/build/tello/install.log --install-scripts $base/lib/tello --single-version-externally-managed install_data
[3.250s] Level 1:colcon.colcon_core.environment:checking '/home/ken/tello_ros_ws/install/tello' for CMake config files
[3.250s] Level 1:colcon.colcon_core.environment:checking '/home/ken/tello_ros_ws/install/tello/lib'
[3.250s] Level 1:colcon.colcon_core.environment:checking '/home/ken/tello_ros_ws/install/tello/bin'
[3.250s] Level 1:colcon.colcon_core.environment:checking '/home/ken/tello_ros_ws/install/tello/lib/pkgconfig/tello.pc'
[3.251s] Level 1:colcon.colcon_core.environment:checking '/home/ken/tello_ros_ws/install/tello/lib/python3.10/site-packages'
[3.251s] Level 1:colcon.colcon_core.shell:create_environment_hook('tello', 'pythonpath')
[3.251s] INFO:colcon.colcon_core.shell:Creating environment hook '/home/ken/tello_ros_ws/install/tello/share/tello/hook/pythonpath.ps1'
[3.251s] INFO:colcon.colcon_core.shell:Creating environment descriptor '/home/ken/tello_ros_ws/install/tello/share/tello/hook/pythonpath.dsv'
[3.252s] INFO:colcon.colcon_core.shell:Creating environment hook '/home/ken/tello_ros_ws/install/tello/share/tello/hook/pythonpath.sh'
[3.253s] Level 1:colcon.colcon_core.environment:checking '/home/ken/tello_ros_ws/install/tello/bin'
[3.253s] Level 1:colcon.colcon_core.environment:create_environment_scripts_only(tello)
[3.253s] INFO:colcon.colcon_core.shell:Creating package script '/home/ken/tello_ros_ws/install/tello/share/tello/package.ps1'
[3.254s] INFO:colcon.colcon_core.shell:Creating package descriptor '/home/ken/tello_ros_ws/install/tello/share/tello/package.dsv'
[3.254s] INFO:colcon.colcon_core.shell:Creating package script '/home/ken/tello_ros_ws/install/tello/share/tello/package.sh'
[3.255s] INFO:colcon.colcon_core.shell:Creating package script '/home/ken/tello_ros_ws/install/tello/share/tello/package.bash'
[3.255s] INFO:colcon.colcon_core.shell:Creating package script '/home/ken/tello_ros_ws/install/tello/share/tello/package.zsh'
[3.255s] Level 1:colcon.colcon_core.environment:create_file_with_runtime_dependencies(/home/ken/tello_ros_ws/install/tello/share/colcon-core/packages/tello)
[3.256s] DEBUG:colcon.colcon_parallel_executor.executor.parallel:closing loop
[3.256s] DEBUG:colcon.colcon_parallel_executor.executor.parallel:loop closed
[3.256s] DEBUG:colcon.colcon_parallel_executor.executor.parallel:run_until_complete finished with '0'
[3.257s] DEBUG:colcon.colcon_core.event_reactor:joining thread
[3.264s] INFO:colcon.colcon_core.plugin_system:Skipping extension 'colcon_notification.desktop_notification.terminal_notifier': Not used on non-Darwin systems
[3.264s] INFO:colcon.colcon_core.plugin_system:Skipping extension 'colcon_notification.desktop_notification.win32': Not used on non-Windows systems
[3.264s] INFO:colcon.colcon_notification.desktop_notification:Sending desktop notification using 'notify2'
[3.282s] DEBUG:colcon.colcon_core.event_reactor:joined thread
[3.283s] INFO:colcon.colcon_core.shell:Creating prefix script '/home/ken/tello_ros_ws/install/local_setup.ps1'
[3.284s] INFO:colcon.colcon_core.shell:Creating prefix util module '/home/ken/tello_ros_ws/install/_local_setup_util_ps1.py'
[3.286s] INFO:colcon.colcon_core.shell:Creating prefix chain script '/home/ken/tello_ros_ws/install/setup.ps1'
[3.288s] INFO:colcon.colcon_core.shell:Creating prefix script '/home/ken/tello_ros_ws/install/local_setup.sh'
[3.289s] INFO:colcon.colcon_core.shell:Creating prefix util module '/home/ken/tello_ros_ws/install/_local_setup_util_sh.py'
[3.290s] INFO:colcon.colcon_core.shell:Creating prefix chain script '/home/ken/tello_ros_ws/install/setup.sh'
[3.292s] INFO:colcon.colcon_core.shell:Creating prefix script '/home/ken/tello_ros_ws/install/local_setup.bash'
[3.293s] INFO:colcon.colcon_core.shell:Creating prefix chain script '/home/ken/tello_ros_ws/install/setup.bash'
[3.294s] INFO:colcon.colcon_core.shell:Creating prefix script '/home/ken/tello_ros_ws/install/local_setup.zsh'
[3.295s] INFO:colcon.colcon_core.shell:Creating prefix chain script '/home/ken/tello_ros_ws/install/setup.zsh'
