[  0%] Built target ament_cmake_python_copy_ros2_orb_slam3
[ 90%] Built target orb_slam3_lib
[100%] Built target mono_node_cpp
running egg_info
writing ros2_orb_slam3.egg-info/PKG-INFO
writing dependency_links to ros2_orb_slam3.egg-info/dependency_links.txt
writing top-level names to ros2_orb_slam3.egg-info/top_level.txt
reading manifest file 'ros2_orb_slam3.egg-info/SOURCES.txt'
writing manifest file 'ros2_orb_slam3.egg-info/SOURCES.txt'
[100%] Built target ament_cmake_python_build_ros2_orb_slam3_egg
-- Install configuration: ""
-- Up-to-date: /home/ken/tello_ros_ws/install/ros2_orb_slam3/lib/libDBoW2.so
-- Up-to-date: /home/ken/tello_ros_ws/install/ros2_orb_slam3/lib/libg2o.so
-- Up-to-date: /home/ken/tello_ros_ws/install/ros2_orb_slam3/include
-- Up-to-date: /home/ken/tello_ros_ws/install/ros2_orb_slam3/include/ros2_orb_slam3
-- Up-to-date: /home/ken/tello_ros_ws/install/ros2_orb_slam3/include/ros2_orb_slam3/common.hpp
-- Up-to-date: /home/ken/tello_ros_ws/install/ros2_orb_slam3/lib/ros2_orb_slam3/mono_node_cpp
-- Up-to-date: /home/ken/tello_ros_ws/install/ros2_orb_slam3/lib/liborb_slam3_lib.so.
-- Up-to-date: /home/ken/tello_ros_ws/install/ros2_orb_slam3/lib/liborb_slam3_lib.so
-- Up-to-date: /home/ken/tello_ros_ws/install/ros2_orb_slam3/share/ros2_orb_slam3/environment/pythonpath.sh
-- Up-to-date: /home/ken/tello_ros_ws/install/ros2_orb_slam3/share/ros2_orb_slam3/environment/pythonpath.dsv
-- Up-to-date: /home/ken/tello_ros_ws/install/ros2_orb_slam3/local/lib/python3.10/dist-packages/ros2_orb_slam3-1.0.0-py3.10.egg-info
-- Installing: /home/ken/tello_ros_ws/install/ros2_orb_slam3/local/lib/python3.10/dist-packages/ros2_orb_slam3-1.0.0-py3.10.egg-info/PKG-INFO
-- Installing: /home/ken/tello_ros_ws/install/ros2_orb_slam3/local/lib/python3.10/dist-packages/ros2_orb_slam3-1.0.0-py3.10.egg-info/SOURCES.txt
-- Installing: /home/ken/tello_ros_ws/install/ros2_orb_slam3/local/lib/python3.10/dist-packages/ros2_orb_slam3-1.0.0-py3.10.egg-info/dependency_links.txt
-- Installing: /home/ken/tello_ros_ws/install/ros2_orb_slam3/local/lib/python3.10/dist-packages/ros2_orb_slam3-1.0.0-py3.10.egg-info/top_level.txt
-- Up-to-date: /home/ken/tello_ros_ws/install/ros2_orb_slam3/local/lib/python3.10/dist-packages/ros2_orb_slam3
-- Up-to-date: /home/ken/tello_ros_ws/install/ros2_orb_slam3/local/lib/python3.10/dist-packages/ros2_orb_slam3/__init__.py
Listing '/home/ken/tello_ros_ws/install/ros2_orb_slam3/local/lib/python3.10/dist-packages/ros2_orb_slam3'...
-- Installing: /home/ken/tello_ros_ws/install/ros2_orb_slam3/lib/ros2_orb_slam3/mono_tello_driver_node.py
-- Up-to-date: /home/ken/tello_ros_ws/install/ros2_orb_slam3/share/ament_index/resource_index/package_run_dependencies/ros2_orb_slam3
-- Up-to-date: /home/ken/tello_ros_ws/install/ros2_orb_slam3/share/ament_index/resource_index/parent_prefix_path/ros2_orb_slam3
-- Up-to-date: /home/ken/tello_ros_ws/install/ros2_orb_slam3/share/ros2_orb_slam3/environment/ament_prefix_path.sh
-- Up-to-date: /home/ken/tello_ros_ws/install/ros2_orb_slam3/share/ros2_orb_slam3/environment/ament_prefix_path.dsv
-- Up-to-date: /home/ken/tello_ros_ws/install/ros2_orb_slam3/share/ros2_orb_slam3/environment/path.sh
-- Up-to-date: /home/ken/tello_ros_ws/install/ros2_orb_slam3/share/ros2_orb_slam3/environment/path.dsv
-- Up-to-date: /home/ken/tello_ros_ws/install/ros2_orb_slam3/share/ros2_orb_slam3/local_setup.bash
-- Up-to-date: /home/ken/tello_ros_ws/install/ros2_orb_slam3/share/ros2_orb_slam3/local_setup.sh
-- Up-to-date: /home/ken/tello_ros_ws/install/ros2_orb_slam3/share/ros2_orb_slam3/local_setup.zsh
-- Up-to-date: /home/ken/tello_ros_ws/install/ros2_orb_slam3/share/ros2_orb_slam3/local_setup.dsv
-- Installing: /home/ken/tello_ros_ws/install/ros2_orb_slam3/share/ros2_orb_slam3/package.dsv
-- Up-to-date: /home/ken/tello_ros_ws/install/ros2_orb_slam3/share/ament_index/resource_index/packages/ros2_orb_slam3
-- Up-to-date: /home/ken/tello_ros_ws/install/ros2_orb_slam3/share/ros2_orb_slam3/cmake/ament_cmake_export_include_directories-extras.cmake
-- Up-to-date: /home/ken/tello_ros_ws/install/ros2_orb_slam3/share/ros2_orb_slam3/cmake/ament_cmake_export_dependencies-extras.cmake
-- Up-to-date: /home/ken/tello_ros_ws/install/ros2_orb_slam3/share/ros2_orb_slam3/cmake/ros2_orb_slam3Config.cmake
-- Up-to-date: /home/ken/tello_ros_ws/install/ros2_orb_slam3/share/ros2_orb_slam3/cmake/ros2_orb_slam3Config-version.cmake
-- Up-to-date: /home/ken/tello_ros_ws/install/ros2_orb_slam3/share/ros2_orb_slam3/package.xml
