[0.042s] Invoking command in '/home/ken/tello_ros_ws/build/ros2_orb_slam3': CMAKE_PREFIX_PATH=${CMAKE_PREFIX_PATH}:/home/ken/tello_ros_ws/install/tello:/home/ken/tello_ros_ws/install/tello_control_gamepad:/opt/ros/humble /usr/bin/cmake --build /home/ken/tello_ros_ws/build/ros2_orb_slam3 -- -j4 -l4
[0.214s] [  0%] Built target ament_cmake_python_copy_ros2_orb_slam3
[0.433s] [ 90%] Built target orb_slam3_lib
[0.593s] [100%] Built target mono_node_cpp
[0.881s] running egg_info
[0.882s] writing ros2_orb_slam3.egg-info/PKG-INFO
[0.883s] writing dependency_links to ros2_orb_slam3.egg-info/dependency_links.txt
[0.883s] writing top-level names to ros2_orb_slam3.egg-info/top_level.txt
[0.894s] reading manifest file 'ros2_orb_slam3.egg-info/SOURCES.txt'
[0.894s] writing manifest file 'ros2_orb_slam3.egg-info/SOURCES.txt'
[0.939s] [100%] Built target ament_cmake_python_build_ros2_orb_slam3_egg
[0.953s] Invoked command in '/home/ken/tello_ros_ws/build/ros2_orb_slam3' returned '0': CMAKE_PREFIX_PATH=${CMAKE_PREFIX_PATH}:/home/ken/tello_ros_ws/install/tello:/home/ken/tello_ros_ws/install/tello_control_gamepad:/opt/ros/humble /usr/bin/cmake --build /home/ken/tello_ros_ws/build/ros2_orb_slam3 -- -j4 -l4
[1.137s] Invoking command in '/home/ken/tello_ros_ws/build/ros2_orb_slam3': CMAKE_PREFIX_PATH=${CMAKE_PREFIX_PATH}:/home/ken/tello_ros_ws/install/tello:/home/ken/tello_ros_ws/install/tello_control_gamepad:/opt/ros/humble /usr/bin/cmake --install /home/ken/tello_ros_ws/build/ros2_orb_slam3
[1.151s] -- Install configuration: ""
[1.151s] -- Up-to-date: /home/ken/tello_ros_ws/install/ros2_orb_slam3/lib/libDBoW2.so
[1.151s] -- Up-to-date: /home/ken/tello_ros_ws/install/ros2_orb_slam3/lib/libg2o.so
[1.151s] -- Up-to-date: /home/ken/tello_ros_ws/install/ros2_orb_slam3/include
[1.152s] -- Up-to-date: /home/ken/tello_ros_ws/install/ros2_orb_slam3/include/ros2_orb_slam3
[1.152s] -- Up-to-date: /home/ken/tello_ros_ws/install/ros2_orb_slam3/include/ros2_orb_slam3/common.hpp
[1.152s] -- Up-to-date: /home/ken/tello_ros_ws/install/ros2_orb_slam3/lib/ros2_orb_slam3/mono_node_cpp
[1.154s] -- Up-to-date: /home/ken/tello_ros_ws/install/ros2_orb_slam3/lib/liborb_slam3_lib.so.
[1.155s] -- Up-to-date: /home/ken/tello_ros_ws/install/ros2_orb_slam3/lib/liborb_slam3_lib.so
[1.155s] -- Up-to-date: /home/ken/tello_ros_ws/install/ros2_orb_slam3/share/ros2_orb_slam3/environment/pythonpath.sh
[1.156s] -- Up-to-date: /home/ken/tello_ros_ws/install/ros2_orb_slam3/share/ros2_orb_slam3/environment/pythonpath.dsv
[1.156s] -- Up-to-date: /home/ken/tello_ros_ws/install/ros2_orb_slam3/local/lib/python3.10/dist-packages/ros2_orb_slam3-1.0.0-py3.10.egg-info
[1.156s] -- Installing: /home/ken/tello_ros_ws/install/ros2_orb_slam3/local/lib/python3.10/dist-packages/ros2_orb_slam3-1.0.0-py3.10.egg-info/PKG-INFO
[1.157s] -- Installing: /home/ken/tello_ros_ws/install/ros2_orb_slam3/local/lib/python3.10/dist-packages/ros2_orb_slam3-1.0.0-py3.10.egg-info/SOURCES.txt
[1.157s] -- Installing: /home/ken/tello_ros_ws/install/ros2_orb_slam3/local/lib/python3.10/dist-packages/ros2_orb_slam3-1.0.0-py3.10.egg-info/dependency_links.txt
[1.158s] -- Installing: /home/ken/tello_ros_ws/install/ros2_orb_slam3/local/lib/python3.10/dist-packages/ros2_orb_slam3-1.0.0-py3.10.egg-info/top_level.txt
[1.159s] -- Up-to-date: /home/ken/tello_ros_ws/install/ros2_orb_slam3/local/lib/python3.10/dist-packages/ros2_orb_slam3
[1.160s] -- Up-to-date: /home/ken/tello_ros_ws/install/ros2_orb_slam3/local/lib/python3.10/dist-packages/ros2_orb_slam3/__init__.py
[1.220s] Listing '/home/ken/tello_ros_ws/install/ros2_orb_slam3/local/lib/python3.10/dist-packages/ros2_orb_slam3'...
[1.230s] -- Installing: /home/ken/tello_ros_ws/install/ros2_orb_slam3/lib/ros2_orb_slam3/mono_tello_driver_node.py
[1.231s] -- Up-to-date: /home/ken/tello_ros_ws/install/ros2_orb_slam3/share/ament_index/resource_index/package_run_dependencies/ros2_orb_slam3
[1.231s] -- Up-to-date: /home/ken/tello_ros_ws/install/ros2_orb_slam3/share/ament_index/resource_index/parent_prefix_path/ros2_orb_slam3
[1.232s] -- Up-to-date: /home/ken/tello_ros_ws/install/ros2_orb_slam3/share/ros2_orb_slam3/environment/ament_prefix_path.sh
[1.232s] -- Up-to-date: /home/ken/tello_ros_ws/install/ros2_orb_slam3/share/ros2_orb_slam3/environment/ament_prefix_path.dsv
[1.232s] -- Up-to-date: /home/ken/tello_ros_ws/install/ros2_orb_slam3/share/ros2_orb_slam3/environment/path.sh
[1.232s] -- Up-to-date: /home/ken/tello_ros_ws/install/ros2_orb_slam3/share/ros2_orb_slam3/environment/path.dsv
[1.232s] -- Up-to-date: /home/ken/tello_ros_ws/install/ros2_orb_slam3/share/ros2_orb_slam3/local_setup.bash
[1.233s] -- Up-to-date: /home/ken/tello_ros_ws/install/ros2_orb_slam3/share/ros2_orb_slam3/local_setup.sh
[1.233s] -- Up-to-date: /home/ken/tello_ros_ws/install/ros2_orb_slam3/share/ros2_orb_slam3/local_setup.zsh
[1.233s] -- Up-to-date: /home/ken/tello_ros_ws/install/ros2_orb_slam3/share/ros2_orb_slam3/local_setup.dsv
[1.233s] -- Installing: /home/ken/tello_ros_ws/install/ros2_orb_slam3/share/ros2_orb_slam3/package.dsv
[1.235s] -- Up-to-date: /home/ken/tello_ros_ws/install/ros2_orb_slam3/share/ament_index/resource_index/packages/ros2_orb_slam3
[1.235s] -- Up-to-date: /home/ken/tello_ros_ws/install/ros2_orb_slam3/share/ros2_orb_slam3/cmake/ament_cmake_export_include_directories-extras.cmake
[1.235s] -- Up-to-date: /home/ken/tello_ros_ws/install/ros2_orb_slam3/share/ros2_orb_slam3/cmake/ament_cmake_export_dependencies-extras.cmake
[1.235s] -- Up-to-date: /home/ken/tello_ros_ws/install/ros2_orb_slam3/share/ros2_orb_slam3/cmake/ros2_orb_slam3Config.cmake
[1.235s] -- Up-to-date: /home/ken/tello_ros_ws/install/ros2_orb_slam3/share/ros2_orb_slam3/cmake/ros2_orb_slam3Config-version.cmake
[1.236s] -- Up-to-date: /home/ken/tello_ros_ws/install/ros2_orb_slam3/share/ros2_orb_slam3/package.xml
[1.238s] Invoked command in '/home/ken/tello_ros_ws/build/ros2_orb_slam3' returned '0': CMAKE_PREFIX_PATH=${CMAKE_PREFIX_PATH}:/home/ken/tello_ros_ws/install/tello:/home/ken/tello_ros_ws/install/tello_control_gamepad:/opt/ros/humble /usr/bin/cmake --install /home/ken/tello_ros_ws/build/ros2_orb_slam3
