[0.019s] Invoking command in '/home/ken/tello_ros_ws/build/tello_control': CMAKE_PREFIX_PATH=${CMAKE_PREFIX_PATH}:/home/ken/tello_ros_ws/install/tello:/opt/ros/humble /usr/bin/cmake /home/ken/tello_ros_ws/src/tello_control -DAMENT_CMAKE_SYMLINK_INSTALL=1 -DCMAKE_INSTALL_PREFIX=/home/ken/tello_ros_ws/install/tello_control
[0.107s] -- The C compiler identification is GNU 11.4.0
[0.201s] -- The CXX compiler identification is GNU 11.4.0
[0.211s] -- Detecting C compiler ABI info
[0.329s] -- Detecting C compiler ABI info - done
[0.363s] -- Check for working C compiler: /usr/bin/cc - skipped
[0.365s] -- Detecting C compile features
[0.367s] -- Detecting C compile features - done
[0.379s] -- Detecting CXX compiler ABI info
[0.489s] -- Detecting CXX compiler ABI info - done
[0.500s] -- Check for working CXX compiler: /usr/bin/c++ - skipped
[0.501s] -- Detecting CXX compile features
[0.502s] -- Detecting CXX compile features - done
[0.514s] -- Found OpenCV version 4.5.4
[0.517s] -- Found ament_cmake: 1.3.8 (/opt/ros/humble/share/ament_cmake/cmake)
[0.741s] -- Found Python3: /usr/bin/python3 (found version "3.10.12") found components: Interpreter 
[0.831s] -- Override CMake install command with custom implementation using symlinks instead of copying resources
[0.867s] -- Found rclcpp: 16.0.8 (/opt/ros/humble/share/rclcpp/cmake)
[0.924s] -- Found rosidl_generator_c: 3.1.5 (/opt/ros/humble/share/rosidl_generator_c/cmake)
[0.930s] -- Found rosidl_adapter: 3.1.5 (/opt/ros/humble/share/rosidl_adapter/cmake)
[0.942s] -- Found rosidl_generator_cpp: 3.1.5 (/opt/ros/humble/share/rosidl_generator_cpp/cmake)
[0.960s] -- Using all available rosidl_typesupport_c: rosidl_typesupport_fastrtps_c;rosidl_typesupport_introspection_c
[0.986s] -- Using all available rosidl_typesupport_cpp: rosidl_typesupport_fastrtps_cpp;rosidl_typesupport_introspection_cpp
[1.083s] -- Found rmw_implementation_cmake: 6.1.1 (/opt/ros/humble/share/rmw_implementation_cmake/cmake)
[1.087s] -- Found rmw_fastrtps_cpp: 6.2.6 (/opt/ros/humble/share/rmw_fastrtps_cpp/cmake)
[1.231s] -- Found OpenSSL: /usr/lib/x86_64-linux-gnu/libcrypto.so (found version "3.0.2")  
[1.269s] -- Found FastRTPS: /opt/ros/humble/include  
[1.336s] -- Using RMW implementation 'rmw_fastrtps_cpp' as default
[1.350s] -- Looking for pthread.h
[1.445s] -- Looking for pthread.h - found
[1.446s] -- Performing Test CMAKE_HAVE_LIBC_PTHREAD
[1.549s] -- Performing Test CMAKE_HAVE_LIBC_PTHREAD - Success
[1.551s] -- Found Threads: TRUE  
[1.774s] -- Found geometry_msgs: 4.2.3 (/opt/ros/humble/share/geometry_msgs/cmake)
[1.935s] -- Configuring done
[1.953s] -- Generating done
[1.954s] -- Build files have been written to: /home/ken/tello_ros_ws/build/tello_control
[1.969s] Invoked command in '/home/ken/tello_ros_ws/build/tello_control' returned '0': CMAKE_PREFIX_PATH=${CMAKE_PREFIX_PATH}:/home/ken/tello_ros_ws/install/tello:/opt/ros/humble /usr/bin/cmake /home/ken/tello_ros_ws/src/tello_control -DAMENT_CMAKE_SYMLINK_INSTALL=1 -DCMAKE_INSTALL_PREFIX=/home/ken/tello_ros_ws/install/tello_control
[1.972s] Invoking command in '/home/ken/tello_ros_ws/build/tello_control': CMAKE_PREFIX_PATH=${CMAKE_PREFIX_PATH}:/home/ken/tello_ros_ws/install/tello:/opt/ros/humble /usr/bin/cmake --build /home/ken/tello_ros_ws/build/tello_control -- -j4 -l4
[2.039s] [ 50%] [32mBuilding CXX object CMakeFiles/tello_control.dir/src/main.cpp.o[0m
[2.520s] [01m[K/home/ken/tello_ros_ws/src/tello_control/src/main.cpp:9:10:[m[K [01;31m[Kfatal error: [m[Kstd_msgs/msg/.hpp: No such file or directory
[2.521s]     9 | #include [01;31m[K"std_msgs/msg/.hpp"[m[K
[2.521s]       |          [01;31m[K^~~~~~~~~~~~~~~~~~~[m[K
[2.521s] compilation terminated.
[2.525s] gmake[2]: *** [CMakeFiles/tello_control.dir/build.make:76: CMakeFiles/tello_control.dir/src/main.cpp.o] Error 1
[2.526s] gmake[1]: *** [CMakeFiles/Makefile2:137: CMakeFiles/tello_control.dir/all] Error 2
[2.526s] gmake: *** [Makefile:146: all] Error 2
[2.529s] Invoked command in '/home/ken/tello_ros_ws/build/tello_control' returned '2': CMAKE_PREFIX_PATH=${CMAKE_PREFIX_PATH}:/home/ken/tello_ros_ws/install/tello:/opt/ros/humble /usr/bin/cmake --build /home/ken/tello_ros_ws/build/tello_control -- -j4 -l4
