[0.163s] DEBUG:colcon:Command line arguments: ['/usr/bin/colcon', 'build']
[0.163s] DEBUG:colcon:Parsed command line arguments: Namespace(log_base=None, log_level=None, verb_name='build', build_base='build', install_base='install', merge_install=False, symlink_install=False, test_result_base=None, continue_on_error=False, executor='parallel', parallel_workers=4, event_handlers=None, ignore_user_meta=False, metas=['./colcon.meta'], base_paths=['.'], packages_ignore=None, packages_ignore_regex=None, paths=None, packages_up_to=None, packages_up_to_regex=None, packages_above=None, packages_above_and_dependencies=None, packages_above_depth=None, packages_select_by_dep=None, packages_skip_by_dep=None, packages_skip_up_to=None, packages_select_build_failed=False, packages_skip_build_finished=False, packages_select_test_failures=False, packages_skip_test_passed=False, packages_select=None, packages_skip=None, packages_select_regex=None, packages_skip_regex=None, packages_start=None, packages_end=None, allow_overriding=[], cmake_args=None, cmake_target=None, cmake_target_skip_unavailable=False, cmake_clean_cache=False, cmake_clean_first=False, cmake_force_configure=False, ament_cmake_args=None, catkin_cmake_args=None, catkin_skip_building_tests=False, verb_parser=<colcon_defaults.argument_parser.defaults.DefaultArgumentsDecorator object at 0x71298a8384f0>, verb_extension=<colcon_core.verb.build.BuildVerb object at 0x71298a9fbbe0>, main=<bound method BuildVerb.main of <colcon_core.verb.build.BuildVerb object at 0x71298a9fbbe0>>)
[0.372s] Level 1:colcon.colcon_core.package_discovery:discover_packages(colcon_meta) check parameters
[0.372s] Level 1:colcon.colcon_core.package_discovery:discover_packages(recursive) check parameters
[0.372s] Level 1:colcon.colcon_core.package_discovery:discover_packages(ignore) check parameters
[0.372s] Level 1:colcon.colcon_core.package_discovery:discover_packages(path) check parameters
[0.372s] Level 1:colcon.colcon_core.package_discovery:discover_packages(colcon_meta) discover
[0.373s] Level 1:colcon.colcon_core.package_discovery:discover_packages(recursive) discover
[0.373s] INFO:colcon.colcon_core.package_discovery:Crawling recursively for packages in '/home/ken/tello_ros_ws'
[0.373s] Level 1:colcon.colcon_core.package_identification:_identify(.) by extensions ['ignore', 'ignore_ament_install']
[0.373s] Level 1:colcon.colcon_core.package_identification:_identify(.) by extension 'ignore'
[0.373s] Level 1:colcon.colcon_core.package_identification:_identify(.) by extension 'ignore_ament_install'
[0.373s] Level 1:colcon.colcon_core.package_identification:_identify(.) by extensions ['colcon_pkg']
[0.373s] Level 1:colcon.colcon_core.package_identification:_identify(.) by extension 'colcon_pkg'
[0.373s] Level 1:colcon.colcon_core.package_identification:_identify(.) by extensions ['colcon_meta']
[0.373s] Level 1:colcon.colcon_core.package_identification:_identify(.) by extension 'colcon_meta'
[0.373s] Level 1:colcon.colcon_core.package_identification:_identify(.) by extensions ['ros']
[0.373s] Level 1:colcon.colcon_core.package_identification:_identify(.) by extension 'ros'
[0.387s] Level 1:colcon.colcon_core.package_identification:_identify(.) by extensions ['cmake', 'python']
[0.388s] Level 1:colcon.colcon_core.package_identification:_identify(.) by extension 'cmake'
[0.388s] Level 1:colcon.colcon_core.package_identification:_identify(.) by extension 'python'
[0.388s] Level 1:colcon.colcon_core.package_identification:_identify(.) by extensions ['python_setup_py']
[0.388s] Level 1:colcon.colcon_core.package_identification:_identify(.) by extension 'python_setup_py'
[0.388s] Level 1:colcon.colcon_core.package_identification:_identify(build) by extensions ['ignore', 'ignore_ament_install']
[0.388s] Level 1:colcon.colcon_core.package_identification:_identify(build) by extension 'ignore'
[0.388s] Level 1:colcon.colcon_core.package_identification:_identify(build) ignored
[0.388s] Level 1:colcon.colcon_core.package_identification:_identify(install) by extensions ['ignore', 'ignore_ament_install']
[0.388s] Level 1:colcon.colcon_core.package_identification:_identify(install) by extension 'ignore'
[0.388s] Level 1:colcon.colcon_core.package_identification:_identify(install) ignored
[0.389s] Level 1:colcon.colcon_core.package_identification:_identify(log) by extensions ['ignore', 'ignore_ament_install']
[0.389s] Level 1:colcon.colcon_core.package_identification:_identify(log) by extension 'ignore'
[0.389s] Level 1:colcon.colcon_core.package_identification:_identify(log) ignored
[0.389s] Level 1:colcon.colcon_core.package_identification:_identify(src) by extensions ['ignore', 'ignore_ament_install']
[0.389s] Level 1:colcon.colcon_core.package_identification:_identify(src) by extension 'ignore'
[0.389s] Level 1:colcon.colcon_core.package_identification:_identify(src) by extension 'ignore_ament_install'
[0.389s] Level 1:colcon.colcon_core.package_identification:_identify(src) by extensions ['colcon_pkg']
[0.389s] Level 1:colcon.colcon_core.package_identification:_identify(src) by extension 'colcon_pkg'
[0.389s] Level 1:colcon.colcon_core.package_identification:_identify(src) by extensions ['colcon_meta']
[0.389s] Level 1:colcon.colcon_core.package_identification:_identify(src) by extension 'colcon_meta'
[0.389s] Level 1:colcon.colcon_core.package_identification:_identify(src) by extensions ['ros']
[0.389s] Level 1:colcon.colcon_core.package_identification:_identify(src) by extension 'ros'
[0.389s] Level 1:colcon.colcon_core.package_identification:_identify(src) by extensions ['cmake', 'python']
[0.389s] Level 1:colcon.colcon_core.package_identification:_identify(src) by extension 'cmake'
[0.389s] Level 1:colcon.colcon_core.package_identification:_identify(src) by extension 'python'
[0.390s] Level 1:colcon.colcon_core.package_identification:_identify(src) by extensions ['python_setup_py']
[0.390s] Level 1:colcon.colcon_core.package_identification:_identify(src) by extension 'python_setup_py'
[0.390s] Level 1:colcon.colcon_core.package_identification:_identify(src/__pycache__) by extensions ['ignore', 'ignore_ament_install']
[0.390s] Level 1:colcon.colcon_core.package_identification:_identify(src/__pycache__) by extension 'ignore'
[0.390s] Level 1:colcon.colcon_core.package_identification:_identify(src/__pycache__) by extension 'ignore_ament_install'
[0.390s] Level 1:colcon.colcon_core.package_identification:_identify(src/__pycache__) by extensions ['colcon_pkg']
[0.390s] Level 1:colcon.colcon_core.package_identification:_identify(src/__pycache__) by extension 'colcon_pkg'
[0.390s] Level 1:colcon.colcon_core.package_identification:_identify(src/__pycache__) by extensions ['colcon_meta']
[0.390s] Level 1:colcon.colcon_core.package_identification:_identify(src/__pycache__) by extension 'colcon_meta'
[0.390s] Level 1:colcon.colcon_core.package_identification:_identify(src/__pycache__) by extensions ['ros']
[0.390s] Level 1:colcon.colcon_core.package_identification:_identify(src/__pycache__) by extension 'ros'
[0.390s] Level 1:colcon.colcon_core.package_identification:_identify(src/__pycache__) by extensions ['cmake', 'python']
[0.390s] Level 1:colcon.colcon_core.package_identification:_identify(src/__pycache__) by extension 'cmake'
[0.390s] Level 1:colcon.colcon_core.package_identification:_identify(src/__pycache__) by extension 'python'
[0.390s] Level 1:colcon.colcon_core.package_identification:_identify(src/__pycache__) by extensions ['python_setup_py']
[0.390s] Level 1:colcon.colcon_core.package_identification:_identify(src/__pycache__) by extension 'python_setup_py'
[0.390s] Level 1:colcon.colcon_core.package_identification:_identify(src/build) by extensions ['ignore', 'ignore_ament_install']
[0.391s] Level 1:colcon.colcon_core.package_identification:_identify(src/build) by extension 'ignore'
[0.391s] Level 1:colcon.colcon_core.package_identification:_identify(src/build) ignored
[0.391s] Level 1:colcon.colcon_core.package_identification:_identify(src/install) by extensions ['ignore', 'ignore_ament_install']
[0.391s] Level 1:colcon.colcon_core.package_identification:_identify(src/install) by extension 'ignore'
[0.391s] Level 1:colcon.colcon_core.package_identification:_identify(src/install) ignored
[0.391s] Level 1:colcon.colcon_core.package_identification:_identify(src/log) by extensions ['ignore', 'ignore_ament_install']
[0.391s] Level 1:colcon.colcon_core.package_identification:_identify(src/log) by extension 'ignore'
[0.391s] Level 1:colcon.colcon_core.package_identification:_identify(src/log) ignored
[0.391s] Level 1:colcon.colcon_core.package_identification:_identify(src/tello) by extensions ['ignore', 'ignore_ament_install']
[0.391s] Level 1:colcon.colcon_core.package_identification:_identify(src/tello) by extension 'ignore'
[0.391s] Level 1:colcon.colcon_core.package_identification:_identify(src/tello) by extension 'ignore_ament_install'
[0.391s] Level 1:colcon.colcon_core.package_identification:_identify(src/tello) by extensions ['colcon_pkg']
[0.391s] Level 1:colcon.colcon_core.package_identification:_identify(src/tello) by extension 'colcon_pkg'
[0.391s] Level 1:colcon.colcon_core.package_identification:_identify(src/tello) by extensions ['colcon_meta']
[0.392s] Level 1:colcon.colcon_core.package_identification:_identify(src/tello) by extension 'colcon_meta'
[0.392s] Level 1:colcon.colcon_core.package_identification:_identify(src/tello) by extensions ['ros']
[0.392s] Level 1:colcon.colcon_core.package_identification:_identify(src/tello) by extension 'ros'
[0.395s] DEBUG:colcon.colcon_core.package_identification:Package 'src/tello' with type 'ros.ament_python' and name 'tello'
[0.395s] Level 1:colcon.colcon_core.package_identification:_identify(src/tello_control) by extensions ['ignore', 'ignore_ament_install']
[0.395s] Level 1:colcon.colcon_core.package_identification:_identify(src/tello_control) by extension 'ignore'
[0.395s] Level 1:colcon.colcon_core.package_identification:_identify(src/tello_control) by extension 'ignore_ament_install'
[0.395s] Level 1:colcon.colcon_core.package_identification:_identify(src/tello_control) by extensions ['colcon_pkg']
[0.395s] Level 1:colcon.colcon_core.package_identification:_identify(src/tello_control) by extension 'colcon_pkg'
[0.395s] Level 1:colcon.colcon_core.package_identification:_identify(src/tello_control) by extensions ['colcon_meta']
[0.395s] Level 1:colcon.colcon_core.package_identification:_identify(src/tello_control) by extension 'colcon_meta'
[0.395s] Level 1:colcon.colcon_core.package_identification:_identify(src/tello_control) by extensions ['ros']
[0.395s] Level 1:colcon.colcon_core.package_identification:_identify(src/tello_control) by extension 'ros'
[0.396s] DEBUG:colcon.colcon_core.package_identification:Package 'src/tello_control' with type 'ros.ament_cmake' and name 'tello_control'
[0.396s] Level 1:colcon.colcon_core.package_identification:_identify(src/tello_msg) by extensions ['ignore', 'ignore_ament_install']
[0.396s] Level 1:colcon.colcon_core.package_identification:_identify(src/tello_msg) by extension 'ignore'
[0.396s] Level 1:colcon.colcon_core.package_identification:_identify(src/tello_msg) by extension 'ignore_ament_install'
[0.396s] Level 1:colcon.colcon_core.package_identification:_identify(src/tello_msg) by extensions ['colcon_pkg']
[0.396s] Level 1:colcon.colcon_core.package_identification:_identify(src/tello_msg) by extension 'colcon_pkg'
[0.397s] Level 1:colcon.colcon_core.package_identification:_identify(src/tello_msg) by extensions ['colcon_meta']
[0.397s] Level 1:colcon.colcon_core.package_identification:_identify(src/tello_msg) by extension 'colcon_meta'
[0.397s] Level 1:colcon.colcon_core.package_identification:_identify(src/tello_msg) by extensions ['ros']
[0.397s] Level 1:colcon.colcon_core.package_identification:_identify(src/tello_msg) by extension 'ros'
[0.397s] DEBUG:colcon.colcon_core.package_identification:Package 'src/tello_msg' with type 'ros.ament_cmake' and name 'tello_msg'
[0.397s] Level 1:colcon.colcon_core.package_discovery:discover_packages(recursive) using defaults
[0.397s] Level 1:colcon.colcon_core.package_discovery:discover_packages(ignore) discover
[0.397s] Level 1:colcon.colcon_core.package_discovery:discover_packages(ignore) using defaults
[0.397s] Level 1:colcon.colcon_core.package_discovery:discover_packages(path) discover
[0.397s] Level 1:colcon.colcon_core.package_discovery:discover_packages(path) using defaults
[0.422s] Level 1:colcon.colcon_core.package_discovery:discover_packages(prefix_path) check parameters
[0.422s] Level 1:colcon.colcon_core.package_discovery:discover_packages(prefix_path) discover
[0.425s] DEBUG:colcon.colcon_installed_package_information.package_discovery:Found 282 installed packages in /opt/ros/humble
[0.439s] Level 1:colcon.colcon_core.package_discovery:discover_packages(prefix_path) using defaults
[0.459s] ERROR:colcon.colcon_core.package_augmentation:Exception in package augmentation extension 'python': 
Traceback (most recent call last):
  File "/usr/lib/python3/dist-packages/colcon_core/package_augmentation/__init__.py", line 97, in augment_packages
    retval = extension.augment_packages(
  File "/usr/lib/python3/dist-packages/colcon_installed_package_information/package_augmentation/python.py", line 44, in augment_packages
    dist = next(iter(dists))
StopIteration

[0.466s] Level 5:colcon.colcon_core.verb:set package 'tello_control' build argument 'cmake_args' from command line to 'None'
[0.466s] Level 5:colcon.colcon_core.verb:set package 'tello_control' build argument 'cmake_target' from command line to 'None'
[0.466s] Level 5:colcon.colcon_core.verb:set package 'tello_control' build argument 'cmake_target_skip_unavailable' from command line to 'False'
[0.466s] Level 5:colcon.colcon_core.verb:set package 'tello_control' build argument 'cmake_clean_cache' from command line to 'False'
[0.466s] Level 5:colcon.colcon_core.verb:set package 'tello_control' build argument 'cmake_clean_first' from command line to 'False'
[0.466s] Level 5:colcon.colcon_core.verb:set package 'tello_control' build argument 'cmake_force_configure' from command line to 'False'
[0.466s] Level 5:colcon.colcon_core.verb:set package 'tello_control' build argument 'ament_cmake_args' from command line to 'None'
[0.466s] Level 5:colcon.colcon_core.verb:set package 'tello_control' build argument 'catkin_cmake_args' from command line to 'None'
[0.466s] Level 5:colcon.colcon_core.verb:set package 'tello_control' build argument 'catkin_skip_building_tests' from command line to 'False'
[0.466s] DEBUG:colcon.colcon_core.verb:Building package 'tello_control' with the following arguments: {'ament_cmake_args': None, 'build_base': '/home/ken/tello_ros_ws/build/tello_control', 'catkin_cmake_args': None, 'catkin_skip_building_tests': False, 'cmake_args': None, 'cmake_clean_cache': False, 'cmake_clean_first': False, 'cmake_force_configure': False, 'cmake_target': None, 'cmake_target_skip_unavailable': False, 'install_base': '/home/ken/tello_ros_ws/install/tello_control', 'merge_install': False, 'path': '/home/ken/tello_ros_ws/src/tello_control', 'symlink_install': False, 'test_result_base': None}
[0.467s] Level 5:colcon.colcon_core.verb:set package 'tello_msg' build argument 'cmake_args' from command line to 'None'
[0.467s] Level 5:colcon.colcon_core.verb:set package 'tello_msg' build argument 'cmake_target' from command line to 'None'
[0.467s] Level 5:colcon.colcon_core.verb:set package 'tello_msg' build argument 'cmake_target_skip_unavailable' from command line to 'False'
[0.467s] Level 5:colcon.colcon_core.verb:set package 'tello_msg' build argument 'cmake_clean_cache' from command line to 'False'
[0.467s] Level 5:colcon.colcon_core.verb:set package 'tello_msg' build argument 'cmake_clean_first' from command line to 'False'
[0.467s] Level 5:colcon.colcon_core.verb:set package 'tello_msg' build argument 'cmake_force_configure' from command line to 'False'
[0.467s] Level 5:colcon.colcon_core.verb:set package 'tello_msg' build argument 'ament_cmake_args' from command line to 'None'
[0.467s] Level 5:colcon.colcon_core.verb:set package 'tello_msg' build argument 'catkin_cmake_args' from command line to 'None'
[0.467s] Level 5:colcon.colcon_core.verb:set package 'tello_msg' build argument 'catkin_skip_building_tests' from command line to 'False'
[0.467s] DEBUG:colcon.colcon_core.verb:Building package 'tello_msg' with the following arguments: {'ament_cmake_args': None, 'build_base': '/home/ken/tello_ros_ws/build/tello_msg', 'catkin_cmake_args': None, 'catkin_skip_building_tests': False, 'cmake_args': None, 'cmake_clean_cache': False, 'cmake_clean_first': False, 'cmake_force_configure': False, 'cmake_target': None, 'cmake_target_skip_unavailable': False, 'install_base': '/home/ken/tello_ros_ws/install/tello_msg', 'merge_install': False, 'path': '/home/ken/tello_ros_ws/src/tello_msg', 'symlink_install': False, 'test_result_base': None}
[0.467s] Level 5:colcon.colcon_core.verb:set package 'tello' build argument 'cmake_args' from command line to 'None'
[0.467s] Level 5:colcon.colcon_core.verb:set package 'tello' build argument 'cmake_target' from command line to 'None'
[0.467s] Level 5:colcon.colcon_core.verb:set package 'tello' build argument 'cmake_target_skip_unavailable' from command line to 'False'
[0.468s] Level 5:colcon.colcon_core.verb:set package 'tello' build argument 'cmake_clean_cache' from command line to 'False'
[0.468s] Level 5:colcon.colcon_core.verb:set package 'tello' build argument 'cmake_clean_first' from command line to 'False'
[0.468s] Level 5:colcon.colcon_core.verb:set package 'tello' build argument 'cmake_force_configure' from command line to 'False'
[0.468s] Level 5:colcon.colcon_core.verb:set package 'tello' build argument 'ament_cmake_args' from command line to 'None'
[0.468s] Level 5:colcon.colcon_core.verb:set package 'tello' build argument 'catkin_cmake_args' from command line to 'None'
[0.468s] Level 5:colcon.colcon_core.verb:set package 'tello' build argument 'catkin_skip_building_tests' from command line to 'False'
[0.468s] DEBUG:colcon.colcon_core.verb:Building package 'tello' with the following arguments: {'ament_cmake_args': None, 'build_base': '/home/ken/tello_ros_ws/build/tello', 'catkin_cmake_args': None, 'catkin_skip_building_tests': False, 'cmake_args': None, 'cmake_clean_cache': False, 'cmake_clean_first': False, 'cmake_force_configure': False, 'cmake_target': None, 'cmake_target_skip_unavailable': False, 'install_base': '/home/ken/tello_ros_ws/install/tello', 'merge_install': False, 'path': '/home/ken/tello_ros_ws/src/tello', 'symlink_install': False, 'test_result_base': None}
[0.468s] INFO:colcon.colcon_core.executor:Executing jobs using 'parallel' executor
[0.469s] DEBUG:colcon.colcon_parallel_executor.executor.parallel:run_until_complete
[0.469s] INFO:colcon.colcon_ros.task.ament_cmake.build:Building ROS package in '/home/ken/tello_ros_ws/src/tello_msg' with build type 'ament_cmake'
[0.469s] INFO:colcon.colcon_cmake.task.cmake.build:Building CMake package in '/home/ken/tello_ros_ws/src/tello_msg'
[0.473s] INFO:colcon.colcon_core.plugin_system:Skipping extension 'colcon_core.shell.bat': Not used on non-Windows systems
[0.473s] INFO:colcon.colcon_core.shell:Skip shell extension 'powershell' for command environment: Not usable outside of PowerShell
[0.473s] DEBUG:colcon.colcon_core.shell:Skip shell extension 'dsv' for command environment
[0.477s] INFO:colcon.colcon_ros.task.ament_cmake.build:Building ROS package in '/home/ken/tello_ros_ws/src/tello_control' with build type 'ament_cmake'
[0.477s] INFO:colcon.colcon_cmake.task.cmake.build:Building CMake package in '/home/ken/tello_ros_ws/src/tello_control'
[0.478s] INFO:colcon.colcon_core.shell:Skip shell extension 'powershell' for command environment: Not usable outside of PowerShell
[0.478s] DEBUG:colcon.colcon_core.shell:Skip shell extension 'dsv' for command environment
[0.487s] DEBUG:colcon.colcon_core.event_handler.log_command:Invoking command in '/home/ken/tello_ros_ws/build/tello_msg': CMAKE_PREFIX_PATH=/opt/ros/humble /usr/bin/cmake --build /home/ken/tello_ros_ws/build/tello_msg -- -j4 -l4
[0.497s] DEBUG:colcon.colcon_core.event_handler.log_command:Invoking command in '/home/ken/tello_ros_ws/build/tello_control': CMAKE_PREFIX_PATH=/opt/ros/humble /usr/bin/cmake --build /home/ken/tello_ros_ws/build/tello_control -- -j4 -l4
[0.527s] DEBUG:colcon.colcon_core.event_handler.log_command:Invoked command in '/home/ken/tello_ros_ws/build/tello_control' returned '2': CMAKE_PREFIX_PATH=/opt/ros/humble /usr/bin/cmake --build /home/ken/tello_ros_ws/build/tello_control -- -j4 -l4
[0.577s] Level 1:colcon.colcon_core.environment:create_environment_scripts_only(tello_control)
[0.590s] Level 1:colcon.colcon_core.environment:checking '/home/ken/tello_ros_ws/install/tello_control' for CMake module files
[0.592s] Level 1:colcon.colcon_core.environment:checking '/home/ken/tello_ros_ws/install/tello_control' for CMake config files
[0.592s] Level 1:colcon.colcon_core.shell:create_environment_hook('tello_control', 'cmake_prefix_path')
[0.593s] INFO:colcon.colcon_core.shell:Creating environment hook '/home/ken/tello_ros_ws/install/tello_control/share/tello_control/hook/cmake_prefix_path.ps1'
[0.594s] INFO:colcon.colcon_core.shell:Creating environment descriptor '/home/ken/tello_ros_ws/install/tello_control/share/tello_control/hook/cmake_prefix_path.dsv'
[0.595s] INFO:colcon.colcon_core.shell:Creating environment hook '/home/ken/tello_ros_ws/install/tello_control/share/tello_control/hook/cmake_prefix_path.sh'
[0.599s] Level 1:colcon.colcon_core.environment:checking '/home/ken/tello_ros_ws/install/tello_control/lib'
[0.600s] Level 1:colcon.colcon_core.environment:checking '/home/ken/tello_ros_ws/install/tello_control/bin'
[0.600s] Level 1:colcon.colcon_core.environment:checking '/home/ken/tello_ros_ws/install/tello_control/lib/pkgconfig/tello_control.pc'
[0.600s] Level 1:colcon.colcon_core.environment:checking '/home/ken/tello_ros_ws/install/tello_control/lib/python3.10/site-packages'
[0.601s] Level 1:colcon.colcon_core.environment:checking '/home/ken/tello_ros_ws/install/tello_control/bin'
[0.602s] INFO:colcon.colcon_core.shell:Creating package script '/home/ken/tello_ros_ws/install/tello_control/share/tello_control/package.ps1'
[0.604s] INFO:colcon.colcon_core.shell:Creating package descriptor '/home/ken/tello_ros_ws/install/tello_control/share/tello_control/package.dsv'
[0.605s] INFO:colcon.colcon_core.shell:Creating package script '/home/ken/tello_ros_ws/install/tello_control/share/tello_control/package.sh'
[0.608s] INFO:colcon.colcon_core.shell:Creating package script '/home/ken/tello_ros_ws/install/tello_control/share/tello_control/package.bash'
[0.610s] INFO:colcon.colcon_core.shell:Creating package script '/home/ken/tello_ros_ws/install/tello_control/share/tello_control/package.zsh'
[0.611s] Level 1:colcon.colcon_core.environment:create_file_with_runtime_dependencies(/home/ken/tello_ros_ws/install/tello_control/share/colcon-core/packages/tello_control)
[1.039s] DEBUG:colcon.colcon_parallel_executor.executor.parallel:closing loop
[1.040s] DEBUG:colcon.colcon_parallel_executor.executor.parallel:loop closed
[1.040s] DEBUG:colcon.colcon_parallel_executor.executor.parallel:run_until_complete finished with '2'
[1.040s] DEBUG:colcon.colcon_core.event_reactor:joining thread
[1.047s] INFO:colcon.colcon_core.plugin_system:Skipping extension 'colcon_notification.desktop_notification.terminal_notifier': Not used on non-Darwin systems
[1.047s] INFO:colcon.colcon_core.plugin_system:Skipping extension 'colcon_notification.desktop_notification.win32': Not used on non-Windows systems
[1.047s] INFO:colcon.colcon_notification.desktop_notification:Sending desktop notification using 'notify2'
[1.063s] DEBUG:colcon.colcon_core.event_reactor:joined thread
[1.064s] INFO:colcon.colcon_core.shell:Creating prefix script '/home/ken/tello_ros_ws/install/local_setup.ps1'
[1.065s] INFO:colcon.colcon_core.shell:Creating prefix util module '/home/ken/tello_ros_ws/install/_local_setup_util_ps1.py'
[1.066s] INFO:colcon.colcon_core.shell:Creating prefix chain script '/home/ken/tello_ros_ws/install/setup.ps1'
[1.067s] INFO:colcon.colcon_core.shell:Creating prefix script '/home/ken/tello_ros_ws/install/local_setup.sh'
[1.068s] INFO:colcon.colcon_core.shell:Creating prefix util module '/home/ken/tello_ros_ws/install/_local_setup_util_sh.py'
[1.069s] INFO:colcon.colcon_core.shell:Creating prefix chain script '/home/ken/tello_ros_ws/install/setup.sh'
[1.070s] INFO:colcon.colcon_core.shell:Creating prefix script '/home/ken/tello_ros_ws/install/local_setup.bash'
[1.071s] INFO:colcon.colcon_core.shell:Creating prefix chain script '/home/ken/tello_ros_ws/install/setup.bash'
[1.073s] INFO:colcon.colcon_core.shell:Creating prefix script '/home/ken/tello_ros_ws/install/local_setup.zsh'
[1.074s] INFO:colcon.colcon_core.shell:Creating prefix chain script '/home/ken/tello_ros_ws/install/setup.zsh'
