[0.018s] Invoking command in '/home/ken/tello_ros_ws/build/tello_control': CMAKE_PREFIX_PATH=/opt/ros/humble /usr/bin/cmake /home/ken/tello_ros_ws/src/tello_control -DCMAKE_INSTALL_PREFIX=/home/ken/tello_ros_ws/install/tello_control
[0.178s] -- The C compiler identification is GNU 11.4.0
[0.303s] -- The CXX compiler identification is GNU 11.4.0
[0.315s] -- Detecting C compiler ABI info
[0.413s] -- Detecting C compiler ABI info - done
[0.431s] -- Check for working C compiler: /usr/bin/cc - skipped
[0.431s] -- Detecting C compile features
[0.432s] -- Detecting C compile features - done
[0.438s] -- Detecting CXX compiler ABI info
[0.553s] -- Detecting CXX compiler ABI info - done
[0.563s] -- Check for working CXX compiler: /usr/bin/c++ - skipped
[0.563s] -- Detecting CXX compile features
[0.564s] -- Detecting CXX compile features - done
[0.577s] -- Found OpenCV version 4.5.4
[0.579s] -- Found ament_cmake: 1.3.8 (/opt/ros/humble/share/ament_cmake/cmake)
[0.779s] -- Found Python3: /usr/bin/python3 (found version "3.10.12") found components: Interpreter 
[0.910s] -- Found rclcpp: 16.0.8 (/opt/ros/humble/share/rclcpp/cmake)
[0.980s] -- Found rosidl_generator_c: 3.1.5 (/opt/ros/humble/share/rosidl_generator_c/cmake)
[0.986s] -- Found rosidl_adapter: 3.1.5 (/opt/ros/humble/share/rosidl_adapter/cmake)
[0.997s] -- Found rosidl_generator_cpp: 3.1.5 (/opt/ros/humble/share/rosidl_generator_cpp/cmake)
[1.015s] -- Using all available rosidl_typesupport_c: rosidl_typesupport_fastrtps_c;rosidl_typesupport_introspection_c
[1.041s] -- Using all available rosidl_typesupport_cpp: rosidl_typesupport_fastrtps_cpp;rosidl_typesupport_introspection_cpp
[1.143s] -- Found rmw_implementation_cmake: 6.1.1 (/opt/ros/humble/share/rmw_implementation_cmake/cmake)
[1.148s] -- Found rmw_fastrtps_cpp: 6.2.6 (/opt/ros/humble/share/rmw_fastrtps_cpp/cmake)
[1.293s] -- Found OpenSSL: /usr/lib/x86_64-linux-gnu/libcrypto.so (found version "3.0.2")  
[1.327s] -- Found FastRTPS: /opt/ros/humble/include  
[1.384s] -- Using RMW implementation 'rmw_fastrtps_cpp' as default
[1.397s] -- Looking for pthread.h
[1.503s] -- Looking for pthread.h - found
[1.504s] -- Performing Test CMAKE_HAVE_LIBC_PTHREAD
[1.600s] -- Performing Test CMAKE_HAVE_LIBC_PTHREAD - Success
[1.602s] -- Found Threads: TRUE  
[1.839s] -- Found geometry_msgs: 4.2.3 (/opt/ros/humble/share/geometry_msgs/cmake)
[1.987s] -- Configuring done
[2.006s] -- Generating done
[2.008s] -- Build files have been written to: /home/ken/tello_ros_ws/build/tello_control
[2.021s] Invoked command in '/home/ken/tello_ros_ws/build/tello_control' returned '0': CMAKE_PREFIX_PATH=/opt/ros/humble /usr/bin/cmake /home/ken/tello_ros_ws/src/tello_control -DCMAKE_INSTALL_PREFIX=/home/ken/tello_ros_ws/install/tello_control
[2.025s] Invoking command in '/home/ken/tello_ros_ws/build/tello_control': CMAKE_PREFIX_PATH=/opt/ros/humble /usr/bin/cmake --build /home/ken/tello_ros_ws/build/tello_control -- -j4 -l4
[2.088s] [ 50%] [32mBuilding CXX object CMakeFiles/tello_control.dir/src/main.cpp.o[0m
[14.077s] [100%] [32m[1mLinking CXX executable tello_control[0m
[14.854s] [100%] Built target tello_control
[14.868s] Invoked command in '/home/ken/tello_ros_ws/build/tello_control' returned '0': CMAKE_PREFIX_PATH=/opt/ros/humble /usr/bin/cmake --build /home/ken/tello_ros_ws/build/tello_control -- -j4 -l4
[14.904s] Invoking command in '/home/ken/tello_ros_ws/build/tello_control': CMAKE_PREFIX_PATH=/opt/ros/humble /usr/bin/cmake --install /home/ken/tello_ros_ws/build/tello_control
[14.913s] -- Install configuration: ""
[14.914s] -- Installing: /home/ken/tello_ros_ws/install/tello_control/lib/tello_control/tello_control
[14.916s] -- Set runtime path of "/home/ken/tello_ros_ws/install/tello_control/lib/tello_control/tello_control" to ""
[14.916s] -- Installing: /home/ken/tello_ros_ws/install/tello_control/share/ament_index/resource_index/package_run_dependencies/tello_control
[14.916s] -- Installing: /home/ken/tello_ros_ws/install/tello_control/share/ament_index/resource_index/parent_prefix_path/tello_control
[14.917s] -- Installing: /home/ken/tello_ros_ws/install/tello_control/share/tello_control/environment/ament_prefix_path.sh
[14.917s] -- Installing: /home/ken/tello_ros_ws/install/tello_control/share/tello_control/environment/ament_prefix_path.dsv
[14.917s] -- Installing: /home/ken/tello_ros_ws/install/tello_control/share/tello_control/environment/path.sh
[14.918s] -- Installing: /home/ken/tello_ros_ws/install/tello_control/share/tello_control/environment/path.dsv
[14.918s] -- Installing: /home/ken/tello_ros_ws/install/tello_control/share/tello_control/local_setup.bash
[14.918s] -- Installing: /home/ken/tello_ros_ws/install/tello_control/share/tello_control/local_setup.sh
[14.919s] -- Installing: /home/ken/tello_ros_ws/install/tello_control/share/tello_control/local_setup.zsh
[14.919s] -- Installing: /home/ken/tello_ros_ws/install/tello_control/share/tello_control/local_setup.dsv
[14.919s] -- Installing: /home/ken/tello_ros_ws/install/tello_control/share/tello_control/package.dsv
[14.919s] -- Installing: /home/ken/tello_ros_ws/install/tello_control/share/ament_index/resource_index/packages/tello_control
[14.920s] -- Installing: /home/ken/tello_ros_ws/install/tello_control/share/tello_control/cmake/tello_controlConfig.cmake
[14.920s] -- Installing: /home/ken/tello_ros_ws/install/tello_control/share/tello_control/cmake/tello_controlConfig-version.cmake
[14.920s] -- Installing: /home/ken/tello_ros_ws/install/tello_control/share/tello_control/package.xml
[14.923s] Invoked command in '/home/ken/tello_ros_ws/build/tello_control' returned '0': CMAKE_PREFIX_PATH=/opt/ros/humble /usr/bin/cmake --install /home/ken/tello_ros_ws/build/tello_control
