[0.760s] Invoking command in '/home/ken/tello_ros_ws/src/tello_control_gamepad': PYTHONPATH=/home/ken/tello_ros_ws/build/tello_control_gamepad/prefix_override:/home/ken/tello_ros_ws/install/tello_control_gamepad/lib/python3.10/site-packages:${PYTHONPATH} /usr/bin/python3 -W ignore:setup.py install is deprecated setup.py egg_info --egg-base ../../build/tello_control_gamepad build --build-base /home/ken/tello_ros_ws/build/tello_control_gamepad/build install --record /home/ken/tello_ros_ws/build/tello_control_gamepad/install.log --single-version-externally-managed install_data
[1.062s] running egg_info
[1.063s] writing ../../build/tello_control_gamepad/tello_control_gamepad.egg-info/PKG-INFO
[1.063s] writing dependency_links to ../../build/tello_control_gamepad/tello_control_gamepad.egg-info/dependency_links.txt
[1.063s] writing entry points to ../../build/tello_control_gamepad/tello_control_gamepad.egg-info/entry_points.txt
[1.064s] writing requirements to ../../build/tello_control_gamepad/tello_control_gamepad.egg-info/requires.txt
[1.064s] writing top-level names to ../../build/tello_control_gamepad/tello_control_gamepad.egg-info/top_level.txt
[1.066s] reading manifest file '../../build/tello_control_gamepad/tello_control_gamepad.egg-info/SOURCES.txt'
[1.067s] adding license file 'LICENSE'
[1.068s] writing manifest file '../../build/tello_control_gamepad/tello_control_gamepad.egg-info/SOURCES.txt'
[1.068s] running build
[1.068s] running build_py
[1.068s] running install
[1.069s] running install_lib
[1.070s] running install_data
[1.071s] running install_egg_info
[1.073s] removing '/home/ken/tello_ros_ws/install/tello_control_gamepad/lib/python3.10/site-packages/tello_control_gamepad-0.0.0-py3.10.egg-info' (and everything under it)
[1.073s] Copying ../../build/tello_control_gamepad/tello_control_gamepad.egg-info to /home/ken/tello_ros_ws/install/tello_control_gamepad/lib/python3.10/site-packages/tello_control_gamepad-0.0.0-py3.10.egg-info
[1.074s] running install_scripts
[1.100s] Installing tello_control_gamepad script to /home/ken/tello_ros_ws/install/tello_control_gamepad/lib/tello_control_gamepad
[1.101s] writing list of installed files to '/home/ken/tello_ros_ws/build/tello_control_gamepad/install.log'
[1.134s] Invoked command in '/home/ken/tello_ros_ws/src/tello_control_gamepad' returned '0': PYTHONPATH=/home/ken/tello_ros_ws/build/tello_control_gamepad/prefix_override:/home/ken/tello_ros_ws/install/tello_control_gamepad/lib/python3.10/site-packages:${PYTHONPATH} /usr/bin/python3 -W ignore:setup.py install is deprecated setup.py egg_info --egg-base ../../build/tello_control_gamepad build --build-base /home/ken/tello_ros_ws/build/tello_control_gamepad/build install --record /home/ken/tello_ros_ws/build/tello_control_gamepad/install.log --single-version-externally-managed install_data
