[0.015s] Invoking command in '/home/ken/tello_ros_ws/build/tello_msg': CMAKE_PREFIX_PATH=/opt/ros/humble /usr/bin/cmake --build /home/ken/tello_ros_ws/build/tello_msg -- -j4 -l4
[0.079s] [35m[1mConsolidate compiler generated dependencies of target tello_msg__rosidl_generator_c[0m
[0.098s] [  2%] Built target tello_msg__cpp
[0.104s] [ 12%] Built target tello_msg__rosidl_generator_c
[0.120s] [35m[1mConsolidate compiler generated dependencies of target tello_msg__rosidl_typesupport_cpp[0m
[0.127s] [ 12%] Built target ament_cmake_python_copy_tello_msg
[0.132s] [35m[1mConsolidate compiler generated dependencies of target tello_msg__rosidl_typesupport_fastrtps_cpp[0m
[0.133s] [35m[1mConsolidate compiler generated dependencies of target tello_msg__rosidl_typesupport_introspection_cpp[0m
[0.149s] [ 23%] Built target tello_msg__rosidl_typesupport_cpp
[0.164s] [35m[1mConsolidate compiler generated dependencies of target tello_msg__rosidl_typesupport_fastrtps_c[0m
[0.164s] [ 40%] Built target tello_msg__rosidl_typesupport_fastrtps_cpp
[0.164s] [ 44%] Built target tello_msg__rosidl_typesupport_introspection_cpp
[0.174s] [35m[1mConsolidate compiler generated dependencies of target tello_msg__rosidl_typesupport_introspection_c[0m
[0.188s] [35m[1mConsolidate compiler generated dependencies of target tello_msg__rosidl_typesupport_c[0m
[0.194s] [ 55%] Built target tello_msg__rosidl_typesupport_fastrtps_c
[0.202s] [ 65%] Built target tello_msg__rosidl_typesupport_introspection_c
[0.211s] [ 76%] Built target tello_msg__rosidl_typesupport_c
[0.240s] [ 76%] Built target tello_msg
[0.276s] [ 78%] Built target tello_msg__py
[0.290s] [35m[1mConsolidate compiler generated dependencies of target tello_msg__rosidl_generator_py[0m
[0.315s] [ 87%] Built target tello_msg__rosidl_generator_py
[0.335s] [35m[1mConsolidate compiler generated dependencies of target tello_msg__rosidl_typesupport_fastrtps_c__pyext[0m
[0.340s] [35m[1mConsolidate compiler generated dependencies of target tello_msg__rosidl_typesupport_introspection_c__pyext[0m
[0.340s] [35m[1mConsolidate compiler generated dependencies of target tello_msg__rosidl_typesupport_c__pyext[0m
[0.360s] [ 91%] Built target tello_msg__rosidl_typesupport_fastrtps_c__pyext
[0.361s] [ 95%] Built target tello_msg__rosidl_typesupport_introspection_c__pyext
[0.368s] [100%] Built target tello_msg__rosidl_typesupport_c__pyext
[0.544s] running egg_info
[0.545s] writing tello_msg.egg-info/PKG-INFO
[0.545s] writing dependency_links to tello_msg.egg-info/dependency_links.txt
[0.546s] writing top-level names to tello_msg.egg-info/top_level.txt
[0.548s] reading manifest file 'tello_msg.egg-info/SOURCES.txt'
[0.549s] writing manifest file 'tello_msg.egg-info/SOURCES.txt'
[0.582s] [100%] Built target ament_cmake_python_build_tello_msg_egg
[0.596s] Invoked command in '/home/ken/tello_ros_ws/build/tello_msg' returned '0': CMAKE_PREFIX_PATH=/opt/ros/humble /usr/bin/cmake --build /home/ken/tello_ros_ws/build/tello_msg -- -j4 -l4
[0.737s] Invoking command in '/home/ken/tello_ros_ws/build/tello_msg': CMAKE_PREFIX_PATH=/opt/ros/humble /usr/bin/cmake --install /home/ken/tello_ros_ws/build/tello_msg
[0.746s] -- Install configuration: ""
[0.746s] -- Up-to-date: /home/ken/tello_ros_ws/install/tello_msg/share/ament_index/resource_index/rosidl_interfaces/tello_msg
[0.746s] -- Up-to-date: /home/ken/tello_ros_ws/install/tello_msg/include/tello_msg/tello_msg
[0.747s] -- Up-to-date: /home/ken/tello_ros_ws/install/tello_msg/include/tello_msg/tello_msg/msg
[0.747s] -- Up-to-date: /home/ken/tello_ros_ws/install/tello_msg/include/tello_msg/tello_msg/msg/rosidl_generator_c__visibility_control.h
[0.747s] -- Up-to-date: /home/ken/tello_ros_ws/install/tello_msg/include/tello_msg/tello_msg/msg/tello_wifi_config.h
[0.747s] -- Up-to-date: /home/ken/tello_ros_ws/install/tello_msg/include/tello_msg/tello_msg/msg/detail
[0.747s] -- Up-to-date: /home/ken/tello_ros_ws/install/tello_msg/include/tello_msg/tello_msg/msg/detail/tello_status__functions.c
[0.747s] -- Up-to-date: /home/ken/tello_ros_ws/install/tello_msg/include/tello_msg/tello_msg/msg/detail/tello_status__functions.h
[0.748s] -- Up-to-date: /home/ken/tello_ros_ws/install/tello_msg/include/tello_msg/tello_msg/msg/detail/tello_id__type_support.h
[0.748s] -- Up-to-date: /home/ken/tello_ros_ws/install/tello_msg/include/tello_msg/tello_msg/msg/detail/tello_id__struct.h
[0.748s] -- Up-to-date: /home/ken/tello_ros_ws/install/tello_msg/include/tello_msg/tello_msg/msg/detail/tello_id__functions.h
[0.748s] -- Up-to-date: /home/ken/tello_ros_ws/install/tello_msg/include/tello_msg/tello_msg/msg/detail/tello_id__functions.c
[0.748s] -- Up-to-date: /home/ken/tello_ros_ws/install/tello_msg/include/tello_msg/tello_msg/msg/detail/tello_status__struct.h
[0.748s] -- Up-to-date: /home/ken/tello_ros_ws/install/tello_msg/include/tello_msg/tello_msg/msg/detail/tello_wifi_config__functions.c
[0.748s] -- Up-to-date: /home/ken/tello_ros_ws/install/tello_msg/include/tello_msg/tello_msg/msg/detail/tello_status__type_support.h
[0.749s] -- Up-to-date: /home/ken/tello_ros_ws/install/tello_msg/include/tello_msg/tello_msg/msg/detail/tello_wifi_config__functions.h
[0.749s] -- Up-to-date: /home/ken/tello_ros_ws/install/tello_msg/include/tello_msg/tello_msg/msg/detail/tello_wifi_config__type_support.h
[0.749s] -- Up-to-date: /home/ken/tello_ros_ws/install/tello_msg/include/tello_msg/tello_msg/msg/detail/tello_wifi_config__struct.h
[0.749s] -- Up-to-date: /home/ken/tello_ros_ws/install/tello_msg/include/tello_msg/tello_msg/msg/tello_status.h
[0.749s] -- Up-to-date: /home/ken/tello_ros_ws/install/tello_msg/include/tello_msg/tello_msg/msg/tello_id.h
[0.749s] -- Up-to-date: /home/ken/tello_ros_ws/install/tello_msg/share/tello_msg/environment/library_path.sh
[0.749s] -- Up-to-date: /home/ken/tello_ros_ws/install/tello_msg/share/tello_msg/environment/library_path.dsv
[0.749s] -- Up-to-date: /home/ken/tello_ros_ws/install/tello_msg/lib/libtello_msg__rosidl_generator_c.so
[0.750s] -- Up-to-date: /home/ken/tello_ros_ws/install/tello_msg/include/tello_msg/tello_msg
[0.750s] -- Up-to-date: /home/ken/tello_ros_ws/install/tello_msg/include/tello_msg/tello_msg/msg
[0.750s] -- Up-to-date: /home/ken/tello_ros_ws/install/tello_msg/include/tello_msg/tello_msg/msg/detail
[0.750s] -- Up-to-date: /home/ken/tello_ros_ws/install/tello_msg/include/tello_msg/tello_msg/msg/detail/tello_status__rosidl_typesupport_fastrtps_c.h
[0.750s] -- Up-to-date: /home/ken/tello_ros_ws/install/tello_msg/include/tello_msg/tello_msg/msg/detail/tello_id__rosidl_typesupport_fastrtps_c.h
[0.750s] -- Up-to-date: /home/ken/tello_ros_ws/install/tello_msg/include/tello_msg/tello_msg/msg/detail/tello_wifi_config__rosidl_typesupport_fastrtps_c.h
[0.750s] -- Up-to-date: /home/ken/tello_ros_ws/install/tello_msg/include/tello_msg/tello_msg/msg/rosidl_typesupport_fastrtps_c__visibility_control.h
[0.750s] -- Up-to-date: /home/ken/tello_ros_ws/install/tello_msg/lib/libtello_msg__rosidl_typesupport_fastrtps_c.so
[0.751s] -- Up-to-date: /home/ken/tello_ros_ws/install/tello_msg/include/tello_msg/tello_msg
[0.751s] -- Up-to-date: /home/ken/tello_ros_ws/install/tello_msg/include/tello_msg/tello_msg/msg
[0.751s] -- Up-to-date: /home/ken/tello_ros_ws/install/tello_msg/include/tello_msg/tello_msg/msg/rosidl_typesupport_introspection_c__visibility_control.h
[0.751s] -- Up-to-date: /home/ken/tello_ros_ws/install/tello_msg/include/tello_msg/tello_msg/msg/detail
[0.751s] -- Up-to-date: /home/ken/tello_ros_ws/install/tello_msg/include/tello_msg/tello_msg/msg/detail/tello_status__rosidl_typesupport_introspection_c.h
[0.752s] -- Up-to-date: /home/ken/tello_ros_ws/install/tello_msg/include/tello_msg/tello_msg/msg/detail/tello_wifi_config__rosidl_typesupport_introspection_c.h
[0.752s] -- Up-to-date: /home/ken/tello_ros_ws/install/tello_msg/include/tello_msg/tello_msg/msg/detail/tello_status__type_support.c
[0.752s] -- Up-to-date: /home/ken/tello_ros_ws/install/tello_msg/include/tello_msg/tello_msg/msg/detail/tello_id__type_support.c
[0.752s] -- Up-to-date: /home/ken/tello_ros_ws/install/tello_msg/include/tello_msg/tello_msg/msg/detail/tello_wifi_config__type_support.c
[0.752s] -- Up-to-date: /home/ken/tello_ros_ws/install/tello_msg/include/tello_msg/tello_msg/msg/detail/tello_id__rosidl_typesupport_introspection_c.h
[0.752s] -- Up-to-date: /home/ken/tello_ros_ws/install/tello_msg/lib/libtello_msg__rosidl_typesupport_introspection_c.so
[0.752s] -- Up-to-date: /home/ken/tello_ros_ws/install/tello_msg/lib/libtello_msg__rosidl_typesupport_c.so
[0.753s] -- Up-to-date: /home/ken/tello_ros_ws/install/tello_msg/include/tello_msg/tello_msg
[0.753s] -- Up-to-date: /home/ken/tello_ros_ws/install/tello_msg/include/tello_msg/tello_msg/msg
[0.753s] -- Up-to-date: /home/ken/tello_ros_ws/install/tello_msg/include/tello_msg/tello_msg/msg/tello_wifi_config.hpp
[0.753s] -- Up-to-date: /home/ken/tello_ros_ws/install/tello_msg/include/tello_msg/tello_msg/msg/tello_status.hpp
[0.753s] -- Up-to-date: /home/ken/tello_ros_ws/install/tello_msg/include/tello_msg/tello_msg/msg/detail
[0.753s] -- Up-to-date: /home/ken/tello_ros_ws/install/tello_msg/include/tello_msg/tello_msg/msg/detail/tello_id__builder.hpp
[0.753s] -- Up-to-date: /home/ken/tello_ros_ws/install/tello_msg/include/tello_msg/tello_msg/msg/detail/tello_wifi_config__builder.hpp
[0.754s] -- Up-to-date: /home/ken/tello_ros_ws/install/tello_msg/include/tello_msg/tello_msg/msg/detail/tello_status__traits.hpp
[0.754s] -- Up-to-date: /home/ken/tello_ros_ws/install/tello_msg/include/tello_msg/tello_msg/msg/detail/tello_wifi_config__struct.hpp
[0.754s] -- Up-to-date: /home/ken/tello_ros_ws/install/tello_msg/include/tello_msg/tello_msg/msg/detail/tello_id__traits.hpp
[0.754s] -- Up-to-date: /home/ken/tello_ros_ws/install/tello_msg/include/tello_msg/tello_msg/msg/detail/tello_status__builder.hpp
[0.754s] -- Up-to-date: /home/ken/tello_ros_ws/install/tello_msg/include/tello_msg/tello_msg/msg/detail/tello_wifi_config__traits.hpp
[0.754s] -- Up-to-date: /home/ken/tello_ros_ws/install/tello_msg/include/tello_msg/tello_msg/msg/detail/tello_id__struct.hpp
[0.754s] -- Up-to-date: /home/ken/tello_ros_ws/install/tello_msg/include/tello_msg/tello_msg/msg/detail/tello_status__struct.hpp
[0.755s] -- Up-to-date: /home/ken/tello_ros_ws/install/tello_msg/include/tello_msg/tello_msg/msg/tello_id.hpp
[0.755s] -- Up-to-date: /home/ken/tello_ros_ws/install/tello_msg/include/tello_msg/tello_msg
[0.755s] -- Up-to-date: /home/ken/tello_ros_ws/install/tello_msg/include/tello_msg/tello_msg/msg
[0.755s] -- Up-to-date: /home/ken/tello_ros_ws/install/tello_msg/include/tello_msg/tello_msg/msg/detail
[0.755s] -- Up-to-date: /home/ken/tello_ros_ws/install/tello_msg/include/tello_msg/tello_msg/msg/detail/tello_wifi_config__rosidl_typesupport_fastrtps_cpp.hpp
[0.756s] -- Up-to-date: /home/ken/tello_ros_ws/install/tello_msg/include/tello_msg/tello_msg/msg/detail/tello_status__rosidl_typesupport_fastrtps_cpp.hpp
[0.756s] -- Up-to-date: /home/ken/tello_ros_ws/install/tello_msg/include/tello_msg/tello_msg/msg/detail/dds_fastrtps
[0.756s] -- Up-to-date: /home/ken/tello_ros_ws/install/tello_msg/include/tello_msg/tello_msg/msg/detail/tello_id__rosidl_typesupport_fastrtps_cpp.hpp
[0.756s] -- Up-to-date: /home/ken/tello_ros_ws/install/tello_msg/include/tello_msg/tello_msg/msg/rosidl_typesupport_fastrtps_cpp__visibility_control.h
[0.756s] -- Up-to-date: /home/ken/tello_ros_ws/install/tello_msg/lib/libtello_msg__rosidl_typesupport_fastrtps_cpp.so
[0.756s] -- Up-to-date: /home/ken/tello_ros_ws/install/tello_msg/include/tello_msg/tello_msg
[0.756s] -- Up-to-date: /home/ken/tello_ros_ws/install/tello_msg/include/tello_msg/tello_msg/msg
[0.756s] -- Up-to-date: /home/ken/tello_ros_ws/install/tello_msg/include/tello_msg/tello_msg/msg/detail
[0.757s] -- Up-to-date: /home/ken/tello_ros_ws/install/tello_msg/include/tello_msg/tello_msg/msg/detail/tello_id__type_support.cpp
[0.757s] -- Up-to-date: /home/ken/tello_ros_ws/install/tello_msg/include/tello_msg/tello_msg/msg/detail/tello_wifi_config__type_support.cpp
[0.757s] -- Up-to-date: /home/ken/tello_ros_ws/install/tello_msg/include/tello_msg/tello_msg/msg/detail/tello_wifi_config__rosidl_typesupport_introspection_cpp.hpp
[0.757s] -- Up-to-date: /home/ken/tello_ros_ws/install/tello_msg/include/tello_msg/tello_msg/msg/detail/tello_id__rosidl_typesupport_introspection_cpp.hpp
[0.757s] -- Up-to-date: /home/ken/tello_ros_ws/install/tello_msg/include/tello_msg/tello_msg/msg/detail/tello_status__rosidl_typesupport_introspection_cpp.hpp
[0.757s] -- Up-to-date: /home/ken/tello_ros_ws/install/tello_msg/include/tello_msg/tello_msg/msg/detail/tello_status__type_support.cpp
[0.757s] -- Up-to-date: /home/ken/tello_ros_ws/install/tello_msg/lib/libtello_msg__rosidl_typesupport_introspection_cpp.so
[0.757s] -- Up-to-date: /home/ken/tello_ros_ws/install/tello_msg/lib/libtello_msg__rosidl_typesupport_cpp.so
[0.757s] -- Up-to-date: /home/ken/tello_ros_ws/install/tello_msg/share/tello_msg/environment/pythonpath.sh
[0.758s] -- Up-to-date: /home/ken/tello_ros_ws/install/tello_msg/share/tello_msg/environment/pythonpath.dsv
[0.758s] -- Up-to-date: /home/ken/tello_ros_ws/install/tello_msg/local/lib/python3.10/dist-packages/tello_msg-0.0.1-py3.10.egg-info
[0.758s] -- Installing: /home/ken/tello_ros_ws/install/tello_msg/local/lib/python3.10/dist-packages/tello_msg-0.0.1-py3.10.egg-info/PKG-INFO
[0.758s] -- Installing: /home/ken/tello_ros_ws/install/tello_msg/local/lib/python3.10/dist-packages/tello_msg-0.0.1-py3.10.egg-info/SOURCES.txt
[0.758s] -- Installing: /home/ken/tello_ros_ws/install/tello_msg/local/lib/python3.10/dist-packages/tello_msg-0.0.1-py3.10.egg-info/dependency_links.txt
[0.758s] -- Installing: /home/ken/tello_ros_ws/install/tello_msg/local/lib/python3.10/dist-packages/tello_msg-0.0.1-py3.10.egg-info/top_level.txt
[0.758s] -- Up-to-date: /home/ken/tello_ros_ws/install/tello_msg/local/lib/python3.10/dist-packages/tello_msg
[0.758s] -- Up-to-date: /home/ken/tello_ros_ws/install/tello_msg/local/lib/python3.10/dist-packages/tello_msg/_tello_msg_s.ep.rosidl_typesupport_c.c
[0.759s] -- Up-to-date: /home/ken/tello_ros_ws/install/tello_msg/local/lib/python3.10/dist-packages/tello_msg/msg
[0.759s] -- Up-to-date: /home/ken/tello_ros_ws/install/tello_msg/local/lib/python3.10/dist-packages/tello_msg/msg/_tello_id.py
[0.759s] -- Up-to-date: /home/ken/tello_ros_ws/install/tello_msg/local/lib/python3.10/dist-packages/tello_msg/msg/_tello_id_s.c
[0.759s] -- Up-to-date: /home/ken/tello_ros_ws/install/tello_msg/local/lib/python3.10/dist-packages/tello_msg/msg/_tello_wifi_config_s.c
[0.759s] -- Up-to-date: /home/ken/tello_ros_ws/install/tello_msg/local/lib/python3.10/dist-packages/tello_msg/msg/_tello_status.py
[0.759s] -- Up-to-date: /home/ken/tello_ros_ws/install/tello_msg/local/lib/python3.10/dist-packages/tello_msg/msg/__init__.py
[0.759s] -- Up-to-date: /home/ken/tello_ros_ws/install/tello_msg/local/lib/python3.10/dist-packages/tello_msg/msg/_tello_wifi_config.py
[0.759s] -- Up-to-date: /home/ken/tello_ros_ws/install/tello_msg/local/lib/python3.10/dist-packages/tello_msg/msg/_tello_status_s.c
[0.759s] -- Up-to-date: /home/ken/tello_ros_ws/install/tello_msg/local/lib/python3.10/dist-packages/tello_msg/_tello_msg_s.ep.rosidl_typesupport_fastrtps_c.c
[0.760s] -- Up-to-date: /home/ken/tello_ros_ws/install/tello_msg/local/lib/python3.10/dist-packages/tello_msg/_tello_msg_s.ep.rosidl_typesupport_introspection_c.c
[0.760s] -- Up-to-date: /home/ken/tello_ros_ws/install/tello_msg/local/lib/python3.10/dist-packages/tello_msg/tello_msg_s__rosidl_typesupport_introspection_c.cpython-310-x86_64-linux-gnu.so
[0.760s] -- Up-to-date: /home/ken/tello_ros_ws/install/tello_msg/local/lib/python3.10/dist-packages/tello_msg/libtello_msg__rosidl_generator_py.so
[0.760s] -- Up-to-date: /home/ken/tello_ros_ws/install/tello_msg/local/lib/python3.10/dist-packages/tello_msg/__init__.py
[0.760s] -- Up-to-date: /home/ken/tello_ros_ws/install/tello_msg/local/lib/python3.10/dist-packages/tello_msg/tello_msg_s__rosidl_typesupport_c.cpython-310-x86_64-linux-gnu.so
[0.760s] -- Up-to-date: /home/ken/tello_ros_ws/install/tello_msg/local/lib/python3.10/dist-packages/tello_msg/tello_msg_s__rosidl_typesupport_fastrtps_c.cpython-310-x86_64-linux-gnu.so
[0.792s] Listing '/home/ken/tello_ros_ws/install/tello_msg/local/lib/python3.10/dist-packages/tello_msg'...
[0.792s] Listing '/home/ken/tello_ros_ws/install/tello_msg/local/lib/python3.10/dist-packages/tello_msg/msg'...
[0.798s] -- Up-to-date: /home/ken/tello_ros_ws/install/tello_msg/local/lib/python3.10/dist-packages/tello_msg/tello_msg_s__rosidl_typesupport_fastrtps_c.cpython-310-x86_64-linux-gnu.so
[0.798s] -- Up-to-date: /home/ken/tello_ros_ws/install/tello_msg/local/lib/python3.10/dist-packages/tello_msg/tello_msg_s__rosidl_typesupport_introspection_c.cpython-310-x86_64-linux-gnu.so
[0.799s] -- Up-to-date: /home/ken/tello_ros_ws/install/tello_msg/local/lib/python3.10/dist-packages/tello_msg/tello_msg_s__rosidl_typesupport_c.cpython-310-x86_64-linux-gnu.so
[0.799s] -- Up-to-date: /home/ken/tello_ros_ws/install/tello_msg/lib/libtello_msg__rosidl_generator_py.so
[0.800s] -- Up-to-date: /home/ken/tello_ros_ws/install/tello_msg/share/tello_msg/msg/TelloStatus.idl
[0.800s] -- Up-to-date: /home/ken/tello_ros_ws/install/tello_msg/share/tello_msg/msg/TelloID.idl
[0.800s] -- Up-to-date: /home/ken/tello_ros_ws/install/tello_msg/share/tello_msg/msg/TelloWifiConfig.idl
[0.800s] -- Up-to-date: /home/ken/tello_ros_ws/install/tello_msg/share/tello_msg/msg/TelloStatus.msg
[0.801s] -- Up-to-date: /home/ken/tello_ros_ws/install/tello_msg/share/tello_msg/msg/TelloID.msg
[0.801s] -- Up-to-date: /home/ken/tello_ros_ws/install/tello_msg/share/tello_msg/msg/TelloWifiConfig.msg
[0.801s] -- Up-to-date: /home/ken/tello_ros_ws/install/tello_msg/share/ament_index/resource_index/package_run_dependencies/tello_msg
[0.801s] -- Up-to-date: /home/ken/tello_ros_ws/install/tello_msg/share/ament_index/resource_index/parent_prefix_path/tello_msg
[0.801s] -- Up-to-date: /home/ken/tello_ros_ws/install/tello_msg/share/tello_msg/environment/ament_prefix_path.sh
[0.801s] -- Up-to-date: /home/ken/tello_ros_ws/install/tello_msg/share/tello_msg/environment/ament_prefix_path.dsv
[0.802s] -- Up-to-date: /home/ken/tello_ros_ws/install/tello_msg/share/tello_msg/environment/path.sh
[0.802s] -- Up-to-date: /home/ken/tello_ros_ws/install/tello_msg/share/tello_msg/environment/path.dsv
[0.802s] -- Up-to-date: /home/ken/tello_ros_ws/install/tello_msg/share/tello_msg/local_setup.bash
[0.802s] -- Up-to-date: /home/ken/tello_ros_ws/install/tello_msg/share/tello_msg/local_setup.sh
[0.802s] -- Up-to-date: /home/ken/tello_ros_ws/install/tello_msg/share/tello_msg/local_setup.zsh
[0.802s] -- Up-to-date: /home/ken/tello_ros_ws/install/tello_msg/share/tello_msg/local_setup.dsv
[0.802s] -- Installing: /home/ken/tello_ros_ws/install/tello_msg/share/tello_msg/package.dsv
[0.802s] -- Up-to-date: /home/ken/tello_ros_ws/install/tello_msg/share/ament_index/resource_index/packages/tello_msg
[0.803s] -- Up-to-date: /home/ken/tello_ros_ws/install/tello_msg/share/tello_msg/cmake/export_tello_msg__rosidl_generator_cExport.cmake
[0.803s] -- Up-to-date: /home/ken/tello_ros_ws/install/tello_msg/share/tello_msg/cmake/export_tello_msg__rosidl_generator_cExport-noconfig.cmake
[0.803s] -- Up-to-date: /home/ken/tello_ros_ws/install/tello_msg/share/tello_msg/cmake/export_tello_msg__rosidl_typesupport_fastrtps_cExport.cmake
[0.803s] -- Up-to-date: /home/ken/tello_ros_ws/install/tello_msg/share/tello_msg/cmake/export_tello_msg__rosidl_typesupport_fastrtps_cExport-noconfig.cmake
[0.803s] -- Up-to-date: /home/ken/tello_ros_ws/install/tello_msg/share/tello_msg/cmake/tello_msg__rosidl_typesupport_introspection_cExport.cmake
[0.803s] -- Up-to-date: /home/ken/tello_ros_ws/install/tello_msg/share/tello_msg/cmake/tello_msg__rosidl_typesupport_introspection_cExport-noconfig.cmake
[0.804s] -- Up-to-date: /home/ken/tello_ros_ws/install/tello_msg/share/tello_msg/cmake/tello_msg__rosidl_typesupport_cExport.cmake
[0.804s] -- Up-to-date: /home/ken/tello_ros_ws/install/tello_msg/share/tello_msg/cmake/tello_msg__rosidl_typesupport_cExport-noconfig.cmake
[0.804s] -- Up-to-date: /home/ken/tello_ros_ws/install/tello_msg/share/tello_msg/cmake/export_tello_msg__rosidl_generator_cppExport.cmake
[0.804s] -- Up-to-date: /home/ken/tello_ros_ws/install/tello_msg/share/tello_msg/cmake/export_tello_msg__rosidl_typesupport_fastrtps_cppExport.cmake
[0.804s] -- Up-to-date: /home/ken/tello_ros_ws/install/tello_msg/share/tello_msg/cmake/export_tello_msg__rosidl_typesupport_fastrtps_cppExport-noconfig.cmake
[0.804s] -- Up-to-date: /home/ken/tello_ros_ws/install/tello_msg/share/tello_msg/cmake/tello_msg__rosidl_typesupport_introspection_cppExport.cmake
[0.804s] -- Up-to-date: /home/ken/tello_ros_ws/install/tello_msg/share/tello_msg/cmake/tello_msg__rosidl_typesupport_introspection_cppExport-noconfig.cmake
[0.805s] -- Up-to-date: /home/ken/tello_ros_ws/install/tello_msg/share/tello_msg/cmake/tello_msg__rosidl_typesupport_cppExport.cmake
[0.805s] -- Up-to-date: /home/ken/tello_ros_ws/install/tello_msg/share/tello_msg/cmake/tello_msg__rosidl_typesupport_cppExport-noconfig.cmake
[0.805s] -- Up-to-date: /home/ken/tello_ros_ws/install/tello_msg/share/tello_msg/cmake/export_tello_msg__rosidl_generator_pyExport.cmake
[0.805s] -- Up-to-date: /home/ken/tello_ros_ws/install/tello_msg/share/tello_msg/cmake/export_tello_msg__rosidl_generator_pyExport-noconfig.cmake
[0.805s] -- Up-to-date: /home/ken/tello_ros_ws/install/tello_msg/share/tello_msg/cmake/rosidl_cmake-extras.cmake
[0.805s] -- Up-to-date: /home/ken/tello_ros_ws/install/tello_msg/share/tello_msg/cmake/ament_cmake_export_dependencies-extras.cmake
[0.805s] -- Up-to-date: /home/ken/tello_ros_ws/install/tello_msg/share/tello_msg/cmake/ament_cmake_export_include_directories-extras.cmake
[0.805s] -- Up-to-date: /home/ken/tello_ros_ws/install/tello_msg/share/tello_msg/cmake/ament_cmake_export_libraries-extras.cmake
[0.805s] -- Up-to-date: /home/ken/tello_ros_ws/install/tello_msg/share/tello_msg/cmake/ament_cmake_export_targets-extras.cmake
[0.806s] -- Up-to-date: /home/ken/tello_ros_ws/install/tello_msg/share/tello_msg/cmake/rosidl_cmake_export_typesupport_targets-extras.cmake
[0.806s] -- Up-to-date: /home/ken/tello_ros_ws/install/tello_msg/share/tello_msg/cmake/rosidl_cmake_export_typesupport_libraries-extras.cmake
[0.806s] -- Up-to-date: /home/ken/tello_ros_ws/install/tello_msg/share/tello_msg/cmake/tello_msgConfig.cmake
[0.806s] -- Up-to-date: /home/ken/tello_ros_ws/install/tello_msg/share/tello_msg/cmake/tello_msgConfig-version.cmake
[0.806s] -- Up-to-date: /home/ken/tello_ros_ws/install/tello_msg/share/tello_msg/package.xml
[0.808s] Invoked command in '/home/ken/tello_ros_ws/build/tello_msg' returned '0': CMAKE_PREFIX_PATH=/opt/ros/humble /usr/bin/cmake --install /home/ken/tello_ros_ws/build/tello_msg
